
AVRASM ver. 2.1.30  C:\Users\Hasan\Desktop\project\uni\992\rizpadaznde_lab\project_8_char\code_vision\Debug\List\project_8.asm Wed Apr 14 15:01:20 2021

C:\Users\Hasan\Desktop\project\uni\992\rizpadaznde_lab\project_8_char\code_vision\Debug\List\project_8.asm(1088): warning: Register r5 already defined by the .DEF directive
C:\Users\Hasan\Desktop\project\uni\992\rizpadaznde_lab\project_8_char\code_vision\Debug\List\project_8.asm(1089): warning: Register r4 already defined by the .DEF directive
C:\Users\Hasan\Desktop\project\uni\992\rizpadaznde_lab\project_8_char\code_vision\Debug\List\project_8.asm(1090): warning: Register r7 already defined by the .DEF directive
                 
                 
                 ;CodeVisionAVR C Compiler V3.12 Advanced
                 ;(C) Copyright 1998-2014 Pavel Haiduc, HP InfoTech s.r.l.
                 ;http://www.hpinfotech.com
                 
                 ;Build configuration    : Debug
                 ;Chip type              : ATmega16
                 ;Program type           : Application
                 ;Clock frequency        : 8.000000 MHz
                 ;Memory model           : Small
                 ;Optimize for           : Size
                 ;(s)printf features     : int, width
                 ;(s)scanf features      : int, width
                 ;External RAM size      : 0
                 ;Data Stack size        : 256 byte(s)
                 ;Heap size              : 0 byte(s)
                 ;Promote 'char' to 'int': Yes
                 ;'char' is unsigned     : Yes
                 ;8 bit enums            : Yes
                 ;Global 'const' stored in FLASH: Yes
                 ;Enhanced function parameter passing: Yes
                 ;Enhanced core instructions: On
                 ;Automatic register allocation for global variables: On
                 ;Smart register allocation: On
                 
                 	#define _MODEL_SMALL_
                 
                 	#pragma AVRPART ADMIN PART_NAME ATmega16
                 	#pragma AVRPART MEMORY PROG_FLASH 16384
                 	#pragma AVRPART MEMORY EEPROM 512
                 	#pragma AVRPART MEMORY INT_SRAM SIZE 1024
                 	#pragma AVRPART MEMORY INT_SRAM START_ADDR 0x60
                 
                 	#define CALL_SUPPORTED 1
                 
                 	.LISTMAC
                 	.EQU UDRE=0x5
                 	.EQU RXC=0x7
                 	.EQU USR=0xB
                 	.EQU UDR=0xC
                 	.EQU SPSR=0xE
                 	.EQU SPDR=0xF
                 	.EQU EERE=0x0
                 	.EQU EEWE=0x1
                 	.EQU EEMWE=0x2
                 	.EQU EECR=0x1C
                 	.EQU EEDR=0x1D
                 	.EQU EEARL=0x1E
                 	.EQU EEARH=0x1F
                 	.EQU WDTCR=0x21
                 	.EQU MCUCR=0x35
                 	.EQU GICR=0x3B
                 	.EQU SPL=0x3D
                 	.EQU SPH=0x3E
                 	.EQU SREG=0x3F
                 
                 	.DEF R0X0=R0
                 	.DEF R0X1=R1
                 	.DEF R0X2=R2
                 	.DEF R0X3=R3
                 	.DEF R0X4=R4
                 	.DEF R0X5=R5
                 	.DEF R0X6=R6
                 	.DEF R0X7=R7
                 	.DEF R0X8=R8
                 	.DEF R0X9=R9
                 	.DEF R0XA=R10
                 	.DEF R0XB=R11
                 	.DEF R0XC=R12
                 	.DEF R0XD=R13
                 	.DEF R0XE=R14
                 	.DEF R0XF=R15
                 	.DEF R0X10=R16
                 	.DEF R0X11=R17
                 	.DEF R0X12=R18
                 	.DEF R0X13=R19
                 	.DEF R0X14=R20
                 	.DEF R0X15=R21
                 	.DEF R0X16=R22
                 	.DEF R0X17=R23
                 	.DEF R0X18=R24
                 	.DEF R0X19=R25
                 	.DEF R0X1A=R26
                 	.DEF R0X1B=R27
                 	.DEF R0X1C=R28
                 	.DEF R0X1D=R29
                 	.DEF R0X1E=R30
                 	.DEF R0X1F=R31
                 
                 	.EQU __SRAM_START=0x0060
                 	.EQU __SRAM_END=0x045F
                 	.EQU __DSTACK_SIZE=0x0100
                 	.EQU __HEAP_SIZE=0x0000
                 	.EQU __CLEAR_SRAM_SIZE=__SRAM_END-__SRAM_START+1
                 
                 	.MACRO __CPD1N
                 	CPI  R30,LOW(@0)
                 	LDI  R26,HIGH(@0)
                 	CPC  R31,R26
                 	LDI  R26,BYTE3(@0)
                 	CPC  R22,R26
                 	LDI  R26,BYTE4(@0)
                 	CPC  R23,R26
                 	.ENDM
                 
                 	.MACRO __CPD2N
                 	CPI  R26,LOW(@0)
                 	LDI  R30,HIGH(@0)
                 	CPC  R27,R30
                 	LDI  R30,BYTE3(@0)
                 	CPC  R24,R30
                 	LDI  R30,BYTE4(@0)
                 	CPC  R25,R30
                 	.ENDM
                 
                 	.MACRO __CPWRR
                 	CP   R@0,R@2
                 	CPC  R@1,R@3
                 	.ENDM
                 
                 	.MACRO __CPWRN
                 	CPI  R@0,LOW(@2)
                 	LDI  R30,HIGH(@2)
                 	CPC  R@1,R30
                 	.ENDM
                 
                 	.MACRO __ADDB1MN
                 	SUBI R30,LOW(-@0-(@1))
                 	.ENDM
                 
                 	.MACRO __ADDB2MN
                 	SUBI R26,LOW(-@0-(@1))
                 	.ENDM
                 
                 	.MACRO __ADDW1MN
                 	SUBI R30,LOW(-@0-(@1))
                 	SBCI R31,HIGH(-@0-(@1))
                 	.ENDM
                 
                 	.MACRO __ADDW2MN
                 	SUBI R26,LOW(-@0-(@1))
                 	SBCI R27,HIGH(-@0-(@1))
                 	.ENDM
                 
                 	.MACRO __ADDW1FN
                 	SUBI R30,LOW(-2*@0-(@1))
                 	SBCI R31,HIGH(-2*@0-(@1))
                 	.ENDM
                 
                 	.MACRO __ADDD1FN
                 	SUBI R30,LOW(-2*@0-(@1))
                 	SBCI R31,HIGH(-2*@0-(@1))
                 	SBCI R22,BYTE3(-2*@0-(@1))
                 	.ENDM
                 
                 	.MACRO __ADDD1N
                 	SUBI R30,LOW(-@0)
                 	SBCI R31,HIGH(-@0)
                 	SBCI R22,BYTE3(-@0)
                 	SBCI R23,BYTE4(-@0)
                 	.ENDM
                 
                 	.MACRO __ADDD2N
                 	SUBI R26,LOW(-@0)
                 	SBCI R27,HIGH(-@0)
                 	SBCI R24,BYTE3(-@0)
                 	SBCI R25,BYTE4(-@0)
                 	.ENDM
                 
                 	.MACRO __SUBD1N
                 	SUBI R30,LOW(@0)
                 	SBCI R31,HIGH(@0)
                 	SBCI R22,BYTE3(@0)
                 	SBCI R23,BYTE4(@0)
                 	.ENDM
                 
                 	.MACRO __SUBD2N
                 	SUBI R26,LOW(@0)
                 	SBCI R27,HIGH(@0)
                 	SBCI R24,BYTE3(@0)
                 	SBCI R25,BYTE4(@0)
                 	.ENDM
                 
                 	.MACRO __ANDBMNN
                 	LDS  R30,@0+(@1)
                 	ANDI R30,LOW(@2)
                 	STS  @0+(@1),R30
                 	.ENDM
                 
                 	.MACRO __ANDWMNN
                 	LDS  R30,@0+(@1)
                 	ANDI R30,LOW(@2)
                 	STS  @0+(@1),R30
                 	LDS  R30,@0+(@1)+1
                 	ANDI R30,HIGH(@2)
                 	STS  @0+(@1)+1,R30
                 	.ENDM
                 
                 	.MACRO __ANDD1N
                 	ANDI R30,LOW(@0)
                 	ANDI R31,HIGH(@0)
                 	ANDI R22,BYTE3(@0)
                 	ANDI R23,BYTE4(@0)
                 	.ENDM
                 
                 	.MACRO __ANDD2N
                 	ANDI R26,LOW(@0)
                 	ANDI R27,HIGH(@0)
                 	ANDI R24,BYTE3(@0)
                 	ANDI R25,BYTE4(@0)
                 	.ENDM
                 
                 	.MACRO __ORBMNN
                 	LDS  R30,@0+(@1)
                 	ORI  R30,LOW(@2)
                 	STS  @0+(@1),R30
                 	.ENDM
                 
                 	.MACRO __ORWMNN
                 	LDS  R30,@0+(@1)
                 	ORI  R30,LOW(@2)
                 	STS  @0+(@1),R30
                 	LDS  R30,@0+(@1)+1
                 	ORI  R30,HIGH(@2)
                 	STS  @0+(@1)+1,R30
                 	.ENDM
                 
                 	.MACRO __ORD1N
                 	ORI  R30,LOW(@0)
                 	ORI  R31,HIGH(@0)
                 	ORI  R22,BYTE3(@0)
                 	ORI  R23,BYTE4(@0)
                 	.ENDM
                 
                 	.MACRO __ORD2N
                 	ORI  R26,LOW(@0)
                 	ORI  R27,HIGH(@0)
                 	ORI  R24,BYTE3(@0)
                 	ORI  R25,BYTE4(@0)
                 	.ENDM
                 
                 	.MACRO __DELAY_USB
                 	LDI  R24,LOW(@0)
                 __DELAY_USB_LOOP:
                 	DEC  R24
                 	BRNE __DELAY_USB_LOOP
                 	.ENDM
                 
                 	.MACRO __DELAY_USW
                 	LDI  R24,LOW(@0)
                 	LDI  R25,HIGH(@0)
                 __DELAY_USW_LOOP:
                 	SBIW R24,1
                 	BRNE __DELAY_USW_LOOP
                 	.ENDM
                 
                 	.MACRO __GETD1S
                 	LDD  R30,Y+@0
                 	LDD  R31,Y+@0+1
                 	LDD  R22,Y+@0+2
                 	LDD  R23,Y+@0+3
                 	.ENDM
                 
                 	.MACRO __GETD2S
                 	LDD  R26,Y+@0
                 	LDD  R27,Y+@0+1
                 	LDD  R24,Y+@0+2
                 	LDD  R25,Y+@0+3
                 	.ENDM
                 
                 	.MACRO __PUTD1S
                 	STD  Y+@0,R30
                 	STD  Y+@0+1,R31
                 	STD  Y+@0+2,R22
                 	STD  Y+@0+3,R23
                 	.ENDM
                 
                 	.MACRO __PUTD2S
                 	STD  Y+@0,R26
                 	STD  Y+@0+1,R27
                 	STD  Y+@0+2,R24
                 	STD  Y+@0+3,R25
                 	.ENDM
                 
                 	.MACRO __PUTDZ2
                 	STD  Z+@0,R26
                 	STD  Z+@0+1,R27
                 	STD  Z+@0+2,R24
                 	STD  Z+@0+3,R25
                 	.ENDM
                 
                 	.MACRO __CLRD1S
                 	STD  Y+@0,R30
                 	STD  Y+@0+1,R30
                 	STD  Y+@0+2,R30
                 	STD  Y+@0+3,R30
                 	.ENDM
                 
                 	.MACRO __POINTB1MN
                 	LDI  R30,LOW(@0+(@1))
                 	.ENDM
                 
                 	.MACRO __POINTW1MN
                 	LDI  R30,LOW(@0+(@1))
                 	LDI  R31,HIGH(@0+(@1))
                 	.ENDM
                 
                 	.MACRO __POINTD1M
                 	LDI  R30,LOW(@0)
                 	LDI  R31,HIGH(@0)
                 	LDI  R22,BYTE3(@0)
                 	LDI  R23,BYTE4(@0)
                 	.ENDM
                 
                 	.MACRO __POINTW1FN
                 	LDI  R30,LOW(2*@0+(@1))
                 	LDI  R31,HIGH(2*@0+(@1))
                 	.ENDM
                 
                 	.MACRO __POINTD1FN
                 	LDI  R30,LOW(2*@0+(@1))
                 	LDI  R31,HIGH(2*@0+(@1))
                 	LDI  R22,BYTE3(2*@0+(@1))
                 	LDI  R23,BYTE4(2*@0+(@1))
                 	.ENDM
                 
                 	.MACRO __POINTB2MN
                 	LDI  R26,LOW(@0+(@1))
                 	.ENDM
                 
                 	.MACRO __POINTW2MN
                 	LDI  R26,LOW(@0+(@1))
                 	LDI  R27,HIGH(@0+(@1))
                 	.ENDM
                 
                 	.MACRO __POINTW2FN
                 	LDI  R26,LOW(2*@0+(@1))
                 	LDI  R27,HIGH(2*@0+(@1))
                 	.ENDM
                 
                 	.MACRO __POINTD2FN
                 	LDI  R26,LOW(2*@0+(@1))
                 	LDI  R27,HIGH(2*@0+(@1))
                 	LDI  R24,BYTE3(2*@0+(@1))
                 	LDI  R25,BYTE4(2*@0+(@1))
                 	.ENDM
                 
                 	.MACRO __POINTBRM
                 	LDI  R@0,LOW(@1)
                 	.ENDM
                 
                 	.MACRO __POINTWRM
                 	LDI  R@0,LOW(@2)
                 	LDI  R@1,HIGH(@2)
                 	.ENDM
                 
                 	.MACRO __POINTBRMN
                 	LDI  R@0,LOW(@1+(@2))
                 	.ENDM
                 
                 	.MACRO __POINTWRMN
                 	LDI  R@0,LOW(@2+(@3))
                 	LDI  R@1,HIGH(@2+(@3))
                 	.ENDM
                 
                 	.MACRO __POINTWRFN
                 	LDI  R@0,LOW(@2*2+(@3))
                 	LDI  R@1,HIGH(@2*2+(@3))
                 	.ENDM
                 
                 	.MACRO __GETD1N
                 	LDI  R30,LOW(@0)
                 	LDI  R31,HIGH(@0)
                 	LDI  R22,BYTE3(@0)
                 	LDI  R23,BYTE4(@0)
                 	.ENDM
                 
                 	.MACRO __GETD2N
                 	LDI  R26,LOW(@0)
                 	LDI  R27,HIGH(@0)
                 	LDI  R24,BYTE3(@0)
                 	LDI  R25,BYTE4(@0)
                 	.ENDM
                 
                 	.MACRO __GETB1MN
                 	LDS  R30,@0+(@1)
                 	.ENDM
                 
                 	.MACRO __GETB1HMN
                 	LDS  R31,@0+(@1)
                 	.ENDM
                 
                 	.MACRO __GETW1MN
                 	LDS  R30,@0+(@1)
                 	LDS  R31,@0+(@1)+1
                 	.ENDM
                 
                 	.MACRO __GETD1MN
                 	LDS  R30,@0+(@1)
                 	LDS  R31,@0+(@1)+1
                 	LDS  R22,@0+(@1)+2
                 	LDS  R23,@0+(@1)+3
                 	.ENDM
                 
                 	.MACRO __GETBRMN
                 	LDS  R@0,@1+(@2)
                 	.ENDM
                 
                 	.MACRO __GETWRMN
                 	LDS  R@0,@2+(@3)
                 	LDS  R@1,@2+(@3)+1
                 	.ENDM
                 
                 	.MACRO __GETWRZ
                 	LDD  R@0,Z+@2
                 	LDD  R@1,Z+@2+1
                 	.ENDM
                 
                 	.MACRO __GETD2Z
                 	LDD  R26,Z+@0
                 	LDD  R27,Z+@0+1
                 	LDD  R24,Z+@0+2
                 	LDD  R25,Z+@0+3
                 	.ENDM
                 
                 	.MACRO __GETB2MN
                 	LDS  R26,@0+(@1)
                 	.ENDM
                 
                 	.MACRO __GETW2MN
                 	LDS  R26,@0+(@1)
                 	LDS  R27,@0+(@1)+1
                 	.ENDM
                 
                 	.MACRO __GETD2MN
                 	LDS  R26,@0+(@1)
                 	LDS  R27,@0+(@1)+1
                 	LDS  R24,@0+(@1)+2
                 	LDS  R25,@0+(@1)+3
                 	.ENDM
                 
                 	.MACRO __PUTB1MN
                 	STS  @0+(@1),R30
                 	.ENDM
                 
                 	.MACRO __PUTW1MN
                 	STS  @0+(@1),R30
                 	STS  @0+(@1)+1,R31
                 	.ENDM
                 
                 	.MACRO __PUTD1MN
                 	STS  @0+(@1),R30
                 	STS  @0+(@1)+1,R31
                 	STS  @0+(@1)+2,R22
                 	STS  @0+(@1)+3,R23
                 	.ENDM
                 
                 	.MACRO __PUTB1EN
                 	LDI  R26,LOW(@0+(@1))
                 	LDI  R27,HIGH(@0+(@1))
                 	CALL __EEPROMWRB
                 	.ENDM
                 
                 	.MACRO __PUTW1EN
                 	LDI  R26,LOW(@0+(@1))
                 	LDI  R27,HIGH(@0+(@1))
                 	CALL __EEPROMWRW
                 	.ENDM
                 
                 	.MACRO __PUTD1EN
                 	LDI  R26,LOW(@0+(@1))
                 	LDI  R27,HIGH(@0+(@1))
                 	CALL __EEPROMWRD
                 	.ENDM
                 
                 	.MACRO __PUTBR0MN
                 	STS  @0+(@1),R0
                 	.ENDM
                 
                 	.MACRO __PUTBMRN
                 	STS  @0+(@1),R@2
                 	.ENDM
                 
                 	.MACRO __PUTWMRN
                 	STS  @0+(@1),R@2
                 	STS  @0+(@1)+1,R@3
                 	.ENDM
                 
                 	.MACRO __PUTBZR
                 	STD  Z+@1,R@0
                 	.ENDM
                 
                 	.MACRO __PUTWZR
                 	STD  Z+@2,R@0
                 	STD  Z+@2+1,R@1
                 	.ENDM
                 
                 	.MACRO __GETW1R
                 	MOV  R30,R@0
                 	MOV  R31,R@1
                 	.ENDM
                 
                 	.MACRO __GETW2R
                 	MOV  R26,R@0
                 	MOV  R27,R@1
                 	.ENDM
                 
                 	.MACRO __GETWRN
                 	LDI  R@0,LOW(@2)
                 	LDI  R@1,HIGH(@2)
                 	.ENDM
                 
                 	.MACRO __PUTW1R
                 	MOV  R@0,R30
                 	MOV  R@1,R31
                 	.ENDM
                 
                 	.MACRO __PUTW2R
                 	MOV  R@0,R26
                 	MOV  R@1,R27
                 	.ENDM
                 
                 	.MACRO __ADDWRN
                 	SUBI R@0,LOW(-@2)
                 	SBCI R@1,HIGH(-@2)
                 	.ENDM
                 
                 	.MACRO __ADDWRR
                 	ADD  R@0,R@2
                 	ADC  R@1,R@3
                 	.ENDM
                 
                 	.MACRO __SUBWRN
                 	SUBI R@0,LOW(@2)
                 	SBCI R@1,HIGH(@2)
                 	.ENDM
                 
                 	.MACRO __SUBWRR
                 	SUB  R@0,R@2
                 	SBC  R@1,R@3
                 	.ENDM
                 
                 	.MACRO __ANDWRN
                 	ANDI R@0,LOW(@2)
                 	ANDI R@1,HIGH(@2)
                 	.ENDM
                 
                 	.MACRO __ANDWRR
                 	AND  R@0,R@2
                 	AND  R@1,R@3
                 	.ENDM
                 
                 	.MACRO __ORWRN
                 	ORI  R@0,LOW(@2)
                 	ORI  R@1,HIGH(@2)
                 	.ENDM
                 
                 	.MACRO __ORWRR
                 	OR   R@0,R@2
                 	OR   R@1,R@3
                 	.ENDM
                 
                 	.MACRO __EORWRR
                 	EOR  R@0,R@2
                 	EOR  R@1,R@3
                 	.ENDM
                 
                 	.MACRO __GETWRS
                 	LDD  R@0,Y+@2
                 	LDD  R@1,Y+@2+1
                 	.ENDM
                 
                 	.MACRO __PUTBSR
                 	STD  Y+@1,R@0
                 	.ENDM
                 
                 	.MACRO __PUTWSR
                 	STD  Y+@2,R@0
                 	STD  Y+@2+1,R@1
                 	.ENDM
                 
                 	.MACRO __MOVEWRR
                 	MOV  R@0,R@2
                 	MOV  R@1,R@3
                 	.ENDM
                 
                 	.MACRO __INWR
                 	IN   R@0,@2
                 	IN   R@1,@2+1
                 	.ENDM
                 
                 	.MACRO __OUTWR
                 	OUT  @2+1,R@1
                 	OUT  @2,R@0
                 	.ENDM
                 
                 	.MACRO __CALL1MN
                 	LDS  R30,@0+(@1)
                 	LDS  R31,@0+(@1)+1
                 	ICALL
                 	.ENDM
                 
                 	.MACRO __CALL1FN
                 	LDI  R30,LOW(2*@0+(@1))
                 	LDI  R31,HIGH(2*@0+(@1))
                 	CALL __GETW1PF
                 	ICALL
                 	.ENDM
                 
                 	.MACRO __CALL2EN
                 	PUSH R26
                 	PUSH R27
                 	LDI  R26,LOW(@0+(@1))
                 	LDI  R27,HIGH(@0+(@1))
                 	CALL __EEPROMRDW
                 	POP  R27
                 	POP  R26
                 	ICALL
                 	.ENDM
                 
                 	.MACRO __CALL2EX
                 	SUBI R26,LOW(-@0)
                 	SBCI R27,HIGH(-@0)
                 	CALL __EEPROMRDD
                 	ICALL
                 	.ENDM
                 
                 	.MACRO __GETW1STACK
                 	IN   R30,SPL
                 	IN   R31,SPH
                 	ADIW R30,@0+1
                 	LD   R0,Z+
                 	LD   R31,Z
                 	MOV  R30,R0
                 	.ENDM
                 
                 	.MACRO __GETD1STACK
                 	IN   R30,SPL
                 	IN   R31,SPH
                 	ADIW R30,@0+1
                 	LD   R0,Z+
                 	LD   R1,Z+
                 	LD   R22,Z
                 	MOVW R30,R0
                 	.ENDM
                 
                 	.MACRO __NBST
                 	BST  R@0,@1
                 	IN   R30,SREG
                 	LDI  R31,0x40
                 	EOR  R30,R31
                 	OUT  SREG,R30
                 	.ENDM
                 
                 
                 	.MACRO __PUTB1SN
                 	LDD  R26,Y+@0
                 	LDD  R27,Y+@0+1
                 	SUBI R26,LOW(-@1)
                 	SBCI R27,HIGH(-@1)
                 	ST   X,R30
                 	.ENDM
                 
                 	.MACRO __PUTW1SN
                 	LDD  R26,Y+@0
                 	LDD  R27,Y+@0+1
                 	SUBI R26,LOW(-@1)
                 	SBCI R27,HIGH(-@1)
                 	ST   X+,R30
                 	ST   X,R31
                 	.ENDM
                 
                 	.MACRO __PUTD1SN
                 	LDD  R26,Y+@0
                 	LDD  R27,Y+@0+1
                 	SUBI R26,LOW(-@1)
                 	SBCI R27,HIGH(-@1)
                 	CALL __PUTDP1
                 	.ENDM
                 
                 	.MACRO __PUTB1SNS
                 	LDD  R26,Y+@0
                 	LDD  R27,Y+@0+1
                 	ADIW R26,@1
                 	ST   X,R30
                 	.ENDM
                 
                 	.MACRO __PUTW1SNS
                 	LDD  R26,Y+@0
                 	LDD  R27,Y+@0+1
                 	ADIW R26,@1
                 	ST   X+,R30
                 	ST   X,R31
                 	.ENDM
                 
                 	.MACRO __PUTD1SNS
                 	LDD  R26,Y+@0
                 	LDD  R27,Y+@0+1
                 	ADIW R26,@1
                 	CALL __PUTDP1
                 	.ENDM
                 
                 	.MACRO __PUTB1PMN
                 	LDS  R26,@0
                 	LDS  R27,@0+1
                 	SUBI R26,LOW(-@1)
                 	SBCI R27,HIGH(-@1)
                 	ST   X,R30
                 	.ENDM
                 
                 	.MACRO __PUTW1PMN
                 	LDS  R26,@0
                 	LDS  R27,@0+1
                 	SUBI R26,LOW(-@1)
                 	SBCI R27,HIGH(-@1)
                 	ST   X+,R30
                 	ST   X,R31
                 	.ENDM
                 
                 	.MACRO __PUTD1PMN
                 	LDS  R26,@0
                 	LDS  R27,@0+1
                 	SUBI R26,LOW(-@1)
                 	SBCI R27,HIGH(-@1)
                 	CALL __PUTDP1
                 	.ENDM
                 
                 	.MACRO __PUTB1PMNS
                 	LDS  R26,@0
                 	LDS  R27,@0+1
                 	ADIW R26,@1
                 	ST   X,R30
                 	.ENDM
                 
                 	.MACRO __PUTW1PMNS
                 	LDS  R26,@0
                 	LDS  R27,@0+1
                 	ADIW R26,@1
                 	ST   X+,R30
                 	ST   X,R31
                 	.ENDM
                 
                 	.MACRO __PUTD1PMNS
                 	LDS  R26,@0
                 	LDS  R27,@0+1
                 	ADIW R26,@1
                 	CALL __PUTDP1
                 	.ENDM
                 
                 	.MACRO __PUTB1RN
                 	MOVW R26,R@0
                 	SUBI R26,LOW(-@1)
                 	SBCI R27,HIGH(-@1)
                 	ST   X,R30
                 	.ENDM
                 
                 	.MACRO __PUTW1RN
                 	MOVW R26,R@0
                 	SUBI R26,LOW(-@1)
                 	SBCI R27,HIGH(-@1)
                 	ST   X+,R30
                 	ST   X,R31
                 	.ENDM
                 
                 	.MACRO __PUTD1RN
                 	MOVW R26,R@0
                 	SUBI R26,LOW(-@1)
                 	SBCI R27,HIGH(-@1)
                 	CALL __PUTDP1
                 	.ENDM
                 
                 	.MACRO __PUTB1RNS
                 	MOVW R26,R@0
                 	ADIW R26,@1
                 	ST   X,R30
                 	.ENDM
                 
                 	.MACRO __PUTW1RNS
                 	MOVW R26,R@0
                 	ADIW R26,@1
                 	ST   X+,R30
                 	ST   X,R31
                 	.ENDM
                 
                 	.MACRO __PUTD1RNS
                 	MOVW R26,R@0
                 	ADIW R26,@1
                 	CALL __PUTDP1
                 	.ENDM
                 
                 	.MACRO __PUTB1RON
                 	MOV  R26,R@0
                 	MOV  R27,R@1
                 	SUBI R26,LOW(-@2)
                 	SBCI R27,HIGH(-@2)
                 	ST   X,R30
                 	.ENDM
                 
                 	.MACRO __PUTW1RON
                 	MOV  R26,R@0
                 	MOV  R27,R@1
                 	SUBI R26,LOW(-@2)
                 	SBCI R27,HIGH(-@2)
                 	ST   X+,R30
                 	ST   X,R31
                 	.ENDM
                 
                 	.MACRO __PUTD1RON
                 	MOV  R26,R@0
                 	MOV  R27,R@1
                 	SUBI R26,LOW(-@2)
                 	SBCI R27,HIGH(-@2)
                 	CALL __PUTDP1
                 	.ENDM
                 
                 	.MACRO __PUTB1RONS
                 	MOV  R26,R@0
                 	MOV  R27,R@1
                 	ADIW R26,@2
                 	ST   X,R30
                 	.ENDM
                 
                 	.MACRO __PUTW1RONS
                 	MOV  R26,R@0
                 	MOV  R27,R@1
                 	ADIW R26,@2
                 	ST   X+,R30
                 	ST   X,R31
                 	.ENDM
                 
                 	.MACRO __PUTD1RONS
                 	MOV  R26,R@0
                 	MOV  R27,R@1
                 	ADIW R26,@2
                 	CALL __PUTDP1
                 	.ENDM
                 
                 
                 	.MACRO __GETB1SX
                 	MOVW R30,R28
                 	SUBI R30,LOW(-@0)
                 	SBCI R31,HIGH(-@0)
                 	LD   R30,Z
                 	.ENDM
                 
                 	.MACRO __GETB1HSX
                 	MOVW R30,R28
                 	SUBI R30,LOW(-@0)
                 	SBCI R31,HIGH(-@0)
                 	LD   R31,Z
                 	.ENDM
                 
                 	.MACRO __GETW1SX
                 	MOVW R30,R28
                 	SUBI R30,LOW(-@0)
                 	SBCI R31,HIGH(-@0)
                 	LD   R0,Z+
                 	LD   R31,Z
                 	MOV  R30,R0
                 	.ENDM
                 
                 	.MACRO __GETD1SX
                 	MOVW R30,R28
                 	SUBI R30,LOW(-@0)
                 	SBCI R31,HIGH(-@0)
                 	LD   R0,Z+
                 	LD   R1,Z+
                 	LD   R22,Z+
                 	LD   R23,Z
                 	MOVW R30,R0
                 	.ENDM
                 
                 	.MACRO __GETB2SX
                 	MOVW R26,R28
                 	SUBI R26,LOW(-@0)
                 	SBCI R27,HIGH(-@0)
                 	LD   R26,X
                 	.ENDM
                 
                 	.MACRO __GETW2SX
                 	MOVW R26,R28
                 	SUBI R26,LOW(-@0)
                 	SBCI R27,HIGH(-@0)
                 	LD   R0,X+
                 	LD   R27,X
                 	MOV  R26,R0
                 	.ENDM
                 
                 	.MACRO __GETD2SX
                 	MOVW R26,R28
                 	SUBI R26,LOW(-@0)
                 	SBCI R27,HIGH(-@0)
                 	LD   R0,X+
                 	LD   R1,X+
                 	LD   R24,X+
                 	LD   R25,X
                 	MOVW R26,R0
                 	.ENDM
                 
                 	.MACRO __GETBRSX
                 	MOVW R30,R28
                 	SUBI R30,LOW(-@1)
                 	SBCI R31,HIGH(-@1)
                 	LD   R@0,Z
                 	.ENDM
                 
                 	.MACRO __GETWRSX
                 	MOVW R30,R28
                 	SUBI R30,LOW(-@2)
                 	SBCI R31,HIGH(-@2)
                 	LD   R@0,Z+
                 	LD   R@1,Z
                 	.ENDM
                 
                 	.MACRO __GETBRSX2
                 	MOVW R26,R28
                 	SUBI R26,LOW(-@1)
                 	SBCI R27,HIGH(-@1)
                 	LD   R@0,X
                 	.ENDM
                 
                 	.MACRO __GETWRSX2
                 	MOVW R26,R28
                 	SUBI R26,LOW(-@2)
                 	SBCI R27,HIGH(-@2)
                 	LD   R@0,X+
                 	LD   R@1,X
                 	.ENDM
                 
                 	.MACRO __LSLW8SX
                 	MOVW R30,R28
                 	SUBI R30,LOW(-@0)
                 	SBCI R31,HIGH(-@0)
                 	LD   R31,Z
                 	CLR  R30
                 	.ENDM
                 
                 	.MACRO __PUTB1SX
                 	MOVW R26,R28
                 	SUBI R26,LOW(-@0)
                 	SBCI R27,HIGH(-@0)
                 	ST   X,R30
                 	.ENDM
                 
                 	.MACRO __PUTW1SX
                 	MOVW R26,R28
                 	SUBI R26,LOW(-@0)
                 	SBCI R27,HIGH(-@0)
                 	ST   X+,R30
                 	ST   X,R31
                 	.ENDM
                 
                 	.MACRO __PUTD1SX
                 	MOVW R26,R28
                 	SUBI R26,LOW(-@0)
                 	SBCI R27,HIGH(-@0)
                 	ST   X+,R30
                 	ST   X+,R31
                 	ST   X+,R22
                 	ST   X,R23
                 	.ENDM
                 
                 	.MACRO __CLRW1SX
                 	MOVW R26,R28
                 	SUBI R26,LOW(-@0)
                 	SBCI R27,HIGH(-@0)
                 	ST   X+,R30
                 	ST   X,R30
                 	.ENDM
                 
                 	.MACRO __CLRD1SX
                 	MOVW R26,R28
                 	SUBI R26,LOW(-@0)
                 	SBCI R27,HIGH(-@0)
                 	ST   X+,R30
                 	ST   X+,R30
                 	ST   X+,R30
                 	ST   X,R30
                 	.ENDM
                 
                 	.MACRO __PUTB2SX
                 	MOVW R30,R28
                 	SUBI R30,LOW(-@0)
                 	SBCI R31,HIGH(-@0)
                 	ST   Z,R26
                 	.ENDM
                 
                 	.MACRO __PUTW2SX
                 	MOVW R30,R28
                 	SUBI R30,LOW(-@0)
                 	SBCI R31,HIGH(-@0)
                 	ST   Z+,R26
                 	ST   Z,R27
                 	.ENDM
                 
                 	.MACRO __PUTD2SX
                 	MOVW R30,R28
                 	SUBI R30,LOW(-@0)
                 	SBCI R31,HIGH(-@0)
                 	ST   Z+,R26
                 	ST   Z+,R27
                 	ST   Z+,R24
                 	ST   Z,R25
                 	.ENDM
                 
                 	.MACRO __PUTBSRX
                 	MOVW R30,R28
                 	SUBI R30,LOW(-@1)
                 	SBCI R31,HIGH(-@1)
                 	ST   Z,R@0
                 	.ENDM
                 
                 	.MACRO __PUTWSRX
                 	MOVW R30,R28
                 	SUBI R30,LOW(-@2)
                 	SBCI R31,HIGH(-@2)
                 	ST   Z+,R@0
                 	ST   Z,R@1
                 	.ENDM
                 
                 	.MACRO __PUTB1SNX
                 	MOVW R26,R28
                 	SUBI R26,LOW(-@0)
                 	SBCI R27,HIGH(-@0)
                 	LD   R0,X+
                 	LD   R27,X
                 	MOV  R26,R0
                 	SUBI R26,LOW(-@1)
                 	SBCI R27,HIGH(-@1)
                 	ST   X,R30
                 	.ENDM
                 
                 	.MACRO __PUTW1SNX
                 	MOVW R26,R28
                 	SUBI R26,LOW(-@0)
                 	SBCI R27,HIGH(-@0)
                 	LD   R0,X+
                 	LD   R27,X
                 	MOV  R26,R0
                 	SUBI R26,LOW(-@1)
                 	SBCI R27,HIGH(-@1)
                 	ST   X+,R30
                 	ST   X,R31
                 	.ENDM
                 
                 	.MACRO __PUTD1SNX
                 	MOVW R26,R28
                 	SUBI R26,LOW(-@0)
                 	SBCI R27,HIGH(-@0)
                 	LD   R0,X+
                 	LD   R27,X
                 	MOV  R26,R0
                 	SUBI R26,LOW(-@1)
                 	SBCI R27,HIGH(-@1)
                 	ST   X+,R30
                 	ST   X+,R31
                 	ST   X+,R22
                 	ST   X,R23
                 	.ENDM
                 
                 	.MACRO __MULBRR
                 	MULS R@0,R@1
                 	MOVW R30,R0
                 	.ENDM
                 
                 	.MACRO __MULBRRU
                 	MUL  R@0,R@1
                 	MOVW R30,R0
                 	.ENDM
                 
                 	.MACRO __MULBRR0
                 	MULS R@0,R@1
                 	.ENDM
                 
                 	.MACRO __MULBRRU0
                 	MUL  R@0,R@1
                 	.ENDM
                 
                 	.MACRO __MULBNWRU
                 	LDI  R26,@2
                 	MUL  R26,R@0
                 	MOVW R30,R0
                 	MUL  R26,R@1
                 	ADD  R31,R0
                 	.ENDM
                 
                 ;NAME DEFINITIONS FOR GLOBAL VARIABLES ALLOCATED TO REGISTERS
                 	.DEF __lcd_x=R5
                 	.DEF __lcd_y=R4
                 	.DEF __lcd_maxx=R7
                 
                 	.CSEG
                 	.ORG 0x00
                 
                 ;START OF CODE MARKER
                 __START_OF_CODE:
                 
                 ;INTERRUPT VECTORS
000000 940c 0044 	JMP  __RESET
000002 940c 0000 	JMP  0x00
000004 940c 0000 	JMP  0x00
000006 940c 0000 	JMP  0x00
000008 940c 0000 	JMP  0x00
00000a 940c 0000 	JMP  0x00
00000c 940c 0000 	JMP  0x00
00000e 940c 0000 	JMP  0x00
000010 940c 0000 	JMP  0x00
000012 940c 0000 	JMP  0x00
000014 940c 0000 	JMP  0x00
000016 940c 0000 	JMP  0x00
000018 940c 0000 	JMP  0x00
00001a 940c 0000 	JMP  0x00
00001c 940c 0000 	JMP  0x00
00001e 940c 0000 	JMP  0x00
000020 940c 0000 	JMP  0x00
000022 940c 0000 	JMP  0x00
000024 940c 0000 	JMP  0x00
000026 940c 0000 	JMP  0x00
000028 940c 0000 	JMP  0x00
                 
                 _char0:
00002a 0a04
00002b 1500
00002c 001f
00002d 0000      	.DB  0x4,0xA,0x0,0x15,0x1F,0x0,0x0,0x0
                 _char1:
00002e 0200
00002f 0500
000030 001f
000031 0008      	.DB  0x0,0x2,0x0,0x5,0x1F,0x0,0x8,0x0
                 _char2:
000032 0100
000033 0303
000034 0001
000035 0000      	.DB  0x0,0x1,0x3,0x3,0x1,0x0,0x0,0x0
                 
                 _0x0:
000036 6577
000037 6b65
000038 7320
000039 6174      	.DB  0x77,0x65,0x65,0x6B,0x20,0x73,0x74,0x61
00003a 7472
00003b 6420
00003c 7961
00003d 3a20      	.DB  0x72,0x74,0x20,0x64,0x61,0x79,0x20,0x3A
C:\Users\Hasan\Desktop\project\uni\992\rizpadaznde_lab\project_8_char\code_vision\Debug\List\project_8.asm(1131): warning: .cseg .db misalignment - padding zero byte
00003e 0000      	.DB  0x0
                 _0x2000003:
00003f c080      	.DB  0x80,0xC0
                 
                 __GLOBAL_INI_TBL:
000040 0002      	.DW  0x02
000041 0160      	.DW  __base_y_G100
000042 007e      	.DW  _0x2000003*2
                 
                 _0xFFFFFFFF:
000043 0000      	.DW  0
                 
                 #define __GLOBAL_INI_TBL_PRESENT 1
                 
                 __RESET:
000044 94f8      	CLI
000045 27ee      	CLR  R30
000046 bbec      	OUT  EECR,R30
                 
                 ;INTERRUPT VECTORS ARE PLACED
                 ;AT THE START OF FLASH
000047 e0f1      	LDI  R31,1
000048 bffb      	OUT  GICR,R31
000049 bfeb      	OUT  GICR,R30
00004a bfe5      	OUT  MCUCR,R30
                 
                 ;CLEAR R2-R14
00004b e08d      	LDI  R24,(14-2)+1
00004c e0a2      	LDI  R26,2
00004d 27bb      	CLR  R27
                 __CLEAR_REG:
00004e 93ed      	ST   X+,R30
00004f 958a      	DEC  R24
000050 f7e9      	BRNE __CLEAR_REG
                 
                 ;CLEAR SRAM
000051 e080      	LDI  R24,LOW(__CLEAR_SRAM_SIZE)
000052 e094      	LDI  R25,HIGH(__CLEAR_SRAM_SIZE)
000053 e6a0      	LDI  R26,__SRAM_START
                 __CLEAR_SRAM:
000054 93ed      	ST   X+,R30
000055 9701      	SBIW R24,1
000056 f7e9      	BRNE __CLEAR_SRAM
                 
                 ;GLOBAL VARIABLES INITIALIZATION
000057 e8e0      	LDI  R30,LOW(__GLOBAL_INI_TBL*2)
000058 e0f0      	LDI  R31,HIGH(__GLOBAL_INI_TBL*2)
                 __GLOBAL_INI_NEXT:
000059 9185      	LPM  R24,Z+
00005a 9195      	LPM  R25,Z+
00005b 9700      	SBIW R24,0
00005c f061      	BREQ __GLOBAL_INI_END
00005d 91a5      	LPM  R26,Z+
00005e 91b5      	LPM  R27,Z+
00005f 9005      	LPM  R0,Z+
000060 9015      	LPM  R1,Z+
000061 01bf      	MOVW R22,R30
000062 01f0      	MOVW R30,R0
                 __GLOBAL_INI_LOOP:
000063 9005      	LPM  R0,Z+
000064 920d      	ST   X+,R0
000065 9701      	SBIW R24,1
000066 f7e1      	BRNE __GLOBAL_INI_LOOP
000067 01fb      	MOVW R30,R22
000068 cff0      	RJMP __GLOBAL_INI_NEXT
                 __GLOBAL_INI_END:
                 
                 ;HARDWARE STACK POINTER INITIALIZATION
000069 e5ef      	LDI  R30,LOW(__SRAM_END-__HEAP_SIZE)
00006a bfed      	OUT  SPL,R30
00006b e0e4      	LDI  R30,HIGH(__SRAM_END-__HEAP_SIZE)
00006c bfee      	OUT  SPH,R30
                 
                 ;DATA STACK POINTER INITIALIZATION
00006d e6c0      	LDI  R28,LOW(__SRAM_START+__DSTACK_SIZE)
00006e e0d1      	LDI  R29,HIGH(__SRAM_START+__DSTACK_SIZE)
                 
00006f 940c 008d 	JMP  _main
                 
                 	.ESEG
                 	.ORG 0
                 
                 	.DSEG
                 	.ORG 0x160
                 
                 	.CSEG
                 ;/*******************************************************
                 ;This program was created by the
                 ;CodeWizardAVR V3.12 Advanced
                 ;Automatic Program Generator
                 ;© Copyright 1998-2014 Pavel Haiduc, HP InfoTech s.r.l.
                 ;http://www.hpinfotech.com
                 ;
                 ;Project :
                 ;Version :
                 ;Date    : 4/14/2021
                 ;Author  :
                 ;Company :
                 ;Comments:
                 ;
                 ;
                 ;Chip type               : ATmega16
                 ;Program type            : Application
                 ;AVR Core Clock frequency: 8.000000 MHz
                 ;Memory model            : Small
                 ;External RAM size       : 0
                 ;Data Stack size         : 256
                 ;*******************************************************/
                 ;
                 ;#include <mega16.h>
                 	#ifndef __SLEEP_DEFINED__
                 	#define __SLEEP_DEFINED__
                 	.EQU __se_bit=0x40
                 	.EQU __sm_mask=0xB0
                 	.EQU __sm_powerdown=0x20
                 	.EQU __sm_powersave=0x30
                 	.EQU __sm_standby=0xA0
                 	.EQU __sm_ext_standby=0xB0
                 	.EQU __sm_adc_noise_red=0x10
                 	.SET power_ctrl_reg=mcucr
                 	#endif
                 ;// Alphanumeric LCD functions
                 ;#include <alcd.h>
                 ;
                 ;// Declare your global variables here
                 ;typedef unsigned char byte;
                 ;flash byte char0[8] = {4,10,0,21,31,0,0,0};
                 ;flash byte char1[8] = {0,2,0,5,31,0,8,0};
                 ;flash byte char2[8] = {0,1,3,3,1,0,0,0};
                 ;void define_char(byte flash *p , byte char_code){
                 ; 0000 0021 void define_char(byte flash *p , byte char_code){
                 
                 	.CSEG
                 _define_char:
                 ; .FSTART _define_char
                 ; 0000 0022  byte i, a;
                 ; 0000 0023  a = (char_code<<3)|0x40;
000071 93aa      	ST   -Y,R26
000072 931a      	ST   -Y,R17
000073 930a      	ST   -Y,R16
                 ;	*p -> Y+3
                 ;	char_code -> Y+2
                 ;	i -> R17
                 ;	a -> R16
000074 81ea      	LDD  R30,Y+2
000075 0fee      	LSL  R30
000076 0fee      	LSL  R30
000077 0fee      	LSL  R30
000078 64e0      	ORI  R30,0x40
000079 2f0e      	MOV  R16,R30
                 ; 0000 0024  for(i=0; i<8; i++)lcd_write_byte(a++, *p++);
00007a e010      	LDI  R17,LOW(0)
                 _0x4:
00007b 3018      	CPI  R17,8
00007c f460      	BRSH _0x5
00007d 930a      	ST   -Y,R16
00007e 9503      	INC  R16
00007f 81ec      	LDD  R30,Y+4
000080 81fd      	LDD  R31,Y+4+1
000081 9631      	ADIW R30,1
000082 83ec      	STD  Y+4,R30
000083 83fd      	STD  Y+4+1,R31
000084 9731      	SBIW R30,1
000085 91a4      	LPM  R26,Z
000086 d072      	RCALL _lcd_write_byte
000087 5f1f      	SUBI R17,-1
000088 cff2      	RJMP _0x4
                 _0x5:
                 ; 0000 0025 }
000089 8119      	LDD  R17,Y+1
00008a 8108      	LDD  R16,Y+0
00008b 9625      	ADIW R28,5
00008c 9508      	RET
                 ; .FEND
                 ;void main(void)
                 ; 0000 0027 {
                 _main:
                 ; .FSTART _main
                 ; 0000 0028 // Declare your local variables here
                 ; 0000 0029 
                 ; 0000 002A // Input/Output Ports initialization
                 ; 0000 002B // Port A initialization
                 ; 0000 002C // Function: Bit7=In Bit6=In Bit5=In Bit4=In Bit3=Out Bit2=Out Bit1=Out Bit0=Out
                 ; 0000 002D DDRA=(0<<DDA7) | (0<<DDA6) | (0<<DDA5) | (0<<DDA4) | (1<<DDA3) | (1<<DDA2) | (1<<DDA1) | (1<<DDA0);
00008d e0ef      	LDI  R30,LOW(15)
00008e bbea      	OUT  0x1A,R30
                 ; 0000 002E // State: Bit7=T Bit6=T Bit5=T Bit4=T Bit3=T Bit2=T Bit1=T Bit0=T
                 ; 0000 002F PORTA=(0<<PORTA7) | (1<<PORTA6) | (1<<PORTA5) | (1<<PORTA4) | (0<<PORTA3) | (0<<PORTA2) | (0<<PORTA1) | (0<<PORTA0);
00008f e7e0      	LDI  R30,LOW(112)
000090 bbeb      	OUT  0x1B,R30
                 ; 0000 0030 
                 ; 0000 0031 // Port B initialization
                 ; 0000 0032 // Function: Bit7=In Bit6=In Bit5=In Bit4=In Bit3=In Bit2=In Bit1=In Bit0=In
                 ; 0000 0033 DDRB=(0<<DDB7) | (0<<DDB6) | (0<<DDB5) | (0<<DDB4) | (1<<DDB3) | (1<<DDB2) | (1<<DDB1) | (1<<DDB0);
000091 e0ef      	LDI  R30,LOW(15)
000092 bbe7      	OUT  0x17,R30
                 ; 0000 0034 // State: Bit7=T Bit6=P Bit5=P Bit4=P Bit3=0 Bit2=0 Bit1=0 Bit0=0
                 ; 0000 0035 PORTB=(0<<PORTB7) | (1<<PORTB6) | (1<<PORTB5) | (1<<PORTB4) | (0<<PORTB3) | (0<<PORTB2) | (0<<PORTB1) | (0<<PORTB0);
000093 e7e0      	LDI  R30,LOW(112)
000094 bbe8      	OUT  0x18,R30
                 ; 0000 0036 
                 ; 0000 0037 // Port C initialization
                 ; 0000 0038 // Function: Bit7=In Bit6=In Bit5=In Bit4=In Bit3=In Bit2=In Bit1=In Bit0=In
                 ; 0000 0039 DDRC=(0<<DDC7) | (0<<DDC6) | (0<<DDC5) | (0<<DDC4) | (0<<DDC3) | (0<<DDC2) | (0<<DDC1) | (0<<DDC0);
000095 e0e0      	LDI  R30,LOW(0)
000096 bbe4      	OUT  0x14,R30
                 ; 0000 003A // State: Bit7=T Bit6=T Bit5=T Bit4=T Bit3=T Bit2=T Bit1=T Bit0=T
                 ; 0000 003B PORTC=(0<<PORTC7) | (0<<PORTC6) | (0<<PORTC5) | (0<<PORTC4) | (0<<PORTC3) | (0<<PORTC2) | (0<<PORTC1) | (0<<PORTC0);
000097 bbe5      	OUT  0x15,R30
                 ; 0000 003C 
                 ; 0000 003D // Port D initialization
                 ; 0000 003E // Function: Bit7=In Bit6=In Bit5=In Bit4=In Bit3=In Bit2=In Bit1=In Bit0=In
                 ; 0000 003F DDRD=(0<<DDD7) | (0<<DDD6) | (0<<DDD5) | (0<<DDD4) | (0<<DDD3) | (0<<DDD2) | (0<<DDD1) | (0<<DDD0);
000098 bbe1      	OUT  0x11,R30
                 ; 0000 0040 // State: Bit7=T Bit6=T Bit5=T Bit4=T Bit3=T Bit2=T Bit1=T Bit0=T
                 ; 0000 0041 PORTD=(0<<PORTD7) | (0<<PORTD6) | (0<<PORTD5) | (0<<PORTD4) | (0<<PORTD3) | (0<<PORTD2) | (0<<PORTD1) | (0<<PORTD0);
000099 bbe2      	OUT  0x12,R30
                 ; 0000 0042 
                 ; 0000 0043 // Timer/Counter 0 initialization
                 ; 0000 0044 // Clock source: System Clock
                 ; 0000 0045 // Clock value: Timer 0 Stopped
                 ; 0000 0046 // Mode: Normal top=0xFF
                 ; 0000 0047 // OC0 output: Disconnected
                 ; 0000 0048 TCCR0=(0<<WGM00) | (0<<COM01) | (0<<COM00) | (0<<WGM01) | (0<<CS02) | (0<<CS01) | (0<<CS00);
00009a bfe3      	OUT  0x33,R30
                 ; 0000 0049 TCNT0=0x00;
00009b bfe2      	OUT  0x32,R30
                 ; 0000 004A OCR0=0x00;
00009c bfec      	OUT  0x3C,R30
                 ; 0000 004B 
                 ; 0000 004C // Timer/Counter 1 initialization
                 ; 0000 004D // Clock source: System Clock
                 ; 0000 004E // Clock value: Timer1 Stopped
                 ; 0000 004F // Mode: Normal top=0xFFFF
                 ; 0000 0050 // OC1A output: Disconnected
                 ; 0000 0051 // OC1B output: Disconnected
                 ; 0000 0052 // Noise Canceler: Off
                 ; 0000 0053 // Input Capture on Falling Edge
                 ; 0000 0054 // Timer1 Overflow Interrupt: Off
                 ; 0000 0055 // Input Capture Interrupt: Off
                 ; 0000 0056 // Compare A Match Interrupt: Off
                 ; 0000 0057 // Compare B Match Interrupt: Off
                 ; 0000 0058 TCCR1A=(0<<COM1A1) | (0<<COM1A0) | (0<<COM1B1) | (0<<COM1B0) | (0<<WGM11) | (0<<WGM10);
00009d bdef      	OUT  0x2F,R30
                 ; 0000 0059 TCCR1B=(0<<ICNC1) | (0<<ICES1) | (0<<WGM13) | (0<<WGM12) | (0<<CS12) | (0<<CS11) | (0<<CS10);
00009e bdee      	OUT  0x2E,R30
                 ; 0000 005A TCNT1H=0x00;
00009f bded      	OUT  0x2D,R30
                 ; 0000 005B TCNT1L=0x00;
0000a0 bdec      	OUT  0x2C,R30
                 ; 0000 005C ICR1H=0x00;
0000a1 bde7      	OUT  0x27,R30
                 ; 0000 005D ICR1L=0x00;
0000a2 bde6      	OUT  0x26,R30
                 ; 0000 005E OCR1AH=0x00;
0000a3 bdeb      	OUT  0x2B,R30
                 ; 0000 005F OCR1AL=0x00;
0000a4 bdea      	OUT  0x2A,R30
                 ; 0000 0060 OCR1BH=0x00;
0000a5 bde9      	OUT  0x29,R30
                 ; 0000 0061 OCR1BL=0x00;
0000a6 bde8      	OUT  0x28,R30
                 ; 0000 0062 
                 ; 0000 0063 // Timer/Counter 2 initialization
                 ; 0000 0064 // Clock source: System Clock
                 ; 0000 0065 // Clock value: Timer2 Stopped
                 ; 0000 0066 // Mode: Normal top=0xFF
                 ; 0000 0067 // OC2 output: Disconnected
                 ; 0000 0068 ASSR=0<<AS2;
0000a7 bde2      	OUT  0x22,R30
                 ; 0000 0069 TCCR2=(0<<PWM2) | (0<<COM21) | (0<<COM20) | (0<<CTC2) | (0<<CS22) | (0<<CS21) | (0<<CS20);
0000a8 bde5      	OUT  0x25,R30
                 ; 0000 006A TCNT2=0x00;
0000a9 bde4      	OUT  0x24,R30
                 ; 0000 006B OCR2=0x00;
0000aa bde3      	OUT  0x23,R30
                 ; 0000 006C 
                 ; 0000 006D // Timer(s)/Counter(s) Interrupt(s) initialization
                 ; 0000 006E TIMSK=(0<<OCIE2) | (0<<TOIE2) | (0<<TICIE1) | (0<<OCIE1A) | (0<<OCIE1B) | (0<<TOIE1) | (0<<OCIE0) | (0<<TOIE0);
0000ab bfe9      	OUT  0x39,R30
                 ; 0000 006F 
                 ; 0000 0070 // External Interrupt(s) initialization
                 ; 0000 0071 // INT0: Off
                 ; 0000 0072 // INT1: Off
                 ; 0000 0073 // INT2: Off
                 ; 0000 0074 MCUCR=(0<<ISC11) | (0<<ISC10) | (0<<ISC01) | (0<<ISC00);
0000ac bfe5      	OUT  0x35,R30
                 ; 0000 0075 MCUCSR=(0<<ISC2);
0000ad bfe4      	OUT  0x34,R30
                 ; 0000 0076 
                 ; 0000 0077 // USART initialization
                 ; 0000 0078 // USART disabled
                 ; 0000 0079 UCSRB=(0<<RXCIE) | (0<<TXCIE) | (0<<UDRIE) | (0<<RXEN) | (0<<TXEN) | (0<<UCSZ2) | (0<<RXB8) | (0<<TXB8);
0000ae b9ea      	OUT  0xA,R30
                 ; 0000 007A 
                 ; 0000 007B // Analog Comparator initialization
                 ; 0000 007C // Analog Comparator: Off
                 ; 0000 007D // The Analog Comparator's positive input is
                 ; 0000 007E // connected to the AIN0 pin
                 ; 0000 007F // The Analog Comparator's negative input is
                 ; 0000 0080 // connected to the AIN1 pin
                 ; 0000 0081 ACSR=(1<<ACD) | (0<<ACBG) | (0<<ACO) | (0<<ACI) | (0<<ACIE) | (0<<ACIC) | (0<<ACIS1) | (0<<ACIS0);
0000af e8e0      	LDI  R30,LOW(128)
0000b0 b9e8      	OUT  0x8,R30
                 ; 0000 0082 SFIOR=(0<<ACME);
0000b1 e0e0      	LDI  R30,LOW(0)
0000b2 bfe0      	OUT  0x30,R30
                 ; 0000 0083 
                 ; 0000 0084 // ADC initialization
                 ; 0000 0085 // ADC disabled
                 ; 0000 0086 ADCSRA=(0<<ADEN) | (0<<ADSC) | (0<<ADATE) | (0<<ADIF) | (0<<ADIE) | (0<<ADPS2) | (0<<ADPS1) | (0<<ADPS0);
0000b3 b9e6      	OUT  0x6,R30
                 ; 0000 0087 
                 ; 0000 0088 // SPI initialization
                 ; 0000 0089 // SPI disabled
                 ; 0000 008A SPCR=(0<<SPIE) | (0<<SPE) | (0<<DORD) | (0<<MSTR) | (0<<CPOL) | (0<<CPHA) | (0<<SPR1) | (0<<SPR0);
0000b4 b9ed      	OUT  0xD,R30
                 ; 0000 008B 
                 ; 0000 008C // TWI initialization
                 ; 0000 008D // TWI disabled
                 ; 0000 008E TWCR=(0<<TWEA) | (0<<TWSTA) | (0<<TWSTO) | (0<<TWEN) | (0<<TWIE);
0000b5 bfe6      	OUT  0x36,R30
                 ; 0000 008F 
                 ; 0000 0090 // Alphanumeric LCD initialization
                 ; 0000 0091 // Connections are specified in the
                 ; 0000 0092 // Project|Configure|C Compiler|Libraries|Alphanumeric LCD menu:
                 ; 0000 0093 // RS - PORTA Bit 0
                 ; 0000 0094 // RD - PORTA Bit 1
                 ; 0000 0095 // EN - PORTA Bit 2
                 ; 0000 0096 // D4 - PORTA Bit 4
                 ; 0000 0097 // D5 - PORTA Bit 5
                 ; 0000 0098 // D6 - PORTA Bit 6
                 ; 0000 0099 // D7 - PORTA Bit 7
                 ; 0000 009A // Characters/line: 20
                 ; 0000 009B lcd_init(16);
0000b6 e1a0      	LDI  R26,LOW(16)
0000b7 d088      	RCALL _lcd_init
                 ; 0000 009C define_char(char0,0);
0000b8 e5e4      	LDI  R30,LOW(_char0*2)
0000b9 e0f0      	LDI  R31,HIGH(_char0*2)
0000ba 93fa      	ST   -Y,R31
0000bb 93ea      	ST   -Y,R30
0000bc e0a0      	LDI  R26,LOW(0)
0000bd dfb3      	RCALL _define_char
                 ; 0000 009D define_char(char1,1);
0000be e5ec      	LDI  R30,LOW(_char1*2)
0000bf e0f0      	LDI  R31,HIGH(_char1*2)
0000c0 93fa      	ST   -Y,R31
0000c1 93ea      	ST   -Y,R30
0000c2 e0a1      	LDI  R26,LOW(1)
0000c3 dfad      	RCALL _define_char
                 ; 0000 009E define_char(char2,2);
0000c4 e6e4      	LDI  R30,LOW(_char2*2)
0000c5 e0f0      	LDI  R31,HIGH(_char2*2)
0000c6 93fa      	ST   -Y,R31
0000c7 93ea      	ST   -Y,R30
0000c8 e0a2      	LDI  R26,LOW(2)
0000c9 dfa7      	RCALL _define_char
                 ; 0000 009F lcd_gotoxy(0,0);
0000ca e0e0      	LDI  R30,LOW(0)
0000cb 93ea      	ST   -Y,R30
0000cc e0a0      	LDI  R26,LOW(0)
0000cd d033      	RCALL _lcd_gotoxy
                 ; 0000 00A0 lcd_putsf("week start day :");
                +
0000ce e6ac     +LDI R26 , LOW ( 2 * _0x0 + ( 0 ) )
0000cf e0b0     +LDI R27 , HIGH ( 2 * _0x0 + ( 0 ) )
                 	__POINTW2FN _0x0,0
0000d0 d05c      	RCALL _lcd_putsf
                 ; 0000 00A1 lcd_putchar(2);
0000d1 e0a2      	LDI  R26,LOW(2)
0000d2 d045      	RCALL _lcd_putchar
                 ; 0000 00A2 lcd_putchar(1);
0000d3 e0a1      	LDI  R26,LOW(1)
0000d4 d043      	RCALL _lcd_putchar
                 ; 0000 00A3 lcd_putchar(0);
0000d5 e0a0      	LDI  R26,LOW(0)
0000d6 d041      	RCALL _lcd_putchar
                 ; 0000 00A4 while (1)
                 _0x6:
                 ; 0000 00A5       {
                 ; 0000 00A6       // Place your code here
                 ; 0000 00A7 
                 ; 0000 00A8       }
0000d7 cfff      	RJMP _0x6
                 ; 0000 00A9 }
                 _0x9:
0000d8 cfff      	RJMP _0x9
                 ; .FEND
                 	#ifndef __SLEEP_DEFINED__
                 	#endif
                 
                 	.DSEG
                 
                 	.CSEG
                 __lcd_write_nibble_G100:
                 ; .FSTART __lcd_write_nibble_G100
0000d9 93aa      	ST   -Y,R26
0000da b3eb      	IN   R30,0x1B
0000db 70ef      	ANDI R30,LOW(0xF)
0000dc 2fae      	MOV  R26,R30
0000dd 81e8      	LD   R30,Y
0000de 7fe0      	ANDI R30,LOW(0xF0)
0000df 2bea      	OR   R30,R26
0000e0 bbeb      	OUT  0x1B,R30
                +
0000e1 e08d     +LDI R24 , LOW ( 13 )
                +__DELAY_USB_LOOP :
0000e2 958a     +DEC R24
0000e3 f7f1     +BRNE __DELAY_USB_LOOP
                 	__DELAY_USB 13
0000e4 9ada      	SBI  0x1B,2
                +
0000e5 e08d     +LDI R24 , LOW ( 13 )
                +__DELAY_USB_LOOP :
0000e6 958a     +DEC R24
0000e7 f7f1     +BRNE __DELAY_USB_LOOP
                 	__DELAY_USB 13
0000e8 98da      	CBI  0x1B,2
                +
0000e9 e08d     +LDI R24 , LOW ( 13 )
                +__DELAY_USB_LOOP :
0000ea 958a     +DEC R24
0000eb f7f1     +BRNE __DELAY_USB_LOOP
                 	__DELAY_USB 13
0000ec c07c      	RJMP _0x2020001
                 ; .FEND
                 __lcd_write_data:
                 ; .FSTART __lcd_write_data
0000ed 93aa      	ST   -Y,R26
0000ee 81a8      	LD   R26,Y
0000ef dfe9      	RCALL __lcd_write_nibble_G100
0000f0 81e8          ld    r30,y
0000f1 95e2          swap  r30
0000f2 83e8          st    y,r30
0000f3 81a8      	LD   R26,Y
0000f4 dfe4      	RCALL __lcd_write_nibble_G100
                +
0000f5 e885     +LDI R24 , LOW ( 133 )
                +__DELAY_USB_LOOP :
0000f6 958a     +DEC R24
0000f7 f7f1     +BRNE __DELAY_USB_LOOP
                 	__DELAY_USB 133
0000f8 c070      	RJMP _0x2020001
                 ; .FEND
                 _lcd_write_byte:
                 ; .FSTART _lcd_write_byte
0000f9 93aa      	ST   -Y,R26
0000fa 81a9      	LDD  R26,Y+1
0000fb dff1      	RCALL __lcd_write_data
0000fc 9ad8      	SBI  0x1B,0
0000fd 81a8      	LD   R26,Y
0000fe dfee      	RCALL __lcd_write_data
0000ff 98d8      	CBI  0x1B,0
000100 c00b      	RJMP _0x2020002
                 ; .FEND
                 _lcd_gotoxy:
                 ; .FSTART _lcd_gotoxy
000101 93aa      	ST   -Y,R26
000102 81e8      	LD   R30,Y
000103 e0f0      	LDI  R31,0
000104 5ae0      	SUBI R30,LOW(-__base_y_G100)
000105 4ffe      	SBCI R31,HIGH(-__base_y_G100)
000106 81e0      	LD   R30,Z
000107 81a9      	LDD  R26,Y+1
000108 0fae      	ADD  R26,R30
000109 dfe3      	RCALL __lcd_write_data
00010a 8059      	LDD  R5,Y+1
00010b 8048      	LDD  R4,Y+0
                 _0x2020002:
00010c 9622      	ADIW R28,2
00010d 9508      	RET
                 ; .FEND
                 _lcd_clear:
                 ; .FSTART _lcd_clear
00010e e0a2      	LDI  R26,LOW(2)
00010f d05b      	RCALL SUBOPT_0x0
000110 e0ac      	LDI  R26,LOW(12)
000111 dfdb      	RCALL __lcd_write_data
000112 e0a1      	LDI  R26,LOW(1)
000113 d057      	RCALL SUBOPT_0x0
000114 e0e0      	LDI  R30,LOW(0)
000115 2e4e      	MOV  R4,R30
000116 2e5e      	MOV  R5,R30
000117 9508      	RET
                 ; .FEND
                 _lcd_putchar:
                 ; .FSTART _lcd_putchar
000118 93aa      	ST   -Y,R26
000119 81a8      	LD   R26,Y
00011a 30aa      	CPI  R26,LOW(0xA)
00011b f011      	BREQ _0x2000005
00011c 1457      	CP   R5,R7
00011d f048      	BRLO _0x2000004
                 _0x2000005:
00011e e0e0      	LDI  R30,LOW(0)
00011f 93ea      	ST   -Y,R30
000120 9443      	INC  R4
000121 2da4      	MOV  R26,R4
000122 dfde      	RCALL _lcd_gotoxy
000123 81a8      	LD   R26,Y
000124 30aa      	CPI  R26,LOW(0xA)
000125 f409      	BRNE _0x2000007
000126 c042      	RJMP _0x2020001
                 _0x2000007:
                 _0x2000004:
000127 9453      	INC  R5
000128 9ad8      	SBI  0x1B,0
000129 81a8      	LD   R26,Y
00012a dfc2      	RCALL __lcd_write_data
00012b 98d8      	CBI  0x1B,0
00012c c03c      	RJMP _0x2020001
                 ; .FEND
                 _lcd_putsf:
                 ; .FSTART _lcd_putsf
00012d 93ba      	ST   -Y,R27
00012e 93aa      	ST   -Y,R26
00012f 931a      	ST   -Y,R17
                 _0x200000B:
000130 81e9      	LDD  R30,Y+1
000131 81fa      	LDD  R31,Y+1+1
000132 9631      	ADIW R30,1
000133 83e9      	STD  Y+1,R30
000134 83fa      	STD  Y+1+1,R31
000135 9731      	SBIW R30,1
000136 91e4      	LPM  R30,Z
000137 2f1e      	MOV  R17,R30
000138 30e0      	CPI  R30,0
000139 f019      	BREQ _0x200000D
00013a 2fa1      	MOV  R26,R17
00013b dfdc      	RCALL _lcd_putchar
00013c cff3      	RJMP _0x200000B
                 _0x200000D:
00013d 8118      	LDD  R17,Y+0
00013e 9623      	ADIW R28,3
00013f 9508      	RET
                 ; .FEND
                 _lcd_init:
                 ; .FSTART _lcd_init
000140 93aa      	ST   -Y,R26
000141 b3ea      	IN   R30,0x1A
000142 6fe0      	ORI  R30,LOW(0xF0)
000143 bbea      	OUT  0x1A,R30
000144 9ad2      	SBI  0x1A,2
000145 9ad0      	SBI  0x1A,0
000146 9ad1      	SBI  0x1A,1
000147 98da      	CBI  0x1B,2
000148 98d8      	CBI  0x1B,0
000149 98d9      	CBI  0x1B,1
00014a 8078      	LDD  R7,Y+0
00014b 81e8      	LD   R30,Y
00014c 58e0      	SUBI R30,-LOW(128)
                +
00014d 93e0 0162+STS __base_y_G100 + ( 2 ) , R30
                 	__PUTB1MN __base_y_G100,2
00014f 81e8      	LD   R30,Y
000150 54e0      	SUBI R30,-LOW(192)
                +
000151 93e0 0163+STS __base_y_G100 + ( 3 ) , R30
                 	__PUTB1MN __base_y_G100,3
000153 e1a4      	LDI  R26,LOW(20)
000154 e0b0      	LDI  R27,0
000155 940e 0177 	CALL _delay_ms
000157 d018      	RCALL SUBOPT_0x1
000158 d017      	RCALL SUBOPT_0x1
000159 d016      	RCALL SUBOPT_0x1
00015a e2a0      	LDI  R26,LOW(32)
00015b df7d      	RCALL __lcd_write_nibble_G100
                +
00015c ec88     +LDI R24 , LOW ( 200 )
00015d e090     +LDI R25 , HIGH ( 200 )
                +__DELAY_USW_LOOP :
00015e 9701     +SBIW R24 , 1
00015f f7f1     +BRNE __DELAY_USW_LOOP
                 	__DELAY_USW 200
000160 e2a8      	LDI  R26,LOW(40)
000161 df8b      	RCALL __lcd_write_data
000162 e0a4      	LDI  R26,LOW(4)
000163 df89      	RCALL __lcd_write_data
000164 e8a5      	LDI  R26,LOW(133)
000165 df87      	RCALL __lcd_write_data
000166 e0a6      	LDI  R26,LOW(6)
000167 df85      	RCALL __lcd_write_data
000168 dfa5      	RCALL _lcd_clear
                 _0x2020001:
000169 9621      	ADIW R28,1
00016a 9508      	RET
                 ; .FEND
                 
                 	.DSEG
                 __base_y_G100:
000160           	.BYTE 0x4
                 
                 	.CSEG
                 ;OPTIMIZER ADDED SUBROUTINE, CALLED 2 TIMES, CODE SIZE REDUCTION:1 WORDS
                 SUBOPT_0x0:
00016b df81      	RCALL __lcd_write_data
00016c e0a3      	LDI  R26,LOW(3)
00016d e0b0      	LDI  R27,0
00016e 940c 0177 	JMP  _delay_ms
                 
                 ;OPTIMIZER ADDED SUBROUTINE, CALLED 3 TIMES, CODE SIZE REDUCTION:7 WORDS
                 SUBOPT_0x1:
000170 e3a0      	LDI  R26,LOW(48)
000171 df67      	RCALL __lcd_write_nibble_G100
                +
000172 ec88     +LDI R24 , LOW ( 200 )
000173 e090     +LDI R25 , HIGH ( 200 )
                +__DELAY_USW_LOOP :
000174 9701     +SBIW R24 , 1
000175 f7f1     +BRNE __DELAY_USW_LOOP
                 	__DELAY_USW 200
000176 9508      	RET
                 
                 
                 	.CSEG
                 _delay_ms:
000177 9610      	adiw r26,0
000178 f039      	breq __delay_ms1
                 __delay_ms0:
                +
000179 ed80     +LDI R24 , LOW ( 0x7D0 )
00017a e097     +LDI R25 , HIGH ( 0x7D0 )
                +__DELAY_USW_LOOP :
00017b 9701     +SBIW R24 , 1
00017c f7f1     +BRNE __DELAY_USW_LOOP
                 	__DELAY_USW 0x7D0
00017d 95a8      	wdr
00017e 9711      	sbiw r26,1
00017f f7c9      	brne __delay_ms0
                 __delay_ms1:
000180 9508      	ret
                 
                 ;END OF CODE MARKER
                 __END_OF_CODE:


RESOURCE USE INFORMATION
------------------------

Notice:
The register and instruction counts are symbol table hit counts,
and hence implicitly used resources are not counted, eg, the
'lpm' instruction without operands implicitly uses r0 and z,
none of which are counted.

x,y,z are separate entities in the symbol table and are
counted separately from r26..r31 here.

.dseg memory usage only counts static data declared with .byte

ATmega16 register use summary:
r0 :   4 r1 :   1 r2 :   0 r3 :   0 r4 :   4 r5 :   4 r6 :   0 r7 :   2 
r8 :   0 r9 :   0 r10:   0 r11:   0 r12:   0 r13:   0 r14:   0 r15:   0 
r16:   5 r17:   9 r18:   0 r19:   0 r20:   0 r21:   0 r22:   2 r23:   0 
r24:  21 r25:   5 r26:  49 r27:   6 r28:   5 r29:   1 r30: 108 r31:  15 
x  :   3 y  :  50 z  :  10 
Registers used: 19 out of 35 (54.3%)

ATmega16 instruction use summary:
.lds  :   0 .lds.l:   0 .sts  :   0 .sts.l:   0 adc   :   0 add   :   1 
adiw  :   7 and   :   0 andi  :   2 asr   :   0 bclr  :   0 bld   :   0 
brbc  :   0 brbs  :   0 brcc  :   0 brcs  :   0 break :   0 breq  :   4 
brge  :   0 brhc  :   0 brhs  :   0 brid  :   0 brie  :   0 brlo  :   1 
brlt  :   0 brmi  :   0 brne  :  12 brpl  :   0 brsh  :   1 brtc  :   0 
brts  :   0 brvc  :   0 brvs  :   0 bset  :   0 bst   :   0 call  :   1 
cbi   :   6 cbr   :   0 clc   :   0 clh   :   0 cli   :   1 cln   :   0 
clr   :   2 cls   :   0 clt   :   0 clv   :   0 clz   :   0 com   :   0 
cp    :   1 cpc   :   0 cpi   :   4 cpse  :   0 dec   :   5 des   :   0 
eor   :   0 fmul  :   0 fmuls :   0 fmulsu:   0 icall :   0 ijmp  :   0 
in    :   2 inc   :   3 jmp   :  23 ld    :  12 ldd   :  13 ldi   :  63 
lds   :   0 lpm   :  11 lsl   :   3 lsr   :   0 mov   :   7 movw  :   3 
mul   :   0 muls  :   0 mulsu :   0 neg   :   0 nop   :   0 or    :   1 
ori   :   2 out   :  42 pop   :   0 push  :   0 rcall :  32 ret   :   7 
reti  :   0 rjmp  :  10 rol   :   0 ror   :   0 sbc   :   0 sbci  :   1 
sbi   :   6 sbic  :   0 sbis  :   0 sbiw  :   9 sbr   :   0 sbrc  :   0 
sbrs  :   0 sec   :   0 seh   :   0 sei   :   0 sen   :   0 ser   :   0 
ses   :   0 set   :   0 sev   :   0 sez   :   0 sleep :   0 spm   :   0 
st    :  25 std   :   4 sts   :   2 sub   :   0 subi  :   4 swap  :   1 
tst   :   0 wdr   :   1 
Instructions used: 39 out of 116 (33.6%)

ATmega16 memory use summary [bytes]:
Segment   Begin    End      Code   Data   Used    Size   Use%
---------------------------------------------------------------
[.cseg] 0x000000 0x000302    718     52    770   16384   4.7%
[.dseg] 0x000060 0x000164      0      4      4    1024   0.4%
[.eseg] 0x000000 0x000000      0      0      0     512   0.0%

Assembly complete, 0 errors, 4 warnings
