
AVRASM ver. 2.1.30  C:\Users\Hasan\Desktop\project\uni\992\microprocess_lab\project_15 sms_\code_vision\Debug\List\project_15.asm Wed Apr 28 12:07:24 2021

C:\Users\Hasan\Desktop\project\uni\992\microprocess_lab\project_15 sms_\code_vision\Debug\List\project_15.asm(1088): warning: Register r4 already defined by the .DEF directive
C:\Users\Hasan\Desktop\project\uni\992\microprocess_lab\project_15 sms_\code_vision\Debug\List\project_15.asm(1089): warning: Register r5 already defined by the .DEF directive
C:\Users\Hasan\Desktop\project\uni\992\microprocess_lab\project_15 sms_\code_vision\Debug\List\project_15.asm(1090): warning: Register r7 already defined by the .DEF directive
C:\Users\Hasan\Desktop\project\uni\992\microprocess_lab\project_15 sms_\code_vision\Debug\List\project_15.asm(1091): warning: Register r6 already defined by the .DEF directive
C:\Users\Hasan\Desktop\project\uni\992\microprocess_lab\project_15 sms_\code_vision\Debug\List\project_15.asm(1092): warning: Register r9 already defined by the .DEF directive
C:\Users\Hasan\Desktop\project\uni\992\microprocess_lab\project_15 sms_\code_vision\Debug\List\project_15.asm(1093): warning: Register r8 already defined by the .DEF directive
                 
                 
                 ;CodeVisionAVR C Compiler V3.12 Advanced
                 ;(C) Copyright 1998-2014 Pavel Haiduc, HP InfoTech s.r.l.
                 ;http://www.hpinfotech.com
                 
                 ;Build configuration    : Debug
                 ;Chip type              : ATmega16
                 ;Program type           : Application
                 ;Clock frequency        : 8.000000 MHz
                 ;Memory model           : Small
                 ;Optimize for           : Size
                 ;(s)printf features     : int, width
                 ;(s)scanf features      : int, width
                 ;External RAM size      : 0
                 ;Data Stack size        : 256 byte(s)
                 ;Heap size              : 0 byte(s)
                 ;Promote 'char' to 'int': Yes
                 ;'char' is unsigned     : Yes
                 ;8 bit enums            : Yes
                 ;Global 'const' stored in FLASH: Yes
                 ;Enhanced function parameter passing: Yes
                 ;Enhanced core instructions: On
                 ;Automatic register allocation for global variables: On
                 ;Smart register allocation: On
                 
                 	#define _MODEL_SMALL_
                 
                 	#pragma AVRPART ADMIN PART_NAME ATmega16
                 	#pragma AVRPART MEMORY PROG_FLASH 16384
                 	#pragma AVRPART MEMORY EEPROM 512
                 	#pragma AVRPART MEMORY INT_SRAM SIZE 1024
                 	#pragma AVRPART MEMORY INT_SRAM START_ADDR 0x60
                 
                 	#define CALL_SUPPORTED 1
                 
                 	.LISTMAC
                 	.EQU UDRE=0x5
                 	.EQU RXC=0x7
                 	.EQU USR=0xB
                 	.EQU UDR=0xC
                 	.EQU SPSR=0xE
                 	.EQU SPDR=0xF
                 	.EQU EERE=0x0
                 	.EQU EEWE=0x1
                 	.EQU EEMWE=0x2
                 	.EQU EECR=0x1C
                 	.EQU EEDR=0x1D
                 	.EQU EEARL=0x1E
                 	.EQU EEARH=0x1F
                 	.EQU WDTCR=0x21
                 	.EQU MCUCR=0x35
                 	.EQU GICR=0x3B
                 	.EQU SPL=0x3D
                 	.EQU SPH=0x3E
                 	.EQU SREG=0x3F
                 
                 	.DEF R0X0=R0
                 	.DEF R0X1=R1
                 	.DEF R0X2=R2
                 	.DEF R0X3=R3
                 	.DEF R0X4=R4
                 	.DEF R0X5=R5
                 	.DEF R0X6=R6
                 	.DEF R0X7=R7
                 	.DEF R0X8=R8
                 	.DEF R0X9=R9
                 	.DEF R0XA=R10
                 	.DEF R0XB=R11
                 	.DEF R0XC=R12
                 	.DEF R0XD=R13
                 	.DEF R0XE=R14
                 	.DEF R0XF=R15
                 	.DEF R0X10=R16
                 	.DEF R0X11=R17
                 	.DEF R0X12=R18
                 	.DEF R0X13=R19
                 	.DEF R0X14=R20
                 	.DEF R0X15=R21
                 	.DEF R0X16=R22
                 	.DEF R0X17=R23
                 	.DEF R0X18=R24
                 	.DEF R0X19=R25
                 	.DEF R0X1A=R26
                 	.DEF R0X1B=R27
                 	.DEF R0X1C=R28
                 	.DEF R0X1D=R29
                 	.DEF R0X1E=R30
                 	.DEF R0X1F=R31
                 
                 	.EQU __SRAM_START=0x0060
                 	.EQU __SRAM_END=0x045F
                 	.EQU __DSTACK_SIZE=0x0100
                 	.EQU __HEAP_SIZE=0x0000
                 	.EQU __CLEAR_SRAM_SIZE=__SRAM_END-__SRAM_START+1
                 
                 	.MACRO __CPD1N
                 	CPI  R30,LOW(@0)
                 	LDI  R26,HIGH(@0)
                 	CPC  R31,R26
                 	LDI  R26,BYTE3(@0)
                 	CPC  R22,R26
                 	LDI  R26,BYTE4(@0)
                 	CPC  R23,R26
                 	.ENDM
                 
                 	.MACRO __CPD2N
                 	CPI  R26,LOW(@0)
                 	LDI  R30,HIGH(@0)
                 	CPC  R27,R30
                 	LDI  R30,BYTE3(@0)
                 	CPC  R24,R30
                 	LDI  R30,BYTE4(@0)
                 	CPC  R25,R30
                 	.ENDM
                 
                 	.MACRO __CPWRR
                 	CP   R@0,R@2
                 	CPC  R@1,R@3
                 	.ENDM
                 
                 	.MACRO __CPWRN
                 	CPI  R@0,LOW(@2)
                 	LDI  R30,HIGH(@2)
                 	CPC  R@1,R30
                 	.ENDM
                 
                 	.MACRO __ADDB1MN
                 	SUBI R30,LOW(-@0-(@1))
                 	.ENDM
                 
                 	.MACRO __ADDB2MN
                 	SUBI R26,LOW(-@0-(@1))
                 	.ENDM
                 
                 	.MACRO __ADDW1MN
                 	SUBI R30,LOW(-@0-(@1))
                 	SBCI R31,HIGH(-@0-(@1))
                 	.ENDM
                 
                 	.MACRO __ADDW2MN
                 	SUBI R26,LOW(-@0-(@1))
                 	SBCI R27,HIGH(-@0-(@1))
                 	.ENDM
                 
                 	.MACRO __ADDW1FN
                 	SUBI R30,LOW(-2*@0-(@1))
                 	SBCI R31,HIGH(-2*@0-(@1))
                 	.ENDM
                 
                 	.MACRO __ADDD1FN
                 	SUBI R30,LOW(-2*@0-(@1))
                 	SBCI R31,HIGH(-2*@0-(@1))
                 	SBCI R22,BYTE3(-2*@0-(@1))
                 	.ENDM
                 
                 	.MACRO __ADDD1N
                 	SUBI R30,LOW(-@0)
                 	SBCI R31,HIGH(-@0)
                 	SBCI R22,BYTE3(-@0)
                 	SBCI R23,BYTE4(-@0)
                 	.ENDM
                 
                 	.MACRO __ADDD2N
                 	SUBI R26,LOW(-@0)
                 	SBCI R27,HIGH(-@0)
                 	SBCI R24,BYTE3(-@0)
                 	SBCI R25,BYTE4(-@0)
                 	.ENDM
                 
                 	.MACRO __SUBD1N
                 	SUBI R30,LOW(@0)
                 	SBCI R31,HIGH(@0)
                 	SBCI R22,BYTE3(@0)
                 	SBCI R23,BYTE4(@0)
                 	.ENDM
                 
                 	.MACRO __SUBD2N
                 	SUBI R26,LOW(@0)
                 	SBCI R27,HIGH(@0)
                 	SBCI R24,BYTE3(@0)
                 	SBCI R25,BYTE4(@0)
                 	.ENDM
                 
                 	.MACRO __ANDBMNN
                 	LDS  R30,@0+(@1)
                 	ANDI R30,LOW(@2)
                 	STS  @0+(@1),R30
                 	.ENDM
                 
                 	.MACRO __ANDWMNN
                 	LDS  R30,@0+(@1)
                 	ANDI R30,LOW(@2)
                 	STS  @0+(@1),R30
                 	LDS  R30,@0+(@1)+1
                 	ANDI R30,HIGH(@2)
                 	STS  @0+(@1)+1,R30
                 	.ENDM
                 
                 	.MACRO __ANDD1N
                 	ANDI R30,LOW(@0)
                 	ANDI R31,HIGH(@0)
                 	ANDI R22,BYTE3(@0)
                 	ANDI R23,BYTE4(@0)
                 	.ENDM
                 
                 	.MACRO __ANDD2N
                 	ANDI R26,LOW(@0)
                 	ANDI R27,HIGH(@0)
                 	ANDI R24,BYTE3(@0)
                 	ANDI R25,BYTE4(@0)
                 	.ENDM
                 
                 	.MACRO __ORBMNN
                 	LDS  R30,@0+(@1)
                 	ORI  R30,LOW(@2)
                 	STS  @0+(@1),R30
                 	.ENDM
                 
                 	.MACRO __ORWMNN
                 	LDS  R30,@0+(@1)
                 	ORI  R30,LOW(@2)
                 	STS  @0+(@1),R30
                 	LDS  R30,@0+(@1)+1
                 	ORI  R30,HIGH(@2)
                 	STS  @0+(@1)+1,R30
                 	.ENDM
                 
                 	.MACRO __ORD1N
                 	ORI  R30,LOW(@0)
                 	ORI  R31,HIGH(@0)
                 	ORI  R22,BYTE3(@0)
                 	ORI  R23,BYTE4(@0)
                 	.ENDM
                 
                 	.MACRO __ORD2N
                 	ORI  R26,LOW(@0)
                 	ORI  R27,HIGH(@0)
                 	ORI  R24,BYTE3(@0)
                 	ORI  R25,BYTE4(@0)
                 	.ENDM
                 
                 	.MACRO __DELAY_USB
                 	LDI  R24,LOW(@0)
                 __DELAY_USB_LOOP:
                 	DEC  R24
                 	BRNE __DELAY_USB_LOOP
                 	.ENDM
                 
                 	.MACRO __DELAY_USW
                 	LDI  R24,LOW(@0)
                 	LDI  R25,HIGH(@0)
                 __DELAY_USW_LOOP:
                 	SBIW R24,1
                 	BRNE __DELAY_USW_LOOP
                 	.ENDM
                 
                 	.MACRO __GETD1S
                 	LDD  R30,Y+@0
                 	LDD  R31,Y+@0+1
                 	LDD  R22,Y+@0+2
                 	LDD  R23,Y+@0+3
                 	.ENDM
                 
                 	.MACRO __GETD2S
                 	LDD  R26,Y+@0
                 	LDD  R27,Y+@0+1
                 	LDD  R24,Y+@0+2
                 	LDD  R25,Y+@0+3
                 	.ENDM
                 
                 	.MACRO __PUTD1S
                 	STD  Y+@0,R30
                 	STD  Y+@0+1,R31
                 	STD  Y+@0+2,R22
                 	STD  Y+@0+3,R23
                 	.ENDM
                 
                 	.MACRO __PUTD2S
                 	STD  Y+@0,R26
                 	STD  Y+@0+1,R27
                 	STD  Y+@0+2,R24
                 	STD  Y+@0+3,R25
                 	.ENDM
                 
                 	.MACRO __PUTDZ2
                 	STD  Z+@0,R26
                 	STD  Z+@0+1,R27
                 	STD  Z+@0+2,R24
                 	STD  Z+@0+3,R25
                 	.ENDM
                 
                 	.MACRO __CLRD1S
                 	STD  Y+@0,R30
                 	STD  Y+@0+1,R30
                 	STD  Y+@0+2,R30
                 	STD  Y+@0+3,R30
                 	.ENDM
                 
                 	.MACRO __POINTB1MN
                 	LDI  R30,LOW(@0+(@1))
                 	.ENDM
                 
                 	.MACRO __POINTW1MN
                 	LDI  R30,LOW(@0+(@1))
                 	LDI  R31,HIGH(@0+(@1))
                 	.ENDM
                 
                 	.MACRO __POINTD1M
                 	LDI  R30,LOW(@0)
                 	LDI  R31,HIGH(@0)
                 	LDI  R22,BYTE3(@0)
                 	LDI  R23,BYTE4(@0)
                 	.ENDM
                 
                 	.MACRO __POINTW1FN
                 	LDI  R30,LOW(2*@0+(@1))
                 	LDI  R31,HIGH(2*@0+(@1))
                 	.ENDM
                 
                 	.MACRO __POINTD1FN
                 	LDI  R30,LOW(2*@0+(@1))
                 	LDI  R31,HIGH(2*@0+(@1))
                 	LDI  R22,BYTE3(2*@0+(@1))
                 	LDI  R23,BYTE4(2*@0+(@1))
                 	.ENDM
                 
                 	.MACRO __POINTB2MN
                 	LDI  R26,LOW(@0+(@1))
                 	.ENDM
                 
                 	.MACRO __POINTW2MN
                 	LDI  R26,LOW(@0+(@1))
                 	LDI  R27,HIGH(@0+(@1))
                 	.ENDM
                 
                 	.MACRO __POINTW2FN
                 	LDI  R26,LOW(2*@0+(@1))
                 	LDI  R27,HIGH(2*@0+(@1))
                 	.ENDM
                 
                 	.MACRO __POINTD2FN
                 	LDI  R26,LOW(2*@0+(@1))
                 	LDI  R27,HIGH(2*@0+(@1))
                 	LDI  R24,BYTE3(2*@0+(@1))
                 	LDI  R25,BYTE4(2*@0+(@1))
                 	.ENDM
                 
                 	.MACRO __POINTBRM
                 	LDI  R@0,LOW(@1)
                 	.ENDM
                 
                 	.MACRO __POINTWRM
                 	LDI  R@0,LOW(@2)
                 	LDI  R@1,HIGH(@2)
                 	.ENDM
                 
                 	.MACRO __POINTBRMN
                 	LDI  R@0,LOW(@1+(@2))
                 	.ENDM
                 
                 	.MACRO __POINTWRMN
                 	LDI  R@0,LOW(@2+(@3))
                 	LDI  R@1,HIGH(@2+(@3))
                 	.ENDM
                 
                 	.MACRO __POINTWRFN
                 	LDI  R@0,LOW(@2*2+(@3))
                 	LDI  R@1,HIGH(@2*2+(@3))
                 	.ENDM
                 
                 	.MACRO __GETD1N
                 	LDI  R30,LOW(@0)
                 	LDI  R31,HIGH(@0)
                 	LDI  R22,BYTE3(@0)
                 	LDI  R23,BYTE4(@0)
                 	.ENDM
                 
                 	.MACRO __GETD2N
                 	LDI  R26,LOW(@0)
                 	LDI  R27,HIGH(@0)
                 	LDI  R24,BYTE3(@0)
                 	LDI  R25,BYTE4(@0)
                 	.ENDM
                 
                 	.MACRO __GETB1MN
                 	LDS  R30,@0+(@1)
                 	.ENDM
                 
                 	.MACRO __GETB1HMN
                 	LDS  R31,@0+(@1)
                 	.ENDM
                 
                 	.MACRO __GETW1MN
                 	LDS  R30,@0+(@1)
                 	LDS  R31,@0+(@1)+1
                 	.ENDM
                 
                 	.MACRO __GETD1MN
                 	LDS  R30,@0+(@1)
                 	LDS  R31,@0+(@1)+1
                 	LDS  R22,@0+(@1)+2
                 	LDS  R23,@0+(@1)+3
                 	.ENDM
                 
                 	.MACRO __GETBRMN
                 	LDS  R@0,@1+(@2)
                 	.ENDM
                 
                 	.MACRO __GETWRMN
                 	LDS  R@0,@2+(@3)
                 	LDS  R@1,@2+(@3)+1
                 	.ENDM
                 
                 	.MACRO __GETWRZ
                 	LDD  R@0,Z+@2
                 	LDD  R@1,Z+@2+1
                 	.ENDM
                 
                 	.MACRO __GETD2Z
                 	LDD  R26,Z+@0
                 	LDD  R27,Z+@0+1
                 	LDD  R24,Z+@0+2
                 	LDD  R25,Z+@0+3
                 	.ENDM
                 
                 	.MACRO __GETB2MN
                 	LDS  R26,@0+(@1)
                 	.ENDM
                 
                 	.MACRO __GETW2MN
                 	LDS  R26,@0+(@1)
                 	LDS  R27,@0+(@1)+1
                 	.ENDM
                 
                 	.MACRO __GETD2MN
                 	LDS  R26,@0+(@1)
                 	LDS  R27,@0+(@1)+1
                 	LDS  R24,@0+(@1)+2
                 	LDS  R25,@0+(@1)+3
                 	.ENDM
                 
                 	.MACRO __PUTB1MN
                 	STS  @0+(@1),R30
                 	.ENDM
                 
                 	.MACRO __PUTW1MN
                 	STS  @0+(@1),R30
                 	STS  @0+(@1)+1,R31
                 	.ENDM
                 
                 	.MACRO __PUTD1MN
                 	STS  @0+(@1),R30
                 	STS  @0+(@1)+1,R31
                 	STS  @0+(@1)+2,R22
                 	STS  @0+(@1)+3,R23
                 	.ENDM
                 
                 	.MACRO __PUTB1EN
                 	LDI  R26,LOW(@0+(@1))
                 	LDI  R27,HIGH(@0+(@1))
                 	CALL __EEPROMWRB
                 	.ENDM
                 
                 	.MACRO __PUTW1EN
                 	LDI  R26,LOW(@0+(@1))
                 	LDI  R27,HIGH(@0+(@1))
                 	CALL __EEPROMWRW
                 	.ENDM
                 
                 	.MACRO __PUTD1EN
                 	LDI  R26,LOW(@0+(@1))
                 	LDI  R27,HIGH(@0+(@1))
                 	CALL __EEPROMWRD
                 	.ENDM
                 
                 	.MACRO __PUTBR0MN
                 	STS  @0+(@1),R0
                 	.ENDM
                 
                 	.MACRO __PUTBMRN
                 	STS  @0+(@1),R@2
                 	.ENDM
                 
                 	.MACRO __PUTWMRN
                 	STS  @0+(@1),R@2
                 	STS  @0+(@1)+1,R@3
                 	.ENDM
                 
                 	.MACRO __PUTBZR
                 	STD  Z+@1,R@0
                 	.ENDM
                 
                 	.MACRO __PUTWZR
                 	STD  Z+@2,R@0
                 	STD  Z+@2+1,R@1
                 	.ENDM
                 
                 	.MACRO __GETW1R
                 	MOV  R30,R@0
                 	MOV  R31,R@1
                 	.ENDM
                 
                 	.MACRO __GETW2R
                 	MOV  R26,R@0
                 	MOV  R27,R@1
                 	.ENDM
                 
                 	.MACRO __GETWRN
                 	LDI  R@0,LOW(@2)
                 	LDI  R@1,HIGH(@2)
                 	.ENDM
                 
                 	.MACRO __PUTW1R
                 	MOV  R@0,R30
                 	MOV  R@1,R31
                 	.ENDM
                 
                 	.MACRO __PUTW2R
                 	MOV  R@0,R26
                 	MOV  R@1,R27
                 	.ENDM
                 
                 	.MACRO __ADDWRN
                 	SUBI R@0,LOW(-@2)
                 	SBCI R@1,HIGH(-@2)
                 	.ENDM
                 
                 	.MACRO __ADDWRR
                 	ADD  R@0,R@2
                 	ADC  R@1,R@3
                 	.ENDM
                 
                 	.MACRO __SUBWRN
                 	SUBI R@0,LOW(@2)
                 	SBCI R@1,HIGH(@2)
                 	.ENDM
                 
                 	.MACRO __SUBWRR
                 	SUB  R@0,R@2
                 	SBC  R@1,R@3
                 	.ENDM
                 
                 	.MACRO __ANDWRN
                 	ANDI R@0,LOW(@2)
                 	ANDI R@1,HIGH(@2)
                 	.ENDM
                 
                 	.MACRO __ANDWRR
                 	AND  R@0,R@2
                 	AND  R@1,R@3
                 	.ENDM
                 
                 	.MACRO __ORWRN
                 	ORI  R@0,LOW(@2)
                 	ORI  R@1,HIGH(@2)
                 	.ENDM
                 
                 	.MACRO __ORWRR
                 	OR   R@0,R@2
                 	OR   R@1,R@3
                 	.ENDM
                 
                 	.MACRO __EORWRR
                 	EOR  R@0,R@2
                 	EOR  R@1,R@3
                 	.ENDM
                 
                 	.MACRO __GETWRS
                 	LDD  R@0,Y+@2
                 	LDD  R@1,Y+@2+1
                 	.ENDM
                 
                 	.MACRO __PUTBSR
                 	STD  Y+@1,R@0
                 	.ENDM
                 
                 	.MACRO __PUTWSR
                 	STD  Y+@2,R@0
                 	STD  Y+@2+1,R@1
                 	.ENDM
                 
                 	.MACRO __MOVEWRR
                 	MOV  R@0,R@2
                 	MOV  R@1,R@3
                 	.ENDM
                 
                 	.MACRO __INWR
                 	IN   R@0,@2
                 	IN   R@1,@2+1
                 	.ENDM
                 
                 	.MACRO __OUTWR
                 	OUT  @2+1,R@1
                 	OUT  @2,R@0
                 	.ENDM
                 
                 	.MACRO __CALL1MN
                 	LDS  R30,@0+(@1)
                 	LDS  R31,@0+(@1)+1
                 	ICALL
                 	.ENDM
                 
                 	.MACRO __CALL1FN
                 	LDI  R30,LOW(2*@0+(@1))
                 	LDI  R31,HIGH(2*@0+(@1))
                 	CALL __GETW1PF
                 	ICALL
                 	.ENDM
                 
                 	.MACRO __CALL2EN
                 	PUSH R26
                 	PUSH R27
                 	LDI  R26,LOW(@0+(@1))
                 	LDI  R27,HIGH(@0+(@1))
                 	CALL __EEPROMRDW
                 	POP  R27
                 	POP  R26
                 	ICALL
                 	.ENDM
                 
                 	.MACRO __CALL2EX
                 	SUBI R26,LOW(-@0)
                 	SBCI R27,HIGH(-@0)
                 	CALL __EEPROMRDD
                 	ICALL
                 	.ENDM
                 
                 	.MACRO __GETW1STACK
                 	IN   R30,SPL
                 	IN   R31,SPH
                 	ADIW R30,@0+1
                 	LD   R0,Z+
                 	LD   R31,Z
                 	MOV  R30,R0
                 	.ENDM
                 
                 	.MACRO __GETD1STACK
                 	IN   R30,SPL
                 	IN   R31,SPH
                 	ADIW R30,@0+1
                 	LD   R0,Z+
                 	LD   R1,Z+
                 	LD   R22,Z
                 	MOVW R30,R0
                 	.ENDM
                 
                 	.MACRO __NBST
                 	BST  R@0,@1
                 	IN   R30,SREG
                 	LDI  R31,0x40
                 	EOR  R30,R31
                 	OUT  SREG,R30
                 	.ENDM
                 
                 
                 	.MACRO __PUTB1SN
                 	LDD  R26,Y+@0
                 	LDD  R27,Y+@0+1
                 	SUBI R26,LOW(-@1)
                 	SBCI R27,HIGH(-@1)
                 	ST   X,R30
                 	.ENDM
                 
                 	.MACRO __PUTW1SN
                 	LDD  R26,Y+@0
                 	LDD  R27,Y+@0+1
                 	SUBI R26,LOW(-@1)
                 	SBCI R27,HIGH(-@1)
                 	ST   X+,R30
                 	ST   X,R31
                 	.ENDM
                 
                 	.MACRO __PUTD1SN
                 	LDD  R26,Y+@0
                 	LDD  R27,Y+@0+1
                 	SUBI R26,LOW(-@1)
                 	SBCI R27,HIGH(-@1)
                 	CALL __PUTDP1
                 	.ENDM
                 
                 	.MACRO __PUTB1SNS
                 	LDD  R26,Y+@0
                 	LDD  R27,Y+@0+1
                 	ADIW R26,@1
                 	ST   X,R30
                 	.ENDM
                 
                 	.MACRO __PUTW1SNS
                 	LDD  R26,Y+@0
                 	LDD  R27,Y+@0+1
                 	ADIW R26,@1
                 	ST   X+,R30
                 	ST   X,R31
                 	.ENDM
                 
                 	.MACRO __PUTD1SNS
                 	LDD  R26,Y+@0
                 	LDD  R27,Y+@0+1
                 	ADIW R26,@1
                 	CALL __PUTDP1
                 	.ENDM
                 
                 	.MACRO __PUTB1PMN
                 	LDS  R26,@0
                 	LDS  R27,@0+1
                 	SUBI R26,LOW(-@1)
                 	SBCI R27,HIGH(-@1)
                 	ST   X,R30
                 	.ENDM
                 
                 	.MACRO __PUTW1PMN
                 	LDS  R26,@0
                 	LDS  R27,@0+1
                 	SUBI R26,LOW(-@1)
                 	SBCI R27,HIGH(-@1)
                 	ST   X+,R30
                 	ST   X,R31
                 	.ENDM
                 
                 	.MACRO __PUTD1PMN
                 	LDS  R26,@0
                 	LDS  R27,@0+1
                 	SUBI R26,LOW(-@1)
                 	SBCI R27,HIGH(-@1)
                 	CALL __PUTDP1
                 	.ENDM
                 
                 	.MACRO __PUTB1PMNS
                 	LDS  R26,@0
                 	LDS  R27,@0+1
                 	ADIW R26,@1
                 	ST   X,R30
                 	.ENDM
                 
                 	.MACRO __PUTW1PMNS
                 	LDS  R26,@0
                 	LDS  R27,@0+1
                 	ADIW R26,@1
                 	ST   X+,R30
                 	ST   X,R31
                 	.ENDM
                 
                 	.MACRO __PUTD1PMNS
                 	LDS  R26,@0
                 	LDS  R27,@0+1
                 	ADIW R26,@1
                 	CALL __PUTDP1
                 	.ENDM
                 
                 	.MACRO __PUTB1RN
                 	MOVW R26,R@0
                 	SUBI R26,LOW(-@1)
                 	SBCI R27,HIGH(-@1)
                 	ST   X,R30
                 	.ENDM
                 
                 	.MACRO __PUTW1RN
                 	MOVW R26,R@0
                 	SUBI R26,LOW(-@1)
                 	SBCI R27,HIGH(-@1)
                 	ST   X+,R30
                 	ST   X,R31
                 	.ENDM
                 
                 	.MACRO __PUTD1RN
                 	MOVW R26,R@0
                 	SUBI R26,LOW(-@1)
                 	SBCI R27,HIGH(-@1)
                 	CALL __PUTDP1
                 	.ENDM
                 
                 	.MACRO __PUTB1RNS
                 	MOVW R26,R@0
                 	ADIW R26,@1
                 	ST   X,R30
                 	.ENDM
                 
                 	.MACRO __PUTW1RNS
                 	MOVW R26,R@0
                 	ADIW R26,@1
                 	ST   X+,R30
                 	ST   X,R31
                 	.ENDM
                 
                 	.MACRO __PUTD1RNS
                 	MOVW R26,R@0
                 	ADIW R26,@1
                 	CALL __PUTDP1
                 	.ENDM
                 
                 	.MACRO __PUTB1RON
                 	MOV  R26,R@0
                 	MOV  R27,R@1
                 	SUBI R26,LOW(-@2)
                 	SBCI R27,HIGH(-@2)
                 	ST   X,R30
                 	.ENDM
                 
                 	.MACRO __PUTW1RON
                 	MOV  R26,R@0
                 	MOV  R27,R@1
                 	SUBI R26,LOW(-@2)
                 	SBCI R27,HIGH(-@2)
                 	ST   X+,R30
                 	ST   X,R31
                 	.ENDM
                 
                 	.MACRO __PUTD1RON
                 	MOV  R26,R@0
                 	MOV  R27,R@1
                 	SUBI R26,LOW(-@2)
                 	SBCI R27,HIGH(-@2)
                 	CALL __PUTDP1
                 	.ENDM
                 
                 	.MACRO __PUTB1RONS
                 	MOV  R26,R@0
                 	MOV  R27,R@1
                 	ADIW R26,@2
                 	ST   X,R30
                 	.ENDM
                 
                 	.MACRO __PUTW1RONS
                 	MOV  R26,R@0
                 	MOV  R27,R@1
                 	ADIW R26,@2
                 	ST   X+,R30
                 	ST   X,R31
                 	.ENDM
                 
                 	.MACRO __PUTD1RONS
                 	MOV  R26,R@0
                 	MOV  R27,R@1
                 	ADIW R26,@2
                 	CALL __PUTDP1
                 	.ENDM
                 
                 
                 	.MACRO __GETB1SX
                 	MOVW R30,R28
                 	SUBI R30,LOW(-@0)
                 	SBCI R31,HIGH(-@0)
                 	LD   R30,Z
                 	.ENDM
                 
                 	.MACRO __GETB1HSX
                 	MOVW R30,R28
                 	SUBI R30,LOW(-@0)
                 	SBCI R31,HIGH(-@0)
                 	LD   R31,Z
                 	.ENDM
                 
                 	.MACRO __GETW1SX
                 	MOVW R30,R28
                 	SUBI R30,LOW(-@0)
                 	SBCI R31,HIGH(-@0)
                 	LD   R0,Z+
                 	LD   R31,Z
                 	MOV  R30,R0
                 	.ENDM
                 
                 	.MACRO __GETD1SX
                 	MOVW R30,R28
                 	SUBI R30,LOW(-@0)
                 	SBCI R31,HIGH(-@0)
                 	LD   R0,Z+
                 	LD   R1,Z+
                 	LD   R22,Z+
                 	LD   R23,Z
                 	MOVW R30,R0
                 	.ENDM
                 
                 	.MACRO __GETB2SX
                 	MOVW R26,R28
                 	SUBI R26,LOW(-@0)
                 	SBCI R27,HIGH(-@0)
                 	LD   R26,X
                 	.ENDM
                 
                 	.MACRO __GETW2SX
                 	MOVW R26,R28
                 	SUBI R26,LOW(-@0)
                 	SBCI R27,HIGH(-@0)
                 	LD   R0,X+
                 	LD   R27,X
                 	MOV  R26,R0
                 	.ENDM
                 
                 	.MACRO __GETD2SX
                 	MOVW R26,R28
                 	SUBI R26,LOW(-@0)
                 	SBCI R27,HIGH(-@0)
                 	LD   R0,X+
                 	LD   R1,X+
                 	LD   R24,X+
                 	LD   R25,X
                 	MOVW R26,R0
                 	.ENDM
                 
                 	.MACRO __GETBRSX
                 	MOVW R30,R28
                 	SUBI R30,LOW(-@1)
                 	SBCI R31,HIGH(-@1)
                 	LD   R@0,Z
                 	.ENDM
                 
                 	.MACRO __GETWRSX
                 	MOVW R30,R28
                 	SUBI R30,LOW(-@2)
                 	SBCI R31,HIGH(-@2)
                 	LD   R@0,Z+
                 	LD   R@1,Z
                 	.ENDM
                 
                 	.MACRO __GETBRSX2
                 	MOVW R26,R28
                 	SUBI R26,LOW(-@1)
                 	SBCI R27,HIGH(-@1)
                 	LD   R@0,X
                 	.ENDM
                 
                 	.MACRO __GETWRSX2
                 	MOVW R26,R28
                 	SUBI R26,LOW(-@2)
                 	SBCI R27,HIGH(-@2)
                 	LD   R@0,X+
                 	LD   R@1,X
                 	.ENDM
                 
                 	.MACRO __LSLW8SX
                 	MOVW R30,R28
                 	SUBI R30,LOW(-@0)
                 	SBCI R31,HIGH(-@0)
                 	LD   R31,Z
                 	CLR  R30
                 	.ENDM
                 
                 	.MACRO __PUTB1SX
                 	MOVW R26,R28
                 	SUBI R26,LOW(-@0)
                 	SBCI R27,HIGH(-@0)
                 	ST   X,R30
                 	.ENDM
                 
                 	.MACRO __PUTW1SX
                 	MOVW R26,R28
                 	SUBI R26,LOW(-@0)
                 	SBCI R27,HIGH(-@0)
                 	ST   X+,R30
                 	ST   X,R31
                 	.ENDM
                 
                 	.MACRO __PUTD1SX
                 	MOVW R26,R28
                 	SUBI R26,LOW(-@0)
                 	SBCI R27,HIGH(-@0)
                 	ST   X+,R30
                 	ST   X+,R31
                 	ST   X+,R22
                 	ST   X,R23
                 	.ENDM
                 
                 	.MACRO __CLRW1SX
                 	MOVW R26,R28
                 	SUBI R26,LOW(-@0)
                 	SBCI R27,HIGH(-@0)
                 	ST   X+,R30
                 	ST   X,R30
                 	.ENDM
                 
                 	.MACRO __CLRD1SX
                 	MOVW R26,R28
                 	SUBI R26,LOW(-@0)
                 	SBCI R27,HIGH(-@0)
                 	ST   X+,R30
                 	ST   X+,R30
                 	ST   X+,R30
                 	ST   X,R30
                 	.ENDM
                 
                 	.MACRO __PUTB2SX
                 	MOVW R30,R28
                 	SUBI R30,LOW(-@0)
                 	SBCI R31,HIGH(-@0)
                 	ST   Z,R26
                 	.ENDM
                 
                 	.MACRO __PUTW2SX
                 	MOVW R30,R28
                 	SUBI R30,LOW(-@0)
                 	SBCI R31,HIGH(-@0)
                 	ST   Z+,R26
                 	ST   Z,R27
                 	.ENDM
                 
                 	.MACRO __PUTD2SX
                 	MOVW R30,R28
                 	SUBI R30,LOW(-@0)
                 	SBCI R31,HIGH(-@0)
                 	ST   Z+,R26
                 	ST   Z+,R27
                 	ST   Z+,R24
                 	ST   Z,R25
                 	.ENDM
                 
                 	.MACRO __PUTBSRX
                 	MOVW R30,R28
                 	SUBI R30,LOW(-@1)
                 	SBCI R31,HIGH(-@1)
                 	ST   Z,R@0
                 	.ENDM
                 
                 	.MACRO __PUTWSRX
                 	MOVW R30,R28
                 	SUBI R30,LOW(-@2)
                 	SBCI R31,HIGH(-@2)
                 	ST   Z+,R@0
                 	ST   Z,R@1
                 	.ENDM
                 
                 	.MACRO __PUTB1SNX
                 	MOVW R26,R28
                 	SUBI R26,LOW(-@0)
                 	SBCI R27,HIGH(-@0)
                 	LD   R0,X+
                 	LD   R27,X
                 	MOV  R26,R0
                 	SUBI R26,LOW(-@1)
                 	SBCI R27,HIGH(-@1)
                 	ST   X,R30
                 	.ENDM
                 
                 	.MACRO __PUTW1SNX
                 	MOVW R26,R28
                 	SUBI R26,LOW(-@0)
                 	SBCI R27,HIGH(-@0)
                 	LD   R0,X+
                 	LD   R27,X
                 	MOV  R26,R0
                 	SUBI R26,LOW(-@1)
                 	SBCI R27,HIGH(-@1)
                 	ST   X+,R30
                 	ST   X,R31
                 	.ENDM
                 
                 	.MACRO __PUTD1SNX
                 	MOVW R26,R28
                 	SUBI R26,LOW(-@0)
                 	SBCI R27,HIGH(-@0)
                 	LD   R0,X+
                 	LD   R27,X
                 	MOV  R26,R0
                 	SUBI R26,LOW(-@1)
                 	SBCI R27,HIGH(-@1)
                 	ST   X+,R30
                 	ST   X+,R31
                 	ST   X+,R22
                 	ST   X,R23
                 	.ENDM
                 
                 	.MACRO __MULBRR
                 	MULS R@0,R@1
                 	MOVW R30,R0
                 	.ENDM
                 
                 	.MACRO __MULBRRU
                 	MUL  R@0,R@1
                 	MOVW R30,R0
                 	.ENDM
                 
                 	.MACRO __MULBRR0
                 	MULS R@0,R@1
                 	.ENDM
                 
                 	.MACRO __MULBRRU0
                 	MUL  R@0,R@1
                 	.ENDM
                 
                 	.MACRO __MULBNWRU
                 	LDI  R26,@2
                 	MUL  R26,R@0
                 	MOVW R30,R0
                 	MUL  R26,R@1
                 	ADD  R31,R0
                 	.ENDM
                 
                 ;NAME DEFINITIONS FOR GLOBAL VARIABLES ALLOCATED TO REGISTERS
                 	.DEF _i=R4
                 	.DEF _i_msb=R5
                 	.DEF _chr=R7
                 	.DEF __lcd_x=R6
                 	.DEF __lcd_y=R9
                 	.DEF __lcd_maxx=R8
                 
                 	.CSEG
                 	.ORG 0x00
                 
                 ;START OF CODE MARKER
                 __START_OF_CODE:
                 
                 ;INTERRUPT VECTORS
000000 940c 002f 	JMP  __RESET
000002 940c 0000 	JMP  0x00
000004 940c 0000 	JMP  0x00
000006 940c 0000 	JMP  0x00
000008 940c 0000 	JMP  0x00
00000a 940c 0000 	JMP  0x00
00000c 940c 0000 	JMP  0x00
00000e 940c 0000 	JMP  0x00
000010 940c 0000 	JMP  0x00
000012 940c 0000 	JMP  0x00
000014 940c 0000 	JMP  0x00
000016 940c 0000 	JMP  0x00
000018 940c 0000 	JMP  0x00
00001a 940c 0000 	JMP  0x00
00001c 940c 0000 	JMP  0x00
00001e 940c 0000 	JMP  0x00
000020 940c 0000 	JMP  0x00
000022 940c 0000 	JMP  0x00
000024 940c 0000 	JMP  0x00
000026 940c 0000 	JMP  0x00
000028 940c 0000 	JMP  0x00
                 
                 _0x2000003:
00002a c080      	.DB  0x80,0xC0
                 
                 __GLOBAL_INI_TBL:
00002b 0002      	.DW  0x02
00002c 0160      	.DW  __base_y_G100
00002d 0054      	.DW  _0x2000003*2
                 
                 _0xFFFFFFFF:
00002e 0000      	.DW  0
                 
                 #define __GLOBAL_INI_TBL_PRESENT 1
                 
                 __RESET:
00002f 94f8      	CLI
000030 27ee      	CLR  R30
000031 bbec      	OUT  EECR,R30
                 
                 ;INTERRUPT VECTORS ARE PLACED
                 ;AT THE START OF FLASH
000032 e0f1      	LDI  R31,1
000033 bffb      	OUT  GICR,R31
000034 bfeb      	OUT  GICR,R30
000035 bfe5      	OUT  MCUCR,R30
                 
                 ;CLEAR R2-R14
000036 e08d      	LDI  R24,(14-2)+1
000037 e0a2      	LDI  R26,2
000038 27bb      	CLR  R27
                 __CLEAR_REG:
000039 93ed      	ST   X+,R30
00003a 958a      	DEC  R24
00003b f7e9      	BRNE __CLEAR_REG
                 
                 ;CLEAR SRAM
00003c e080      	LDI  R24,LOW(__CLEAR_SRAM_SIZE)
00003d e094      	LDI  R25,HIGH(__CLEAR_SRAM_SIZE)
00003e e6a0      	LDI  R26,__SRAM_START
                 __CLEAR_SRAM:
00003f 93ed      	ST   X+,R30
000040 9701      	SBIW R24,1
000041 f7e9      	BRNE __CLEAR_SRAM
                 
                 ;GLOBAL VARIABLES INITIALIZATION
000042 e5e6      	LDI  R30,LOW(__GLOBAL_INI_TBL*2)
000043 e0f0      	LDI  R31,HIGH(__GLOBAL_INI_TBL*2)
                 __GLOBAL_INI_NEXT:
000044 9185      	LPM  R24,Z+
000045 9195      	LPM  R25,Z+
000046 9700      	SBIW R24,0
000047 f061      	BREQ __GLOBAL_INI_END
000048 91a5      	LPM  R26,Z+
000049 91b5      	LPM  R27,Z+
00004a 9005      	LPM  R0,Z+
00004b 9015      	LPM  R1,Z+
00004c 01bf      	MOVW R22,R30
00004d 01f0      	MOVW R30,R0
                 __GLOBAL_INI_LOOP:
00004e 9005      	LPM  R0,Z+
00004f 920d      	ST   X+,R0
000050 9701      	SBIW R24,1
000051 f7e1      	BRNE __GLOBAL_INI_LOOP
000052 01fb      	MOVW R30,R22
000053 cff0      	RJMP __GLOBAL_INI_NEXT
                 __GLOBAL_INI_END:
                 
                 ;HARDWARE STACK POINTER INITIALIZATION
000054 e5ef      	LDI  R30,LOW(__SRAM_END-__HEAP_SIZE)
000055 bfed      	OUT  SPL,R30
000056 e0e4      	LDI  R30,HIGH(__SRAM_END-__HEAP_SIZE)
000057 bfee      	OUT  SPH,R30
                 
                 ;DATA STACK POINTER INITIALIZATION
000058 e6c0      	LDI  R28,LOW(__SRAM_START+__DSTACK_SIZE)
000059 e0d1      	LDI  R29,HIGH(__SRAM_START+__DSTACK_SIZE)
                 
00005a 940c 005c 	JMP  _main
                 
                 	.ESEG
                 	.ORG 0
                 
                 	.DSEG
                 	.ORG 0x160
                 
                 	.CSEG
                 ;/*******************************************************
                 ;This program was created by the
                 ;CodeWizardAVR V3.12 Advanced
                 ;Automatic Program Generator
                 ;© Copyright 1998-2014 Pavel Haiduc, HP InfoTech s.r.l.
                 ;http://www.hpinfotech.com
                 ;
                 ;Project :
                 ;Version :
                 ;Date    : 4/22/2021
                 ;Author  :
                 ;Company :
                 ;Comments:
                 ;
                 ;
                 ;Chip type               : ATmega16
                 ;Program type            : Application
                 ;AVR Core Clock frequency: 8.000000 MHz
                 ;Memory model            : Small
                 ;External RAM size       : 0
                 ;Data Stack size         : 256
                 ;*******************************************************/
                 ;
                 ;#include <mega16.h>
                 	#ifndef __SLEEP_DEFINED__
                 	#define __SLEEP_DEFINED__
                 	.EQU __se_bit=0x40
                 	.EQU __sm_mask=0xB0
                 	.EQU __sm_powerdown=0x20
                 	.EQU __sm_powersave=0x30
                 	.EQU __sm_standby=0xA0
                 	.EQU __sm_ext_standby=0xB0
                 	.EQU __sm_adc_noise_red=0x10
                 	.SET power_ctrl_reg=mcucr
                 	#endif
                 ;#include <delay.h>
                 ;// Alphanumeric LCD functions
                 ;#include <alcd.h>
                 ;int i;
                 ;char chr;
                 ;
                 ;// Declare your global variables here
                 ;
                 ;void main(void)
                 ; 0000 0022 {
                 
                 	.CSEG
                 _main:
                 ; .FSTART _main
                 ; 0000 0023 // Declare your local variables here
                 ; 0000 0024 
                 ; 0000 0025 // Input/Output Ports initialization
                 ; 0000 0026 // Port A initialization
                 ; 0000 0027 // Function: Bit7=In Bit6=In Bit5=In Bit4=In Bit3=Out Bit2=Out Bit1=Out Bit0=Out
                 ; 0000 0028 DDRA=(0<<DDA7) | (0<<DDA6) | (0<<DDA5) | (0<<DDA4) | (1<<DDA3) | (1<<DDA2) | (1<<DDA1) | (1<<DDA0);
00005c e0ef      	LDI  R30,LOW(15)
00005d bbea      	OUT  0x1A,R30
                 ; 0000 0029 // State: Bit7=T Bit6=P Bit5=P Bit4=P Bit3=0 Bit2=0 Bit1=0 Bit0=0
                 ; 0000 002A PORTA=(0<<PORTA7) | (1<<PORTA6) | (1<<PORTA5) | (1<<PORTA4) | (0<<PORTA3) | (0<<PORTA2) | (0<<PORTA1) | (0<<PORTA0);
00005e e7e0      	LDI  R30,LOW(112)
00005f bbeb      	OUT  0x1B,R30
                 ; 0000 002B 
                 ; 0000 002C // Port B initialization
                 ; 0000 002D // Function: Bit7=In Bit6=In Bit5=In Bit4=In Bit3=Out Bit2=Out Bit1=Out Bit0=Out
                 ; 0000 002E DDRB=(0<<DDB7) | (0<<DDB6) | (0<<DDB5) | (0<<DDB4) | (1<<DDB3) | (1<<DDB2) | (1<<DDB1) | (1<<DDB0);
000060 e0ef      	LDI  R30,LOW(15)
000061 bbe7      	OUT  0x17,R30
                 ; 0000 002F // State: Bit7=T Bit6=P Bit5=P Bit4=P Bit3=0 Bit2=0 Bit1=0 Bit0=0
                 ; 0000 0030 PORTB=(0<<PORTB7) | (1<<PORTB6) | (1<<PORTB5) | (1<<PORTB4) | (0<<PORTB3) | (0<<PORTB2) | (0<<PORTB1) | (0<<PORTB0);
000062 e7e0      	LDI  R30,LOW(112)
000063 bbe8      	OUT  0x18,R30
                 ; 0000 0031 
                 ; 0000 0032 // Port C initialization
                 ; 0000 0033 // Function: Bit7=In Bit6=In Bit5=In Bit4=In Bit3=In Bit2=In Bit1=In Bit0=In
                 ; 0000 0034 DDRC=(0<<DDC7) | (0<<DDC6) | (0<<DDC5) | (0<<DDC4) | (0<<DDC3) | (0<<DDC2) | (0<<DDC1) | (0<<DDC0);
000064 e0e0      	LDI  R30,LOW(0)
000065 bbe4      	OUT  0x14,R30
                 ; 0000 0035 // State: Bit7=T Bit6=T Bit5=T Bit4=T Bit3=T Bit2=T Bit1=T Bit0=T
                 ; 0000 0036 PORTC=(0<<PORTC7) | (0<<PORTC6) | (0<<PORTC5) | (0<<PORTC4) | (0<<PORTC3) | (0<<PORTC2) | (0<<PORTC1) | (0<<PORTC0);
000066 bbe5      	OUT  0x15,R30
                 ; 0000 0037 
                 ; 0000 0038 // Port D initialization
                 ; 0000 0039 // Function: Bit7=In Bit6=In Bit5=In Bit4=In Bit3=In Bit2=In Bit1=In Bit0=In
                 ; 0000 003A DDRD=(0<<DDD7) | (0<<DDD6) | (0<<DDD5) | (0<<DDD4) | (0<<DDD3) | (0<<DDD2) | (0<<DDD1) | (0<<DDD0);
000067 bbe1      	OUT  0x11,R30
                 ; 0000 003B // State: Bit7=T Bit6=T Bit5=T Bit4=T Bit3=T Bit2=T Bit1=T Bit0=T
                 ; 0000 003C PORTD=(0<<PORTD7) | (0<<PORTD6) | (0<<PORTD5) | (0<<PORTD4) | (0<<PORTD3) | (0<<PORTD2) | (0<<PORTD1) | (0<<PORTD0);
000068 bbe2      	OUT  0x12,R30
                 ; 0000 003D 
                 ; 0000 003E // Timer/Counter 0 initialization
                 ; 0000 003F // Clock source: System Clock
                 ; 0000 0040 // Clock value: Timer 0 Stopped
                 ; 0000 0041 // Mode: Normal top=0xFF
                 ; 0000 0042 // OC0 output: Disconnected
                 ; 0000 0043 TCCR0=(0<<WGM00) | (0<<COM01) | (0<<COM00) | (0<<WGM01) | (0<<CS02) | (0<<CS01) | (0<<CS00);
000069 bfe3      	OUT  0x33,R30
                 ; 0000 0044 TCNT0=0x00;
00006a bfe2      	OUT  0x32,R30
                 ; 0000 0045 OCR0=0x00;
00006b bfec      	OUT  0x3C,R30
                 ; 0000 0046 
                 ; 0000 0047 // Timer/Counter 1 initialization
                 ; 0000 0048 // Clock source: System Clock
                 ; 0000 0049 // Clock value: Timer1 Stopped
                 ; 0000 004A // Mode: Normal top=0xFFFF
                 ; 0000 004B // OC1A output: Disconnected
                 ; 0000 004C // OC1B output: Disconnected
                 ; 0000 004D // Noise Canceler: Off
                 ; 0000 004E // Input Capture on Falling Edge
                 ; 0000 004F // Timer1 Overflow Interrupt: Off
                 ; 0000 0050 // Input Capture Interrupt: Off
                 ; 0000 0051 // Compare A Match Interrupt: Off
                 ; 0000 0052 // Compare B Match Interrupt: Off
                 ; 0000 0053 TCCR1A=(0<<COM1A1) | (0<<COM1A0) | (0<<COM1B1) | (0<<COM1B0) | (0<<WGM11) | (0<<WGM10);
00006c bdef      	OUT  0x2F,R30
                 ; 0000 0054 TCCR1B=(0<<ICNC1) | (0<<ICES1) | (0<<WGM13) | (0<<WGM12) | (0<<CS12) | (0<<CS11) | (0<<CS10);
00006d bdee      	OUT  0x2E,R30
                 ; 0000 0055 TCNT1H=0x00;
00006e bded      	OUT  0x2D,R30
                 ; 0000 0056 TCNT1L=0x00;
00006f bdec      	OUT  0x2C,R30
                 ; 0000 0057 ICR1H=0x00;
000070 bde7      	OUT  0x27,R30
                 ; 0000 0058 ICR1L=0x00;
000071 bde6      	OUT  0x26,R30
                 ; 0000 0059 OCR1AH=0x00;
000072 bdeb      	OUT  0x2B,R30
                 ; 0000 005A OCR1AL=0x00;
000073 bdea      	OUT  0x2A,R30
                 ; 0000 005B OCR1BH=0x00;
000074 bde9      	OUT  0x29,R30
                 ; 0000 005C OCR1BL=0x00;
000075 bde8      	OUT  0x28,R30
                 ; 0000 005D 
                 ; 0000 005E // Timer/Counter 2 initialization
                 ; 0000 005F // Clock source: System Clock
                 ; 0000 0060 // Clock value: Timer2 Stopped
                 ; 0000 0061 // Mode: Normal top=0xFF
                 ; 0000 0062 // OC2 output: Disconnected
                 ; 0000 0063 ASSR=0<<AS2;
000076 bde2      	OUT  0x22,R30
                 ; 0000 0064 TCCR2=(0<<PWM2) | (0<<COM21) | (0<<COM20) | (0<<CTC2) | (0<<CS22) | (0<<CS21) | (0<<CS20);
000077 bde5      	OUT  0x25,R30
                 ; 0000 0065 TCNT2=0x00;
000078 bde4      	OUT  0x24,R30
                 ; 0000 0066 OCR2=0x00;
000079 bde3      	OUT  0x23,R30
                 ; 0000 0067 
                 ; 0000 0068 // Timer(s)/Counter(s) Interrupt(s) initialization
                 ; 0000 0069 TIMSK=(0<<OCIE2) | (0<<TOIE2) | (0<<TICIE1) | (0<<OCIE1A) | (0<<OCIE1B) | (0<<TOIE1) | (0<<OCIE0) | (0<<TOIE0);
00007a bfe9      	OUT  0x39,R30
                 ; 0000 006A 
                 ; 0000 006B // External Interrupt(s) initialization
                 ; 0000 006C // INT0: Off
                 ; 0000 006D // INT1: Off
                 ; 0000 006E // INT2: Off
                 ; 0000 006F MCUCR=(0<<ISC11) | (0<<ISC10) | (0<<ISC01) | (0<<ISC00);
00007b bfe5      	OUT  0x35,R30
                 ; 0000 0070 MCUCSR=(0<<ISC2);
00007c bfe4      	OUT  0x34,R30
                 ; 0000 0071 
                 ; 0000 0072 // USART initialization
                 ; 0000 0073 // USART disabled
                 ; 0000 0074 UCSRB=(0<<RXCIE) | (0<<TXCIE) | (0<<UDRIE) | (0<<RXEN) | (0<<TXEN) | (0<<UCSZ2) | (0<<RXB8) | (0<<TXB8);
00007d b9ea      	OUT  0xA,R30
                 ; 0000 0075 
                 ; 0000 0076 // Analog Comparator initialization
                 ; 0000 0077 // Analog Comparator: Off
                 ; 0000 0078 // The Analog Comparator's positive input is
                 ; 0000 0079 // connected to the AIN0 pin
                 ; 0000 007A // The Analog Comparator's negative input is
                 ; 0000 007B // connected to the AIN1 pin
                 ; 0000 007C ACSR=(1<<ACD) | (0<<ACBG) | (0<<ACO) | (0<<ACI) | (0<<ACIE) | (0<<ACIC) | (0<<ACIS1) | (0<<ACIS0);
00007e e8e0      	LDI  R30,LOW(128)
00007f b9e8      	OUT  0x8,R30
                 ; 0000 007D SFIOR=(0<<ACME);
000080 e0e0      	LDI  R30,LOW(0)
000081 bfe0      	OUT  0x30,R30
                 ; 0000 007E 
                 ; 0000 007F // ADC initialization
                 ; 0000 0080 // ADC disabled
                 ; 0000 0081 ADCSRA=(0<<ADEN) | (0<<ADSC) | (0<<ADATE) | (0<<ADIF) | (0<<ADIE) | (0<<ADPS2) | (0<<ADPS1) | (0<<ADPS0);
000082 b9e6      	OUT  0x6,R30
                 ; 0000 0082 
                 ; 0000 0083 // SPI initialization
                 ; 0000 0084 // SPI disabled
                 ; 0000 0085 SPCR=(0<<SPIE) | (0<<SPE) | (0<<DORD) | (0<<MSTR) | (0<<CPOL) | (0<<CPHA) | (0<<SPR1) | (0<<SPR0);
000083 b9ed      	OUT  0xD,R30
                 ; 0000 0086 
                 ; 0000 0087 // TWI initialization
                 ; 0000 0088 // TWI disabled
                 ; 0000 0089 TWCR=(0<<TWEA) | (0<<TWSTA) | (0<<TWSTO) | (0<<TWEN) | (0<<TWIE);
000084 bfe6      	OUT  0x36,R30
                 ; 0000 008A 
                 ; 0000 008B // Alphanumeric LCD initialization
                 ; 0000 008C // Connections are specified in the
                 ; 0000 008D // Project|Configure|C Compiler|Libraries|Alphanumeric LCD menu:
                 ; 0000 008E // RS - PORTA Bit 0
                 ; 0000 008F // RD - PORTA Bit 1
                 ; 0000 0090 // EN - PORTA Bit 2
                 ; 0000 0091 // D4 - PORTA Bit 4
                 ; 0000 0092 // D5 - PORTA Bit 5
                 ; 0000 0093 // D6 - PORTA Bit 6
                 ; 0000 0094 // D7 - PORTA Bit 7
                 ; 0000 0095 // Characters/line: 20
                 ; 0000 0096 lcd_init(20);
000085 e1a4      	LDI  R26,LOW(20)
000086 d11b      	RCALL _lcd_init
                 ; 0000 0097 i = 0;
000087 2444      	CLR  R4
000088 2455      	CLR  R5
                 ; 0000 0098 while (1)
                 _0x3:
                 ; 0000 0099       {
                 ; 0000 009A       // Place your code here
                 ; 0000 009B        PORTB.0=0;
000089 98c0      	CBI  0x18,0
                 ; 0000 009C        PORTB.1=1;
00008a 9ac1      	SBI  0x18,1
                 ; 0000 009D        PORTB.2=1;
00008b 9ac2      	SBI  0x18,2
                 ; 0000 009E        PORTB.3=1;
00008c 9ac3      	SBI  0x18,3
                 ; 0000 009F        if(PINB.5==0)
00008d 99b5      	SBIC 0x16,5
00008e c010      	RJMP _0xE
                 ; 0000 00A0        {
                 ; 0000 00A1          if(PINB.5==0)
00008f 99b5      	SBIC 0x16,5
000090 c003      	RJMP _0xF
                 ; 0000 00A2          {
                 ; 0000 00A3           lcd_gotoxy(i,0);
000091 d13b      	RCALL SUBOPT_0x0
                 ; 0000 00A4           chr = 'a';
000092 e6e1      	LDI  R30,LOW(97)
000093 d13c      	RCALL SUBOPT_0x1
                 ; 0000 00A5           lcd_putchar(chr);
                 ; 0000 00A6           delay_ms(50);
                 ; 0000 00A7          }
                 ; 0000 00A8          if(PINB.5==0)
                 _0xF:
000094 99b5      	SBIC 0x16,5
000095 c003      	RJMP _0x10
                 ; 0000 00A9          {
                 ; 0000 00AA           lcd_gotoxy(i,0);
000096 d136      	RCALL SUBOPT_0x0
                 ; 0000 00AB           chr = 'b';
000097 e6e2      	LDI  R30,LOW(98)
000098 d137      	RCALL SUBOPT_0x1
                 ; 0000 00AC           lcd_putchar(chr);
                 ; 0000 00AD           delay_ms(50);
                 ; 0000 00AE          }
                 ; 0000 00AF         if(PINB.5==0)
                 _0x10:
000099 99b5      	SBIC 0x16,5
00009a c003      	RJMP _0x11
                 ; 0000 00B0          {
                 ; 0000 00B1           lcd_gotoxy(i,0);
00009b d131      	RCALL SUBOPT_0x0
                 ; 0000 00B2           chr = 'c';
00009c e6e3      	LDI  R30,LOW(99)
00009d d132      	RCALL SUBOPT_0x1
                 ; 0000 00B3           lcd_putchar(chr);
                 ; 0000 00B4           delay_ms(50);
                 ; 0000 00B5          }
                 ; 0000 00B6         delay_ms(100);
                 _0x11:
00009e d138      	RCALL SUBOPT_0x2
                 ; 0000 00B7         i++;
                 ; 0000 00B8        }
                 ; 0000 00B9        PORTB.0=0;
                 _0xE:
00009f 98c0      	CBI  0x18,0
                 ; 0000 00BA        PORTB.1=1;
0000a0 9ac1      	SBI  0x18,1
                 ; 0000 00BB        PORTB.2=1;
0000a1 9ac2      	SBI  0x18,2
                 ; 0000 00BC        PORTB.3=1;
0000a2 9ac3      	SBI  0x18,3
                 ; 0000 00BD        if(PINB.6==0)
0000a3 99b6      	SBIC 0x16,6
0000a4 c010      	RJMP _0x1A
                 ; 0000 00BE        {
                 ; 0000 00BF          if(PINB.6==0)
0000a5 99b6      	SBIC 0x16,6
0000a6 c003      	RJMP _0x1B
                 ; 0000 00C0          {
                 ; 0000 00C1           lcd_gotoxy(i,0);
0000a7 d125      	RCALL SUBOPT_0x0
                 ; 0000 00C2           chr = 'd';
0000a8 e6e4      	LDI  R30,LOW(100)
0000a9 d126      	RCALL SUBOPT_0x1
                 ; 0000 00C3           lcd_putchar(chr);
                 ; 0000 00C4           delay_ms(50);
                 ; 0000 00C5          }
                 ; 0000 00C6          if(PINB.6==0)
                 _0x1B:
0000aa 99b6      	SBIC 0x16,6
0000ab c003      	RJMP _0x1C
                 ; 0000 00C7          {
                 ; 0000 00C8           lcd_gotoxy(i,0);
0000ac d120      	RCALL SUBOPT_0x0
                 ; 0000 00C9           chr = 'e';
0000ad e6e5      	LDI  R30,LOW(101)
0000ae d121      	RCALL SUBOPT_0x1
                 ; 0000 00CA           lcd_putchar(chr);
                 ; 0000 00CB           delay_ms(50);
                 ; 0000 00CC          }
                 ; 0000 00CD         if(PINB.6==0)
                 _0x1C:
0000af 99b6      	SBIC 0x16,6
0000b0 c003      	RJMP _0x1D
                 ; 0000 00CE          {
                 ; 0000 00CF           lcd_gotoxy(i,0);
0000b1 d11b      	RCALL SUBOPT_0x0
                 ; 0000 00D0           chr = 'f';
0000b2 e6e6      	LDI  R30,LOW(102)
0000b3 d11c      	RCALL SUBOPT_0x1
                 ; 0000 00D1           lcd_putchar(chr);
                 ; 0000 00D2           delay_ms(50);
                 ; 0000 00D3          }
                 ; 0000 00D4         delay_ms(100);
                 _0x1D:
0000b4 d122      	RCALL SUBOPT_0x2
                 ; 0000 00D5         i++;
                 ; 0000 00D6        }
                 ; 0000 00D7        PORTB.0=1;
                 _0x1A:
0000b5 9ac0      	SBI  0x18,0
                 ; 0000 00D8        PORTB.1=0;
0000b6 98c1      	CBI  0x18,1
                 ; 0000 00D9        PORTB.2=1;
0000b7 9ac2      	SBI  0x18,2
                 ; 0000 00DA        PORTB.3=1;
0000b8 9ac3      	SBI  0x18,3
                 ; 0000 00DB        if(PINB.4==0)
0000b9 99b4      	SBIC 0x16,4
0000ba c010      	RJMP _0x26
                 ; 0000 00DC        {
                 ; 0000 00DD          if(PINB.4==0)
0000bb 99b4      	SBIC 0x16,4
0000bc c003      	RJMP _0x27
                 ; 0000 00DE          {
                 ; 0000 00DF           lcd_gotoxy(i,0);
0000bd d10f      	RCALL SUBOPT_0x0
                 ; 0000 00E0           chr = 'g';
0000be e6e7      	LDI  R30,LOW(103)
0000bf d110      	RCALL SUBOPT_0x1
                 ; 0000 00E1           lcd_putchar(chr);
                 ; 0000 00E2           delay_ms(50);
                 ; 0000 00E3          }
                 ; 0000 00E4          if(PINB.4==0)
                 _0x27:
0000c0 99b4      	SBIC 0x16,4
0000c1 c003      	RJMP _0x28
                 ; 0000 00E5          {
                 ; 0000 00E6           lcd_gotoxy(i,0);
0000c2 d10a      	RCALL SUBOPT_0x0
                 ; 0000 00E7           chr = 'h';
0000c3 e6e8      	LDI  R30,LOW(104)
0000c4 d10b      	RCALL SUBOPT_0x1
                 ; 0000 00E8           lcd_putchar(chr);
                 ; 0000 00E9           delay_ms(50);
                 ; 0000 00EA          }
                 ; 0000 00EB         if(PINB.4==0)
                 _0x28:
0000c5 99b4      	SBIC 0x16,4
0000c6 c003      	RJMP _0x29
                 ; 0000 00EC          {
                 ; 0000 00ED           lcd_gotoxy(i,0);
0000c7 d105      	RCALL SUBOPT_0x0
                 ; 0000 00EE           chr = 'i';
0000c8 e6e9      	LDI  R30,LOW(105)
0000c9 d106      	RCALL SUBOPT_0x1
                 ; 0000 00EF           lcd_putchar(chr);
                 ; 0000 00F0           delay_ms(50);
                 ; 0000 00F1          }
                 ; 0000 00F2         delay_ms(100);
                 _0x29:
0000ca d10c      	RCALL SUBOPT_0x2
                 ; 0000 00F3         i++;
                 ; 0000 00F4        }
                 ; 0000 00F5        if(PINB.5==0)
                 _0x26:
0000cb 99b5      	SBIC 0x16,5
0000cc c010      	RJMP _0x2A
                 ; 0000 00F6        {
                 ; 0000 00F7          if(PINB.5==0)
0000cd 99b5      	SBIC 0x16,5
0000ce c003      	RJMP _0x2B
                 ; 0000 00F8          {
                 ; 0000 00F9           lcd_gotoxy(i,0);
0000cf d0fd      	RCALL SUBOPT_0x0
                 ; 0000 00FA           chr = 'j';
0000d0 e6ea      	LDI  R30,LOW(106)
0000d1 d0fe      	RCALL SUBOPT_0x1
                 ; 0000 00FB           lcd_putchar(chr);
                 ; 0000 00FC           delay_ms(50);
                 ; 0000 00FD          }
                 ; 0000 00FE          if(PINB.5==0)
                 _0x2B:
0000d2 99b5      	SBIC 0x16,5
0000d3 c003      	RJMP _0x2C
                 ; 0000 00FF          {
                 ; 0000 0100           lcd_gotoxy(i,0);
0000d4 d0f8      	RCALL SUBOPT_0x0
                 ; 0000 0101           chr = 'k';
0000d5 e6eb      	LDI  R30,LOW(107)
0000d6 d0f9      	RCALL SUBOPT_0x1
                 ; 0000 0102           lcd_putchar(chr);
                 ; 0000 0103           delay_ms(50);
                 ; 0000 0104          }
                 ; 0000 0105         if(PINB.5==0)
                 _0x2C:
0000d7 99b5      	SBIC 0x16,5
0000d8 c003      	RJMP _0x2D
                 ; 0000 0106          {
                 ; 0000 0107           lcd_gotoxy(i,0);
0000d9 d0f3      	RCALL SUBOPT_0x0
                 ; 0000 0108           chr = 'l';
0000da e6ec      	LDI  R30,LOW(108)
0000db d0f4      	RCALL SUBOPT_0x1
                 ; 0000 0109           lcd_putchar(chr);
                 ; 0000 010A           delay_ms(50);
                 ; 0000 010B          }
                 ; 0000 010C         delay_ms(100);
                 _0x2D:
0000dc d0fa      	RCALL SUBOPT_0x2
                 ; 0000 010D         i++;
                 ; 0000 010E        }
                 ; 0000 010F        if(PINB.6==0)
                 _0x2A:
0000dd 99b6      	SBIC 0x16,6
0000de c010      	RJMP _0x2E
                 ; 0000 0110        {
                 ; 0000 0111          if(PINB.6==0)
0000df 99b6      	SBIC 0x16,6
0000e0 c003      	RJMP _0x2F
                 ; 0000 0112          {
                 ; 0000 0113           lcd_gotoxy(i,0);
0000e1 d0eb      	RCALL SUBOPT_0x0
                 ; 0000 0114           chr = 'm';
0000e2 e6ed      	LDI  R30,LOW(109)
0000e3 d0ec      	RCALL SUBOPT_0x1
                 ; 0000 0115           lcd_putchar(chr);
                 ; 0000 0116           delay_ms(50);
                 ; 0000 0117          }
                 ; 0000 0118          if(PINB.6==0)
                 _0x2F:
0000e4 99b6      	SBIC 0x16,6
0000e5 c003      	RJMP _0x30
                 ; 0000 0119          {
                 ; 0000 011A           lcd_gotoxy(i,0);
0000e6 d0e6      	RCALL SUBOPT_0x0
                 ; 0000 011B           chr = 'n';
0000e7 e6ee      	LDI  R30,LOW(110)
0000e8 d0e7      	RCALL SUBOPT_0x1
                 ; 0000 011C           lcd_putchar(chr);
                 ; 0000 011D           delay_ms(50);
                 ; 0000 011E          }
                 ; 0000 011F         if(PINB.6==0)
                 _0x30:
0000e9 99b6      	SBIC 0x16,6
0000ea c003      	RJMP _0x31
                 ; 0000 0120          {
                 ; 0000 0121           lcd_gotoxy(i,0);
0000eb d0e1      	RCALL SUBOPT_0x0
                 ; 0000 0122           chr = 'o';
0000ec e6ef      	LDI  R30,LOW(111)
0000ed d0e2      	RCALL SUBOPT_0x1
                 ; 0000 0123           lcd_putchar(chr);
                 ; 0000 0124           delay_ms(50);
                 ; 0000 0125          }
                 ; 0000 0126         delay_ms(100);
                 _0x31:
0000ee d0e8      	RCALL SUBOPT_0x2
                 ; 0000 0127         i++;
                 ; 0000 0128        }
                 ; 0000 0129        PORTB.0=1;
                 _0x2E:
0000ef 9ac0      	SBI  0x18,0
                 ; 0000 012A        PORTB.1=1;
0000f0 9ac1      	SBI  0x18,1
                 ; 0000 012B        PORTB.2=0;
0000f1 98c2      	CBI  0x18,2
                 ; 0000 012C        PORTB.3=1;
0000f2 9ac3      	SBI  0x18,3
                 ; 0000 012D        if(PINB.4==0)
0000f3 99b4      	SBIC 0x16,4
0000f4 c015      	RJMP _0x3A
                 ; 0000 012E        {
                 ; 0000 012F          if(PINB.4==0)
0000f5 99b4      	SBIC 0x16,4
0000f6 c003      	RJMP _0x3B
                 ; 0000 0130          {
                 ; 0000 0131           lcd_gotoxy(i,0);
0000f7 d0d5      	RCALL SUBOPT_0x0
                 ; 0000 0132           chr = 'p';
0000f8 e7e0      	LDI  R30,LOW(112)
0000f9 d0d6      	RCALL SUBOPT_0x1
                 ; 0000 0133           lcd_putchar(chr);
                 ; 0000 0134           delay_ms(50);
                 ; 0000 0135          }
                 ; 0000 0136          if(PINB.4==0)
                 _0x3B:
0000fa 99b4      	SBIC 0x16,4
0000fb c003      	RJMP _0x3C
                 ; 0000 0137          {
                 ; 0000 0138           lcd_gotoxy(i,0);
0000fc d0d0      	RCALL SUBOPT_0x0
                 ; 0000 0139           chr = 'q';
0000fd e7e1      	LDI  R30,LOW(113)
0000fe d0d1      	RCALL SUBOPT_0x1
                 ; 0000 013A           lcd_putchar(chr);
                 ; 0000 013B           delay_ms(50);
                 ; 0000 013C          }
                 ; 0000 013D         if(PINB.4==0)
                 _0x3C:
0000ff 99b4      	SBIC 0x16,4
000100 c003      	RJMP _0x3D
                 ; 0000 013E          {
                 ; 0000 013F           lcd_gotoxy(i,0);
000101 d0cb      	RCALL SUBOPT_0x0
                 ; 0000 0140           chr = 'r';
000102 e7e2      	LDI  R30,LOW(114)
000103 d0cc      	RCALL SUBOPT_0x1
                 ; 0000 0141           lcd_putchar(chr);
                 ; 0000 0142           delay_ms(50);
                 ; 0000 0143          }
                 ; 0000 0144          if(PINB.4==0)
                 _0x3D:
000104 99b4      	SBIC 0x16,4
000105 c003      	RJMP _0x3E
                 ; 0000 0145          {
                 ; 0000 0146           lcd_gotoxy(i,0);
000106 d0c6      	RCALL SUBOPT_0x0
                 ; 0000 0147           chr = 's';
000107 e7e3      	LDI  R30,LOW(115)
000108 d0c7      	RCALL SUBOPT_0x1
                 ; 0000 0148           lcd_putchar(chr);
                 ; 0000 0149           delay_ms(50);
                 ; 0000 014A          }
                 ; 0000 014B         delay_ms(100);
                 _0x3E:
000109 d0cd      	RCALL SUBOPT_0x2
                 ; 0000 014C         i++;
                 ; 0000 014D        }
                 ; 0000 014E        if(PINB.5==0)
                 _0x3A:
00010a 99b5      	SBIC 0x16,5
00010b c010      	RJMP _0x3F
                 ; 0000 014F        {
                 ; 0000 0150          if(PINB.5==0)
00010c 99b5      	SBIC 0x16,5
00010d c003      	RJMP _0x40
                 ; 0000 0151          {
                 ; 0000 0152           lcd_gotoxy(i,0);
00010e d0be      	RCALL SUBOPT_0x0
                 ; 0000 0153           chr = 't';
00010f e7e4      	LDI  R30,LOW(116)
000110 d0bf      	RCALL SUBOPT_0x1
                 ; 0000 0154           lcd_putchar(chr);
                 ; 0000 0155           delay_ms(50);
                 ; 0000 0156          }
                 ; 0000 0157          if(PINB.5==0)
                 _0x40:
000111 99b5      	SBIC 0x16,5
000112 c003      	RJMP _0x41
                 ; 0000 0158          {
                 ; 0000 0159           lcd_gotoxy(i,0);
000113 d0b9      	RCALL SUBOPT_0x0
                 ; 0000 015A           chr = 'u';
000114 e7e5      	LDI  R30,LOW(117)
000115 d0ba      	RCALL SUBOPT_0x1
                 ; 0000 015B           lcd_putchar(chr);
                 ; 0000 015C           delay_ms(50);
                 ; 0000 015D          }
                 ; 0000 015E         if(PINB.5==0)
                 _0x41:
000116 99b5      	SBIC 0x16,5
000117 c003      	RJMP _0x42
                 ; 0000 015F          {
                 ; 0000 0160           lcd_gotoxy(i,0);
000118 d0b4      	RCALL SUBOPT_0x0
                 ; 0000 0161           chr = 'v';
000119 e7e6      	LDI  R30,LOW(118)
00011a d0b5      	RCALL SUBOPT_0x1
                 ; 0000 0162           lcd_putchar(chr);
                 ; 0000 0163           delay_ms(50);
                 ; 0000 0164          }
                 ; 0000 0165         delay_ms(100);
                 _0x42:
00011b d0bb      	RCALL SUBOPT_0x2
                 ; 0000 0166         i++;
                 ; 0000 0167        }
                 ; 0000 0168        if(PINB.6==0)
                 _0x3F:
00011c 99b6      	SBIC 0x16,6
00011d c015      	RJMP _0x43
                 ; 0000 0169        {
                 ; 0000 016A          if(PINB.6==0)
00011e 99b6      	SBIC 0x16,6
00011f c003      	RJMP _0x44
                 ; 0000 016B          {
                 ; 0000 016C           lcd_gotoxy(i,0);
000120 d0ac      	RCALL SUBOPT_0x0
                 ; 0000 016D           chr = 'w';
000121 e7e7      	LDI  R30,LOW(119)
000122 d0ad      	RCALL SUBOPT_0x1
                 ; 0000 016E           lcd_putchar(chr);
                 ; 0000 016F           delay_ms(50);
                 ; 0000 0170          }
                 ; 0000 0171          if(PINB.6==0)
                 _0x44:
000123 99b6      	SBIC 0x16,6
000124 c003      	RJMP _0x45
                 ; 0000 0172          {
                 ; 0000 0173           lcd_gotoxy(i,0);
000125 d0a7      	RCALL SUBOPT_0x0
                 ; 0000 0174           chr = 'x';
000126 e7e8      	LDI  R30,LOW(120)
000127 d0a8      	RCALL SUBOPT_0x1
                 ; 0000 0175           lcd_putchar(chr);
                 ; 0000 0176           delay_ms(50);
                 ; 0000 0177          }
                 ; 0000 0178         if(PINB.6==0)
                 _0x45:
000128 99b6      	SBIC 0x16,6
000129 c003      	RJMP _0x46
                 ; 0000 0179          {
                 ; 0000 017A           lcd_gotoxy(i,0);
00012a d0a2      	RCALL SUBOPT_0x0
                 ; 0000 017B           chr = 'y';
00012b e7e9      	LDI  R30,LOW(121)
00012c d0a3      	RCALL SUBOPT_0x1
                 ; 0000 017C           lcd_putchar(chr);
                 ; 0000 017D           delay_ms(50);
                 ; 0000 017E          }
                 ; 0000 017F          if(PINB.6==0)
                 _0x46:
00012d 99b6      	SBIC 0x16,6
00012e c003      	RJMP _0x47
                 ; 0000 0180          {
                 ; 0000 0181           lcd_gotoxy(i,0);
00012f d09d      	RCALL SUBOPT_0x0
                 ; 0000 0182           chr = 'z';
000130 e7ea      	LDI  R30,LOW(122)
000131 d09e      	RCALL SUBOPT_0x1
                 ; 0000 0183           lcd_putchar(chr);
                 ; 0000 0184           delay_ms(50);
                 ; 0000 0185          }
                 ; 0000 0186         delay_ms(100);
                 _0x47:
000132 d0a4      	RCALL SUBOPT_0x2
                 ; 0000 0187         i++;
                 ; 0000 0188        }
                 ; 0000 0189        PORTB.0=1;
                 _0x43:
000133 9ac0      	SBI  0x18,0
                 ; 0000 018A        PORTB.1=1;
000134 9ac1      	SBI  0x18,1
                 ; 0000 018B        PORTB.2=1;
000135 9ac2      	SBI  0x18,2
                 ; 0000 018C        PORTB.3=0;
000136 98c3      	CBI  0x18,3
                 ; 0000 018D        if(PINB.4==0)
000137 99b4      	SBIC 0x16,4
000138 c014      	RJMP _0x50
                 ; 0000 018E        {
                 ; 0000 018F         if(PINB.4==0)
000139 99b4      	SBIC 0x16,4
00013a c00b      	RJMP _0x51
                 ; 0000 0190         {
                 ; 0000 0191          lcd_gotoxy((i-1),0);
00013b 2de4      	MOV  R30,R4
00013c 50e1      	SUBI R30,LOW(1)
00013d 93ea      	ST   -Y,R30
00013e e0a0      	LDI  R26,LOW(0)
00013f d037      	RCALL _lcd_gotoxy
                 ; 0000 0192          lcd_putchar('');
000140 e0a0      	LDI  R26,LOW(0)
000141 d04c      	RCALL _lcd_putchar
                 ; 0000 0193          delay_ms(50);
000142 e3a2      	LDI  R26,LOW(50)
000143 e0b0      	LDI  R27,0
000144 940e 01eb 	CALL _delay_ms
                 ; 0000 0194         }
                 ; 0000 0195         delay_ms(100);
                 _0x51:
000146 e6a4      	LDI  R26,LOW(100)
000147 e0b0      	LDI  R27,0
000148 940e 01eb 	CALL _delay_ms
                 ; 0000 0196         i--;
00014a 01f2      	MOVW R30,R4
00014b 9731      	SBIW R30,1
00014c 012f      	MOVW R4,R30
                 ; 0000 0197        }
                 ; 0000 0198        if(PINB.5==0)
                 _0x50:
00014d 99b5      	SBIC 0x16,5
00014e c006      	RJMP _0x52
                 ; 0000 0199        {
                 ; 0000 019A         if(PINB.5==0)
00014f 99b5      	SBIC 0x16,5
000150 c003      	RJMP _0x53
                 ; 0000 019B         {
                 ; 0000 019C          lcd_gotoxy(i,0);
000151 d07b      	RCALL SUBOPT_0x0
                 ; 0000 019D          chr = ' ';
000152 e2e0      	LDI  R30,LOW(32)
000153 d07c      	RCALL SUBOPT_0x1
                 ; 0000 019E          lcd_putchar(chr);
                 ; 0000 019F          delay_ms(50);
                 ; 0000 01A0         }
                 ; 0000 01A1        delay_ms(100);
                 _0x53:
000154 d082      	RCALL SUBOPT_0x2
                 ; 0000 01A2        i++;
                 ; 0000 01A3        }
                 ; 0000 01A4       }
                 _0x52:
000155 cf33      	RJMP _0x3
                 ; 0000 01A5 
                 ; 0000 01A6 }
                 _0x54:
000156 cfff      	RJMP _0x54
                 ; .FEND
                 	#ifndef __SLEEP_DEFINED__
                 	#endif
                 
                 	.DSEG
                 
                 	.CSEG
                 __lcd_write_nibble_G100:
                 ; .FSTART __lcd_write_nibble_G100
000157 93aa      	ST   -Y,R26
000158 b3eb      	IN   R30,0x1B
000159 70ef      	ANDI R30,LOW(0xF)
00015a 2fae      	MOV  R26,R30
00015b 81e8      	LD   R30,Y
00015c 7fe0      	ANDI R30,LOW(0xF0)
00015d 2bea      	OR   R30,R26
00015e bbeb      	OUT  0x1B,R30
                +
00015f e08d     +LDI R24 , LOW ( 13 )
                +__DELAY_USB_LOOP :
000160 958a     +DEC R24
000161 f7f1     +BRNE __DELAY_USB_LOOP
                 	__DELAY_USB 13
000162 9ada      	SBI  0x1B,2
                +
000163 e08d     +LDI R24 , LOW ( 13 )
                +__DELAY_USB_LOOP :
000164 958a     +DEC R24
000165 f7f1     +BRNE __DELAY_USB_LOOP
                 	__DELAY_USB 13
000166 98da      	CBI  0x1B,2
                +
000167 e08d     +LDI R24 , LOW ( 13 )
                +__DELAY_USB_LOOP :
000168 958a     +DEC R24
000169 f7f1     +BRNE __DELAY_USB_LOOP
                 	__DELAY_USB 13
00016a c060      	RJMP _0x2020001
                 ; .FEND
                 __lcd_write_data:
                 ; .FSTART __lcd_write_data
00016b 93aa      	ST   -Y,R26
00016c 81a8      	LD   R26,Y
00016d dfe9      	RCALL __lcd_write_nibble_G100
00016e 81e8          ld    r30,y
00016f 95e2          swap  r30
000170 83e8          st    y,r30
000171 81a8      	LD   R26,Y
000172 dfe4      	RCALL __lcd_write_nibble_G100
                +
000173 e885     +LDI R24 , LOW ( 133 )
                +__DELAY_USB_LOOP :
000174 958a     +DEC R24
000175 f7f1     +BRNE __DELAY_USB_LOOP
                 	__DELAY_USB 133
000176 c054      	RJMP _0x2020001
                 ; .FEND
                 _lcd_gotoxy:
                 ; .FSTART _lcd_gotoxy
000177 93aa      	ST   -Y,R26
000178 81e8      	LD   R30,Y
000179 e0f0      	LDI  R31,0
00017a 5ae0      	SUBI R30,LOW(-__base_y_G100)
00017b 4ffe      	SBCI R31,HIGH(-__base_y_G100)
00017c 81e0      	LD   R30,Z
00017d 81a9      	LDD  R26,Y+1
00017e 0fae      	ADD  R26,R30
00017f dfeb      	RCALL __lcd_write_data
000180 8069      	LDD  R6,Y+1
000181 8098      	LDD  R9,Y+0
000182 9622      	ADIW R28,2
000183 9508      	RET
                 ; .FEND
                 _lcd_clear:
                 ; .FSTART _lcd_clear
000184 e0a2      	LDI  R26,LOW(2)
000185 d059      	RCALL SUBOPT_0x3
000186 e0ac      	LDI  R26,LOW(12)
000187 dfe3      	RCALL __lcd_write_data
000188 e0a1      	LDI  R26,LOW(1)
000189 d055      	RCALL SUBOPT_0x3
00018a e0e0      	LDI  R30,LOW(0)
00018b 2e9e      	MOV  R9,R30
00018c 2e6e      	MOV  R6,R30
00018d 9508      	RET
                 ; .FEND
                 _lcd_putchar:
                 ; .FSTART _lcd_putchar
00018e 93aa      	ST   -Y,R26
00018f 81a8      	LD   R26,Y
000190 30aa      	CPI  R26,LOW(0xA)
000191 f011      	BREQ _0x2000005
000192 1468      	CP   R6,R8
000193 f040      	BRLO _0x2000004
                 _0x2000005:
000194 e0e0      	LDI  R30,LOW(0)
000195 93ea      	ST   -Y,R30
000196 9493      	INC  R9
000197 2da9      	MOV  R26,R9
000198 dfde      	RCALL _lcd_gotoxy
000199 81a8      	LD   R26,Y
00019a 30aa      	CPI  R26,LOW(0xA)
00019b f179      	BREQ _0x2020001
                 _0x2000004:
00019c 9463      	INC  R6
00019d 9ad8      	SBI  0x1B,0
00019e 81a8      	LD   R26,Y
00019f dfcb      	RCALL __lcd_write_data
0001a0 98d8      	CBI  0x1B,0
0001a1 c029      	RJMP _0x2020001
                 ; .FEND
                 _lcd_init:
                 ; .FSTART _lcd_init
0001a2 93aa      	ST   -Y,R26
0001a3 b3ea      	IN   R30,0x1A
0001a4 6fe0      	ORI  R30,LOW(0xF0)
0001a5 bbea      	OUT  0x1A,R30
0001a6 9ad2      	SBI  0x1A,2
0001a7 9ad0      	SBI  0x1A,0
0001a8 9ad1      	SBI  0x1A,1
0001a9 98da      	CBI  0x1B,2
0001aa 98d8      	CBI  0x1B,0
0001ab 98d9      	CBI  0x1B,1
0001ac 8088      	LDD  R8,Y+0
0001ad 81e8      	LD   R30,Y
0001ae 58e0      	SUBI R30,-LOW(128)
                +
0001af 93e0 0162+STS __base_y_G100 + ( 2 ) , R30
                 	__PUTB1MN __base_y_G100,2
0001b1 81e8      	LD   R30,Y
0001b2 54e0      	SUBI R30,-LOW(192)
                +
0001b3 93e0 0163+STS __base_y_G100 + ( 3 ) , R30
                 	__PUTB1MN __base_y_G100,3
0001b5 e1a4      	LDI  R26,LOW(20)
0001b6 e0b0      	LDI  R27,0
0001b7 940e 01eb 	CALL _delay_ms
0001b9 d02a      	RCALL SUBOPT_0x4
0001ba d029      	RCALL SUBOPT_0x4
0001bb d028      	RCALL SUBOPT_0x4
0001bc e2a0      	LDI  R26,LOW(32)
0001bd df99      	RCALL __lcd_write_nibble_G100
                +
0001be ec88     +LDI R24 , LOW ( 200 )
0001bf e090     +LDI R25 , HIGH ( 200 )
                +__DELAY_USW_LOOP :
0001c0 9701     +SBIW R24 , 1
0001c1 f7f1     +BRNE __DELAY_USW_LOOP
                 	__DELAY_USW 200
0001c2 e2a8      	LDI  R26,LOW(40)
0001c3 dfa7      	RCALL __lcd_write_data
0001c4 e0a4      	LDI  R26,LOW(4)
0001c5 dfa5      	RCALL __lcd_write_data
0001c6 e8a5      	LDI  R26,LOW(133)
0001c7 dfa3      	RCALL __lcd_write_data
0001c8 e0a6      	LDI  R26,LOW(6)
0001c9 dfa1      	RCALL __lcd_write_data
0001ca dfb9      	RCALL _lcd_clear
                 _0x2020001:
0001cb 9621      	ADIW R28,1
0001cc 9508      	RET
                 ; .FEND
                 
                 	.DSEG
                 __base_y_G100:
000160           	.BYTE 0x4
                 
                 	.CSEG
                 ;OPTIMIZER ADDED SUBROUTINE, CALLED 27 TIMES, CODE SIZE REDUCTION:49 WORDS
                 SUBOPT_0x0:
0001cd 924a      	ST   -Y,R4
0001ce e0a0      	LDI  R26,LOW(0)
0001cf cfa7      	RJMP _lcd_gotoxy
                 
                 ;OPTIMIZER ADDED SUBROUTINE, CALLED 27 TIMES, CODE SIZE REDUCTION:153 WORDS
                 SUBOPT_0x1:
0001d0 2e7e      	MOV  R7,R30
0001d1 2da7      	MOV  R26,R7
0001d2 dfbb      	RCALL _lcd_putchar
0001d3 e3a2      	LDI  R26,LOW(50)
0001d4 e0b0      	LDI  R27,0
0001d5 940c 01eb 	JMP  _delay_ms
                 
                 ;OPTIMIZER ADDED SUBROUTINE, CALLED 9 TIMES, CODE SIZE REDUCTION:37 WORDS
                 SUBOPT_0x2:
0001d7 e6a4      	LDI  R26,LOW(100)
0001d8 e0b0      	LDI  R27,0
0001d9 940e 01eb 	CALL _delay_ms
0001db 01f2      	MOVW R30,R4
0001dc 9631      	ADIW R30,1
0001dd 012f      	MOVW R4,R30
0001de 9508      	RET
                 
                 ;OPTIMIZER ADDED SUBROUTINE, CALLED 2 TIMES, CODE SIZE REDUCTION:1 WORDS
                 SUBOPT_0x3:
0001df df8b      	RCALL __lcd_write_data
0001e0 e0a3      	LDI  R26,LOW(3)
0001e1 e0b0      	LDI  R27,0
0001e2 940c 01eb 	JMP  _delay_ms
                 
                 ;OPTIMIZER ADDED SUBROUTINE, CALLED 3 TIMES, CODE SIZE REDUCTION:7 WORDS
                 SUBOPT_0x4:
0001e4 e3a0      	LDI  R26,LOW(48)
0001e5 df71      	RCALL __lcd_write_nibble_G100
                +
0001e6 ec88     +LDI R24 , LOW ( 200 )
0001e7 e090     +LDI R25 , HIGH ( 200 )
                +__DELAY_USW_LOOP :
0001e8 9701     +SBIW R24 , 1
0001e9 f7f1     +BRNE __DELAY_USW_LOOP
                 	__DELAY_USW 200
0001ea 9508      	RET
                 
                 
                 	.CSEG
                 _delay_ms:
0001eb 9610      	adiw r26,0
0001ec f039      	breq __delay_ms1
                 __delay_ms0:
                +
0001ed ed80     +LDI R24 , LOW ( 0x7D0 )
0001ee e097     +LDI R25 , HIGH ( 0x7D0 )
                +__DELAY_USW_LOOP :
0001ef 9701     +SBIW R24 , 1
0001f0 f7f1     +BRNE __DELAY_USW_LOOP
                 	__DELAY_USW 0x7D0
0001f1 95a8      	wdr
0001f2 9711      	sbiw r26,1
0001f3 f7c9      	brne __delay_ms0
                 __delay_ms1:
0001f4 9508      	ret
                 
                 ;END OF CODE MARKER
                 __END_OF_CODE:


RESOURCE USE INFORMATION
------------------------

Notice:
The register and instruction counts are symbol table hit counts,
and hence implicitly used resources are not counted, eg, the
'lpm' instruction without operands implicitly uses r0 and z,
none of which are counted.

x,y,z are separate entities in the symbol table and are
counted separately from r26..r31 here.

.dseg memory usage only counts static data declared with .byte

ATmega16 register use summary:
r0 :   4 r1 :   1 r2 :   0 r3 :   0 r4 :   7 r5 :   1 r6 :   4 r7 :   2 
r8 :   2 r9 :   4 r10:   0 r11:   0 r12:   0 r13:   0 r14:   0 r15:   0 
r16:   0 r17:   0 r18:   0 r19:   0 r20:   0 r21:   0 r22:   2 r23:   0 
r24:  21 r25:   5 r26:  42 r27:   8 r28:   3 r29:   1 r30: 120 r31:   5 
x  :   3 y  :  23 z  :   8 
Registers used: 20 out of 35 (57.1%)

ATmega16 instruction use summary:
.lds  :   0 .lds.l:   0 .sts  :   0 .sts.l:   0 adc   :   0 add   :   1 
adiw  :   4 and   :   0 andi  :   2 asr   :   0 bclr  :   0 bld   :   0 
brbc  :   0 brbs  :   0 brcc  :   0 brcs  :   0 break :   0 breq  :   4 
brge  :   0 brhc  :   0 brhs  :   0 brid  :   0 brie  :   0 brlo  :   1 
brlt  :   0 brmi  :   0 brne  :  11 brpl  :   0 brsh  :   0 brtc  :   0 
brts  :   0 brvc  :   0 brvs  :   0 bset  :   0 bst   :   0 call  :   4 
cbi   :  10 cbr   :   0 clc   :   0 clh   :   0 cli   :   1 cln   :   0 
clr   :   4 cls   :   0 clt   :   0 clv   :   0 clz   :   0 com   :   0 
cp    :   1 cpc   :   0 cpi   :   2 cpse  :   0 dec   :   5 des   :   0 
eor   :   0 fmul  :   0 fmuls :   0 fmulsu:   0 icall :   0 ijmp  :   0 
in    :   2 inc   :   2 jmp   :  24 ld    :  11 ldd   :   4 ldi   :  84 
lds   :   0 lpm   :   7 lsl   :   0 lsr   :   0 mov   :   7 movw  :   7 
mul   :   0 muls  :   0 mulsu :   0 neg   :   0 nop   :   0 or    :   1 
ori   :   1 out   :  42 pop   :   0 push  :   0 rcall :  86 ret   :   6 
reti  :   0 rjmp  :  45 rol   :   0 ror   :   0 sbc   :   0 sbci  :   1 
sbi   :  20 sbic  :  38 sbis  :   0 sbiw  :   8 sbr   :   0 sbrc  :   0 
sbrs  :   0 sec   :   0 seh   :   0 sei   :   0 sen   :   0 ser   :   0 
ses   :   0 set   :   0 sev   :   0 sez   :   0 sleep :   0 spm   :   0 
st    :  12 std   :   0 sts   :   2 sub   :   0 subi  :   4 swap  :   1 
tst   :   0 wdr   :   1 
Instructions used: 37 out of 116 (31.9%)

ATmega16 memory use summary [bytes]:
Segment   Begin    End      Code   Data   Used    Size   Use%
---------------------------------------------------------------
[.cseg] 0x000000 0x0003ea    992     10   1002   16384   6.1%
[.dseg] 0x000060 0x000164      0      4      4    1024   0.4%
[.eseg] 0x000000 0x000000      0      0      0     512   0.0%

Assembly complete, 0 errors, 6 warnings
