
AVRASM ver. 2.1.30  C:\Users\Hasan\Desktop\project\uni\992\microprocess_lab\project_10 turn on char with two key\code_vision\Debug\List\project_10.asm Sun May 02 12:44:55 2021

C:\Users\Hasan\Desktop\project\uni\992\microprocess_lab\project_10 turn on char with two key\code_vision\Debug\List\project_10.asm(1088): warning: Register r4 already defined by the .DEF directive
C:\Users\Hasan\Desktop\project\uni\992\microprocess_lab\project_10 turn on char with two key\code_vision\Debug\List\project_10.asm(1089): warning: Register r5 already defined by the .DEF directive
C:\Users\Hasan\Desktop\project\uni\992\microprocess_lab\project_10 turn on char with two key\code_vision\Debug\List\project_10.asm(1090): warning: Register r6 already defined by the .DEF directive
C:\Users\Hasan\Desktop\project\uni\992\microprocess_lab\project_10 turn on char with two key\code_vision\Debug\List\project_10.asm(1091): warning: Register r7 already defined by the .DEF directive
C:\Users\Hasan\Desktop\project\uni\992\microprocess_lab\project_10 turn on char with two key\code_vision\Debug\List\project_10.asm(1092): warning: Register r8 already defined by the .DEF directive
C:\Users\Hasan\Desktop\project\uni\992\microprocess_lab\project_10 turn on char with two key\code_vision\Debug\List\project_10.asm(1093): warning: Register r9 already defined by the .DEF directive
C:\Users\Hasan\Desktop\project\uni\992\microprocess_lab\project_10 turn on char with two key\code_vision\Debug\List\project_10.asm(1094): warning: Register r10 already defined by the .DEF directive
C:\Users\Hasan\Desktop\project\uni\992\microprocess_lab\project_10 turn on char with two key\code_vision\Debug\List\project_10.asm(1095): warning: Register r11 already defined by the .DEF directive
C:\Users\Hasan\Desktop\project\uni\992\microprocess_lab\project_10 turn on char with two key\code_vision\Debug\List\project_10.asm(1096): warning: Register r13 already defined by the .DEF directive
C:\Users\Hasan\Desktop\project\uni\992\microprocess_lab\project_10 turn on char with two key\code_vision\Debug\List\project_10.asm(1097): warning: Register r12 already defined by the .DEF directive
                 
                 
                 ;CodeVisionAVR C Compiler V3.12 Advanced
                 ;(C) Copyright 1998-2014 Pavel Haiduc, HP InfoTech s.r.l.
                 ;http://www.hpinfotech.com
                 
                 ;Build configuration    : Debug
                 ;Chip type              : ATmega16
                 ;Program type           : Application
                 ;Clock frequency        : 8.000000 MHz
                 ;Memory model           : Small
                 ;Optimize for           : Size
                 ;(s)printf features     : int, width
                 ;(s)scanf features      : int, width
                 ;External RAM size      : 0
                 ;Data Stack size        : 256 byte(s)
                 ;Heap size              : 0 byte(s)
                 ;Promote 'char' to 'int': Yes
                 ;'char' is unsigned     : Yes
                 ;8 bit enums            : Yes
                 ;Global 'const' stored in FLASH: Yes
                 ;Enhanced function parameter passing: Yes
                 ;Enhanced core instructions: On
                 ;Automatic register allocation for global variables: On
                 ;Smart register allocation: On
                 
                 	#define _MODEL_SMALL_
                 
                 	#pragma AVRPART ADMIN PART_NAME ATmega16
                 	#pragma AVRPART MEMORY PROG_FLASH 16384
                 	#pragma AVRPART MEMORY EEPROM 512
                 	#pragma AVRPART MEMORY INT_SRAM SIZE 1024
                 	#pragma AVRPART MEMORY INT_SRAM START_ADDR 0x60
                 
                 	#define CALL_SUPPORTED 1
                 
                 	.LISTMAC
                 	.EQU UDRE=0x5
                 	.EQU RXC=0x7
                 	.EQU USR=0xB
                 	.EQU UDR=0xC
                 	.EQU SPSR=0xE
                 	.EQU SPDR=0xF
                 	.EQU EERE=0x0
                 	.EQU EEWE=0x1
                 	.EQU EEMWE=0x2
                 	.EQU EECR=0x1C
                 	.EQU EEDR=0x1D
                 	.EQU EEARL=0x1E
                 	.EQU EEARH=0x1F
                 	.EQU WDTCR=0x21
                 	.EQU MCUCR=0x35
                 	.EQU GICR=0x3B
                 	.EQU SPL=0x3D
                 	.EQU SPH=0x3E
                 	.EQU SREG=0x3F
                 
                 	.DEF R0X0=R0
                 	.DEF R0X1=R1
                 	.DEF R0X2=R2
                 	.DEF R0X3=R3
                 	.DEF R0X4=R4
                 	.DEF R0X5=R5
                 	.DEF R0X6=R6
                 	.DEF R0X7=R7
                 	.DEF R0X8=R8
                 	.DEF R0X9=R9
                 	.DEF R0XA=R10
                 	.DEF R0XB=R11
                 	.DEF R0XC=R12
                 	.DEF R0XD=R13
                 	.DEF R0XE=R14
                 	.DEF R0XF=R15
                 	.DEF R0X10=R16
                 	.DEF R0X11=R17
                 	.DEF R0X12=R18
                 	.DEF R0X13=R19
                 	.DEF R0X14=R20
                 	.DEF R0X15=R21
                 	.DEF R0X16=R22
                 	.DEF R0X17=R23
                 	.DEF R0X18=R24
                 	.DEF R0X19=R25
                 	.DEF R0X1A=R26
                 	.DEF R0X1B=R27
                 	.DEF R0X1C=R28
                 	.DEF R0X1D=R29
                 	.DEF R0X1E=R30
                 	.DEF R0X1F=R31
                 
                 	.EQU __SRAM_START=0x0060
                 	.EQU __SRAM_END=0x045F
                 	.EQU __DSTACK_SIZE=0x0100
                 	.EQU __HEAP_SIZE=0x0000
                 	.EQU __CLEAR_SRAM_SIZE=__SRAM_END-__SRAM_START+1
                 
                 	.MACRO __CPD1N
                 	CPI  R30,LOW(@0)
                 	LDI  R26,HIGH(@0)
                 	CPC  R31,R26
                 	LDI  R26,BYTE3(@0)
                 	CPC  R22,R26
                 	LDI  R26,BYTE4(@0)
                 	CPC  R23,R26
                 	.ENDM
                 
                 	.MACRO __CPD2N
                 	CPI  R26,LOW(@0)
                 	LDI  R30,HIGH(@0)
                 	CPC  R27,R30
                 	LDI  R30,BYTE3(@0)
                 	CPC  R24,R30
                 	LDI  R30,BYTE4(@0)
                 	CPC  R25,R30
                 	.ENDM
                 
                 	.MACRO __CPWRR
                 	CP   R@0,R@2
                 	CPC  R@1,R@3
                 	.ENDM
                 
                 	.MACRO __CPWRN
                 	CPI  R@0,LOW(@2)
                 	LDI  R30,HIGH(@2)
                 	CPC  R@1,R30
                 	.ENDM
                 
                 	.MACRO __ADDB1MN
                 	SUBI R30,LOW(-@0-(@1))
                 	.ENDM
                 
                 	.MACRO __ADDB2MN
                 	SUBI R26,LOW(-@0-(@1))
                 	.ENDM
                 
                 	.MACRO __ADDW1MN
                 	SUBI R30,LOW(-@0-(@1))
                 	SBCI R31,HIGH(-@0-(@1))
                 	.ENDM
                 
                 	.MACRO __ADDW2MN
                 	SUBI R26,LOW(-@0-(@1))
                 	SBCI R27,HIGH(-@0-(@1))
                 	.ENDM
                 
                 	.MACRO __ADDW1FN
                 	SUBI R30,LOW(-2*@0-(@1))
                 	SBCI R31,HIGH(-2*@0-(@1))
                 	.ENDM
                 
                 	.MACRO __ADDD1FN
                 	SUBI R30,LOW(-2*@0-(@1))
                 	SBCI R31,HIGH(-2*@0-(@1))
                 	SBCI R22,BYTE3(-2*@0-(@1))
                 	.ENDM
                 
                 	.MACRO __ADDD1N
                 	SUBI R30,LOW(-@0)
                 	SBCI R31,HIGH(-@0)
                 	SBCI R22,BYTE3(-@0)
                 	SBCI R23,BYTE4(-@0)
                 	.ENDM
                 
                 	.MACRO __ADDD2N
                 	SUBI R26,LOW(-@0)
                 	SBCI R27,HIGH(-@0)
                 	SBCI R24,BYTE3(-@0)
                 	SBCI R25,BYTE4(-@0)
                 	.ENDM
                 
                 	.MACRO __SUBD1N
                 	SUBI R30,LOW(@0)
                 	SBCI R31,HIGH(@0)
                 	SBCI R22,BYTE3(@0)
                 	SBCI R23,BYTE4(@0)
                 	.ENDM
                 
                 	.MACRO __SUBD2N
                 	SUBI R26,LOW(@0)
                 	SBCI R27,HIGH(@0)
                 	SBCI R24,BYTE3(@0)
                 	SBCI R25,BYTE4(@0)
                 	.ENDM
                 
                 	.MACRO __ANDBMNN
                 	LDS  R30,@0+(@1)
                 	ANDI R30,LOW(@2)
                 	STS  @0+(@1),R30
                 	.ENDM
                 
                 	.MACRO __ANDWMNN
                 	LDS  R30,@0+(@1)
                 	ANDI R30,LOW(@2)
                 	STS  @0+(@1),R30
                 	LDS  R30,@0+(@1)+1
                 	ANDI R30,HIGH(@2)
                 	STS  @0+(@1)+1,R30
                 	.ENDM
                 
                 	.MACRO __ANDD1N
                 	ANDI R30,LOW(@0)
                 	ANDI R31,HIGH(@0)
                 	ANDI R22,BYTE3(@0)
                 	ANDI R23,BYTE4(@0)
                 	.ENDM
                 
                 	.MACRO __ANDD2N
                 	ANDI R26,LOW(@0)
                 	ANDI R27,HIGH(@0)
                 	ANDI R24,BYTE3(@0)
                 	ANDI R25,BYTE4(@0)
                 	.ENDM
                 
                 	.MACRO __ORBMNN
                 	LDS  R30,@0+(@1)
                 	ORI  R30,LOW(@2)
                 	STS  @0+(@1),R30
                 	.ENDM
                 
                 	.MACRO __ORWMNN
                 	LDS  R30,@0+(@1)
                 	ORI  R30,LOW(@2)
                 	STS  @0+(@1),R30
                 	LDS  R30,@0+(@1)+1
                 	ORI  R30,HIGH(@2)
                 	STS  @0+(@1)+1,R30
                 	.ENDM
                 
                 	.MACRO __ORD1N
                 	ORI  R30,LOW(@0)
                 	ORI  R31,HIGH(@0)
                 	ORI  R22,BYTE3(@0)
                 	ORI  R23,BYTE4(@0)
                 	.ENDM
                 
                 	.MACRO __ORD2N
                 	ORI  R26,LOW(@0)
                 	ORI  R27,HIGH(@0)
                 	ORI  R24,BYTE3(@0)
                 	ORI  R25,BYTE4(@0)
                 	.ENDM
                 
                 	.MACRO __DELAY_USB
                 	LDI  R24,LOW(@0)
                 __DELAY_USB_LOOP:
                 	DEC  R24
                 	BRNE __DELAY_USB_LOOP
                 	.ENDM
                 
                 	.MACRO __DELAY_USW
                 	LDI  R24,LOW(@0)
                 	LDI  R25,HIGH(@0)
                 __DELAY_USW_LOOP:
                 	SBIW R24,1
                 	BRNE __DELAY_USW_LOOP
                 	.ENDM
                 
                 	.MACRO __GETD1S
                 	LDD  R30,Y+@0
                 	LDD  R31,Y+@0+1
                 	LDD  R22,Y+@0+2
                 	LDD  R23,Y+@0+3
                 	.ENDM
                 
                 	.MACRO __GETD2S
                 	LDD  R26,Y+@0
                 	LDD  R27,Y+@0+1
                 	LDD  R24,Y+@0+2
                 	LDD  R25,Y+@0+3
                 	.ENDM
                 
                 	.MACRO __PUTD1S
                 	STD  Y+@0,R30
                 	STD  Y+@0+1,R31
                 	STD  Y+@0+2,R22
                 	STD  Y+@0+3,R23
                 	.ENDM
                 
                 	.MACRO __PUTD2S
                 	STD  Y+@0,R26
                 	STD  Y+@0+1,R27
                 	STD  Y+@0+2,R24
                 	STD  Y+@0+3,R25
                 	.ENDM
                 
                 	.MACRO __PUTDZ2
                 	STD  Z+@0,R26
                 	STD  Z+@0+1,R27
                 	STD  Z+@0+2,R24
                 	STD  Z+@0+3,R25
                 	.ENDM
                 
                 	.MACRO __CLRD1S
                 	STD  Y+@0,R30
                 	STD  Y+@0+1,R30
                 	STD  Y+@0+2,R30
                 	STD  Y+@0+3,R30
                 	.ENDM
                 
                 	.MACRO __POINTB1MN
                 	LDI  R30,LOW(@0+(@1))
                 	.ENDM
                 
                 	.MACRO __POINTW1MN
                 	LDI  R30,LOW(@0+(@1))
                 	LDI  R31,HIGH(@0+(@1))
                 	.ENDM
                 
                 	.MACRO __POINTD1M
                 	LDI  R30,LOW(@0)
                 	LDI  R31,HIGH(@0)
                 	LDI  R22,BYTE3(@0)
                 	LDI  R23,BYTE4(@0)
                 	.ENDM
                 
                 	.MACRO __POINTW1FN
                 	LDI  R30,LOW(2*@0+(@1))
                 	LDI  R31,HIGH(2*@0+(@1))
                 	.ENDM
                 
                 	.MACRO __POINTD1FN
                 	LDI  R30,LOW(2*@0+(@1))
                 	LDI  R31,HIGH(2*@0+(@1))
                 	LDI  R22,BYTE3(2*@0+(@1))
                 	LDI  R23,BYTE4(2*@0+(@1))
                 	.ENDM
                 
                 	.MACRO __POINTB2MN
                 	LDI  R26,LOW(@0+(@1))
                 	.ENDM
                 
                 	.MACRO __POINTW2MN
                 	LDI  R26,LOW(@0+(@1))
                 	LDI  R27,HIGH(@0+(@1))
                 	.ENDM
                 
                 	.MACRO __POINTW2FN
                 	LDI  R26,LOW(2*@0+(@1))
                 	LDI  R27,HIGH(2*@0+(@1))
                 	.ENDM
                 
                 	.MACRO __POINTD2FN
                 	LDI  R26,LOW(2*@0+(@1))
                 	LDI  R27,HIGH(2*@0+(@1))
                 	LDI  R24,BYTE3(2*@0+(@1))
                 	LDI  R25,BYTE4(2*@0+(@1))
                 	.ENDM
                 
                 	.MACRO __POINTBRM
                 	LDI  R@0,LOW(@1)
                 	.ENDM
                 
                 	.MACRO __POINTWRM
                 	LDI  R@0,LOW(@2)
                 	LDI  R@1,HIGH(@2)
                 	.ENDM
                 
                 	.MACRO __POINTBRMN
                 	LDI  R@0,LOW(@1+(@2))
                 	.ENDM
                 
                 	.MACRO __POINTWRMN
                 	LDI  R@0,LOW(@2+(@3))
                 	LDI  R@1,HIGH(@2+(@3))
                 	.ENDM
                 
                 	.MACRO __POINTWRFN
                 	LDI  R@0,LOW(@2*2+(@3))
                 	LDI  R@1,HIGH(@2*2+(@3))
                 	.ENDM
                 
                 	.MACRO __GETD1N
                 	LDI  R30,LOW(@0)
                 	LDI  R31,HIGH(@0)
                 	LDI  R22,BYTE3(@0)
                 	LDI  R23,BYTE4(@0)
                 	.ENDM
                 
                 	.MACRO __GETD2N
                 	LDI  R26,LOW(@0)
                 	LDI  R27,HIGH(@0)
                 	LDI  R24,BYTE3(@0)
                 	LDI  R25,BYTE4(@0)
                 	.ENDM
                 
                 	.MACRO __GETB1MN
                 	LDS  R30,@0+(@1)
                 	.ENDM
                 
                 	.MACRO __GETB1HMN
                 	LDS  R31,@0+(@1)
                 	.ENDM
                 
                 	.MACRO __GETW1MN
                 	LDS  R30,@0+(@1)
                 	LDS  R31,@0+(@1)+1
                 	.ENDM
                 
                 	.MACRO __GETD1MN
                 	LDS  R30,@0+(@1)
                 	LDS  R31,@0+(@1)+1
                 	LDS  R22,@0+(@1)+2
                 	LDS  R23,@0+(@1)+3
                 	.ENDM
                 
                 	.MACRO __GETBRMN
                 	LDS  R@0,@1+(@2)
                 	.ENDM
                 
                 	.MACRO __GETWRMN
                 	LDS  R@0,@2+(@3)
                 	LDS  R@1,@2+(@3)+1
                 	.ENDM
                 
                 	.MACRO __GETWRZ
                 	LDD  R@0,Z+@2
                 	LDD  R@1,Z+@2+1
                 	.ENDM
                 
                 	.MACRO __GETD2Z
                 	LDD  R26,Z+@0
                 	LDD  R27,Z+@0+1
                 	LDD  R24,Z+@0+2
                 	LDD  R25,Z+@0+3
                 	.ENDM
                 
                 	.MACRO __GETB2MN
                 	LDS  R26,@0+(@1)
                 	.ENDM
                 
                 	.MACRO __GETW2MN
                 	LDS  R26,@0+(@1)
                 	LDS  R27,@0+(@1)+1
                 	.ENDM
                 
                 	.MACRO __GETD2MN
                 	LDS  R26,@0+(@1)
                 	LDS  R27,@0+(@1)+1
                 	LDS  R24,@0+(@1)+2
                 	LDS  R25,@0+(@1)+3
                 	.ENDM
                 
                 	.MACRO __PUTB1MN
                 	STS  @0+(@1),R30
                 	.ENDM
                 
                 	.MACRO __PUTW1MN
                 	STS  @0+(@1),R30
                 	STS  @0+(@1)+1,R31
                 	.ENDM
                 
                 	.MACRO __PUTD1MN
                 	STS  @0+(@1),R30
                 	STS  @0+(@1)+1,R31
                 	STS  @0+(@1)+2,R22
                 	STS  @0+(@1)+3,R23
                 	.ENDM
                 
                 	.MACRO __PUTB1EN
                 	LDI  R26,LOW(@0+(@1))
                 	LDI  R27,HIGH(@0+(@1))
                 	CALL __EEPROMWRB
                 	.ENDM
                 
                 	.MACRO __PUTW1EN
                 	LDI  R26,LOW(@0+(@1))
                 	LDI  R27,HIGH(@0+(@1))
                 	CALL __EEPROMWRW
                 	.ENDM
                 
                 	.MACRO __PUTD1EN
                 	LDI  R26,LOW(@0+(@1))
                 	LDI  R27,HIGH(@0+(@1))
                 	CALL __EEPROMWRD
                 	.ENDM
                 
                 	.MACRO __PUTBR0MN
                 	STS  @0+(@1),R0
                 	.ENDM
                 
                 	.MACRO __PUTBMRN
                 	STS  @0+(@1),R@2
                 	.ENDM
                 
                 	.MACRO __PUTWMRN
                 	STS  @0+(@1),R@2
                 	STS  @0+(@1)+1,R@3
                 	.ENDM
                 
                 	.MACRO __PUTBZR
                 	STD  Z+@1,R@0
                 	.ENDM
                 
                 	.MACRO __PUTWZR
                 	STD  Z+@2,R@0
                 	STD  Z+@2+1,R@1
                 	.ENDM
                 
                 	.MACRO __GETW1R
                 	MOV  R30,R@0
                 	MOV  R31,R@1
                 	.ENDM
                 
                 	.MACRO __GETW2R
                 	MOV  R26,R@0
                 	MOV  R27,R@1
                 	.ENDM
                 
                 	.MACRO __GETWRN
                 	LDI  R@0,LOW(@2)
                 	LDI  R@1,HIGH(@2)
                 	.ENDM
                 
                 	.MACRO __PUTW1R
                 	MOV  R@0,R30
                 	MOV  R@1,R31
                 	.ENDM
                 
                 	.MACRO __PUTW2R
                 	MOV  R@0,R26
                 	MOV  R@1,R27
                 	.ENDM
                 
                 	.MACRO __ADDWRN
                 	SUBI R@0,LOW(-@2)
                 	SBCI R@1,HIGH(-@2)
                 	.ENDM
                 
                 	.MACRO __ADDWRR
                 	ADD  R@0,R@2
                 	ADC  R@1,R@3
                 	.ENDM
                 
                 	.MACRO __SUBWRN
                 	SUBI R@0,LOW(@2)
                 	SBCI R@1,HIGH(@2)
                 	.ENDM
                 
                 	.MACRO __SUBWRR
                 	SUB  R@0,R@2
                 	SBC  R@1,R@3
                 	.ENDM
                 
                 	.MACRO __ANDWRN
                 	ANDI R@0,LOW(@2)
                 	ANDI R@1,HIGH(@2)
                 	.ENDM
                 
                 	.MACRO __ANDWRR
                 	AND  R@0,R@2
                 	AND  R@1,R@3
                 	.ENDM
                 
                 	.MACRO __ORWRN
                 	ORI  R@0,LOW(@2)
                 	ORI  R@1,HIGH(@2)
                 	.ENDM
                 
                 	.MACRO __ORWRR
                 	OR   R@0,R@2
                 	OR   R@1,R@3
                 	.ENDM
                 
                 	.MACRO __EORWRR
                 	EOR  R@0,R@2
                 	EOR  R@1,R@3
                 	.ENDM
                 
                 	.MACRO __GETWRS
                 	LDD  R@0,Y+@2
                 	LDD  R@1,Y+@2+1
                 	.ENDM
                 
                 	.MACRO __PUTBSR
                 	STD  Y+@1,R@0
                 	.ENDM
                 
                 	.MACRO __PUTWSR
                 	STD  Y+@2,R@0
                 	STD  Y+@2+1,R@1
                 	.ENDM
                 
                 	.MACRO __MOVEWRR
                 	MOV  R@0,R@2
                 	MOV  R@1,R@3
                 	.ENDM
                 
                 	.MACRO __INWR
                 	IN   R@0,@2
                 	IN   R@1,@2+1
                 	.ENDM
                 
                 	.MACRO __OUTWR
                 	OUT  @2+1,R@1
                 	OUT  @2,R@0
                 	.ENDM
                 
                 	.MACRO __CALL1MN
                 	LDS  R30,@0+(@1)
                 	LDS  R31,@0+(@1)+1
                 	ICALL
                 	.ENDM
                 
                 	.MACRO __CALL1FN
                 	LDI  R30,LOW(2*@0+(@1))
                 	LDI  R31,HIGH(2*@0+(@1))
                 	CALL __GETW1PF
                 	ICALL
                 	.ENDM
                 
                 	.MACRO __CALL2EN
                 	PUSH R26
                 	PUSH R27
                 	LDI  R26,LOW(@0+(@1))
                 	LDI  R27,HIGH(@0+(@1))
                 	CALL __EEPROMRDW
                 	POP  R27
                 	POP  R26
                 	ICALL
                 	.ENDM
                 
                 	.MACRO __CALL2EX
                 	SUBI R26,LOW(-@0)
                 	SBCI R27,HIGH(-@0)
                 	CALL __EEPROMRDD
                 	ICALL
                 	.ENDM
                 
                 	.MACRO __GETW1STACK
                 	IN   R30,SPL
                 	IN   R31,SPH
                 	ADIW R30,@0+1
                 	LD   R0,Z+
                 	LD   R31,Z
                 	MOV  R30,R0
                 	.ENDM
                 
                 	.MACRO __GETD1STACK
                 	IN   R30,SPL
                 	IN   R31,SPH
                 	ADIW R30,@0+1
                 	LD   R0,Z+
                 	LD   R1,Z+
                 	LD   R22,Z
                 	MOVW R30,R0
                 	.ENDM
                 
                 	.MACRO __NBST
                 	BST  R@0,@1
                 	IN   R30,SREG
                 	LDI  R31,0x40
                 	EOR  R30,R31
                 	OUT  SREG,R30
                 	.ENDM
                 
                 
                 	.MACRO __PUTB1SN
                 	LDD  R26,Y+@0
                 	LDD  R27,Y+@0+1
                 	SUBI R26,LOW(-@1)
                 	SBCI R27,HIGH(-@1)
                 	ST   X,R30
                 	.ENDM
                 
                 	.MACRO __PUTW1SN
                 	LDD  R26,Y+@0
                 	LDD  R27,Y+@0+1
                 	SUBI R26,LOW(-@1)
                 	SBCI R27,HIGH(-@1)
                 	ST   X+,R30
                 	ST   X,R31
                 	.ENDM
                 
                 	.MACRO __PUTD1SN
                 	LDD  R26,Y+@0
                 	LDD  R27,Y+@0+1
                 	SUBI R26,LOW(-@1)
                 	SBCI R27,HIGH(-@1)
                 	CALL __PUTDP1
                 	.ENDM
                 
                 	.MACRO __PUTB1SNS
                 	LDD  R26,Y+@0
                 	LDD  R27,Y+@0+1
                 	ADIW R26,@1
                 	ST   X,R30
                 	.ENDM
                 
                 	.MACRO __PUTW1SNS
                 	LDD  R26,Y+@0
                 	LDD  R27,Y+@0+1
                 	ADIW R26,@1
                 	ST   X+,R30
                 	ST   X,R31
                 	.ENDM
                 
                 	.MACRO __PUTD1SNS
                 	LDD  R26,Y+@0
                 	LDD  R27,Y+@0+1
                 	ADIW R26,@1
                 	CALL __PUTDP1
                 	.ENDM
                 
                 	.MACRO __PUTB1PMN
                 	LDS  R26,@0
                 	LDS  R27,@0+1
                 	SUBI R26,LOW(-@1)
                 	SBCI R27,HIGH(-@1)
                 	ST   X,R30
                 	.ENDM
                 
                 	.MACRO __PUTW1PMN
                 	LDS  R26,@0
                 	LDS  R27,@0+1
                 	SUBI R26,LOW(-@1)
                 	SBCI R27,HIGH(-@1)
                 	ST   X+,R30
                 	ST   X,R31
                 	.ENDM
                 
                 	.MACRO __PUTD1PMN
                 	LDS  R26,@0
                 	LDS  R27,@0+1
                 	SUBI R26,LOW(-@1)
                 	SBCI R27,HIGH(-@1)
                 	CALL __PUTDP1
                 	.ENDM
                 
                 	.MACRO __PUTB1PMNS
                 	LDS  R26,@0
                 	LDS  R27,@0+1
                 	ADIW R26,@1
                 	ST   X,R30
                 	.ENDM
                 
                 	.MACRO __PUTW1PMNS
                 	LDS  R26,@0
                 	LDS  R27,@0+1
                 	ADIW R26,@1
                 	ST   X+,R30
                 	ST   X,R31
                 	.ENDM
                 
                 	.MACRO __PUTD1PMNS
                 	LDS  R26,@0
                 	LDS  R27,@0+1
                 	ADIW R26,@1
                 	CALL __PUTDP1
                 	.ENDM
                 
                 	.MACRO __PUTB1RN
                 	MOVW R26,R@0
                 	SUBI R26,LOW(-@1)
                 	SBCI R27,HIGH(-@1)
                 	ST   X,R30
                 	.ENDM
                 
                 	.MACRO __PUTW1RN
                 	MOVW R26,R@0
                 	SUBI R26,LOW(-@1)
                 	SBCI R27,HIGH(-@1)
                 	ST   X+,R30
                 	ST   X,R31
                 	.ENDM
                 
                 	.MACRO __PUTD1RN
                 	MOVW R26,R@0
                 	SUBI R26,LOW(-@1)
                 	SBCI R27,HIGH(-@1)
                 	CALL __PUTDP1
                 	.ENDM
                 
                 	.MACRO __PUTB1RNS
                 	MOVW R26,R@0
                 	ADIW R26,@1
                 	ST   X,R30
                 	.ENDM
                 
                 	.MACRO __PUTW1RNS
                 	MOVW R26,R@0
                 	ADIW R26,@1
                 	ST   X+,R30
                 	ST   X,R31
                 	.ENDM
                 
                 	.MACRO __PUTD1RNS
                 	MOVW R26,R@0
                 	ADIW R26,@1
                 	CALL __PUTDP1
                 	.ENDM
                 
                 	.MACRO __PUTB1RON
                 	MOV  R26,R@0
                 	MOV  R27,R@1
                 	SUBI R26,LOW(-@2)
                 	SBCI R27,HIGH(-@2)
                 	ST   X,R30
                 	.ENDM
                 
                 	.MACRO __PUTW1RON
                 	MOV  R26,R@0
                 	MOV  R27,R@1
                 	SUBI R26,LOW(-@2)
                 	SBCI R27,HIGH(-@2)
                 	ST   X+,R30
                 	ST   X,R31
                 	.ENDM
                 
                 	.MACRO __PUTD1RON
                 	MOV  R26,R@0
                 	MOV  R27,R@1
                 	SUBI R26,LOW(-@2)
                 	SBCI R27,HIGH(-@2)
                 	CALL __PUTDP1
                 	.ENDM
                 
                 	.MACRO __PUTB1RONS
                 	MOV  R26,R@0
                 	MOV  R27,R@1
                 	ADIW R26,@2
                 	ST   X,R30
                 	.ENDM
                 
                 	.MACRO __PUTW1RONS
                 	MOV  R26,R@0
                 	MOV  R27,R@1
                 	ADIW R26,@2
                 	ST   X+,R30
                 	ST   X,R31
                 	.ENDM
                 
                 	.MACRO __PUTD1RONS
                 	MOV  R26,R@0
                 	MOV  R27,R@1
                 	ADIW R26,@2
                 	CALL __PUTDP1
                 	.ENDM
                 
                 
                 	.MACRO __GETB1SX
                 	MOVW R30,R28
                 	SUBI R30,LOW(-@0)
                 	SBCI R31,HIGH(-@0)
                 	LD   R30,Z
                 	.ENDM
                 
                 	.MACRO __GETB1HSX
                 	MOVW R30,R28
                 	SUBI R30,LOW(-@0)
                 	SBCI R31,HIGH(-@0)
                 	LD   R31,Z
                 	.ENDM
                 
                 	.MACRO __GETW1SX
                 	MOVW R30,R28
                 	SUBI R30,LOW(-@0)
                 	SBCI R31,HIGH(-@0)
                 	LD   R0,Z+
                 	LD   R31,Z
                 	MOV  R30,R0
                 	.ENDM
                 
                 	.MACRO __GETD1SX
                 	MOVW R30,R28
                 	SUBI R30,LOW(-@0)
                 	SBCI R31,HIGH(-@0)
                 	LD   R0,Z+
                 	LD   R1,Z+
                 	LD   R22,Z+
                 	LD   R23,Z
                 	MOVW R30,R0
                 	.ENDM
                 
                 	.MACRO __GETB2SX
                 	MOVW R26,R28
                 	SUBI R26,LOW(-@0)
                 	SBCI R27,HIGH(-@0)
                 	LD   R26,X
                 	.ENDM
                 
                 	.MACRO __GETW2SX
                 	MOVW R26,R28
                 	SUBI R26,LOW(-@0)
                 	SBCI R27,HIGH(-@0)
                 	LD   R0,X+
                 	LD   R27,X
                 	MOV  R26,R0
                 	.ENDM
                 
                 	.MACRO __GETD2SX
                 	MOVW R26,R28
                 	SUBI R26,LOW(-@0)
                 	SBCI R27,HIGH(-@0)
                 	LD   R0,X+
                 	LD   R1,X+
                 	LD   R24,X+
                 	LD   R25,X
                 	MOVW R26,R0
                 	.ENDM
                 
                 	.MACRO __GETBRSX
                 	MOVW R30,R28
                 	SUBI R30,LOW(-@1)
                 	SBCI R31,HIGH(-@1)
                 	LD   R@0,Z
                 	.ENDM
                 
                 	.MACRO __GETWRSX
                 	MOVW R30,R28
                 	SUBI R30,LOW(-@2)
                 	SBCI R31,HIGH(-@2)
                 	LD   R@0,Z+
                 	LD   R@1,Z
                 	.ENDM
                 
                 	.MACRO __GETBRSX2
                 	MOVW R26,R28
                 	SUBI R26,LOW(-@1)
                 	SBCI R27,HIGH(-@1)
                 	LD   R@0,X
                 	.ENDM
                 
                 	.MACRO __GETWRSX2
                 	MOVW R26,R28
                 	SUBI R26,LOW(-@2)
                 	SBCI R27,HIGH(-@2)
                 	LD   R@0,X+
                 	LD   R@1,X
                 	.ENDM
                 
                 	.MACRO __LSLW8SX
                 	MOVW R30,R28
                 	SUBI R30,LOW(-@0)
                 	SBCI R31,HIGH(-@0)
                 	LD   R31,Z
                 	CLR  R30
                 	.ENDM
                 
                 	.MACRO __PUTB1SX
                 	MOVW R26,R28
                 	SUBI R26,LOW(-@0)
                 	SBCI R27,HIGH(-@0)
                 	ST   X,R30
                 	.ENDM
                 
                 	.MACRO __PUTW1SX
                 	MOVW R26,R28
                 	SUBI R26,LOW(-@0)
                 	SBCI R27,HIGH(-@0)
                 	ST   X+,R30
                 	ST   X,R31
                 	.ENDM
                 
                 	.MACRO __PUTD1SX
                 	MOVW R26,R28
                 	SUBI R26,LOW(-@0)
                 	SBCI R27,HIGH(-@0)
                 	ST   X+,R30
                 	ST   X+,R31
                 	ST   X+,R22
                 	ST   X,R23
                 	.ENDM
                 
                 	.MACRO __CLRW1SX
                 	MOVW R26,R28
                 	SUBI R26,LOW(-@0)
                 	SBCI R27,HIGH(-@0)
                 	ST   X+,R30
                 	ST   X,R30
                 	.ENDM
                 
                 	.MACRO __CLRD1SX
                 	MOVW R26,R28
                 	SUBI R26,LOW(-@0)
                 	SBCI R27,HIGH(-@0)
                 	ST   X+,R30
                 	ST   X+,R30
                 	ST   X+,R30
                 	ST   X,R30
                 	.ENDM
                 
                 	.MACRO __PUTB2SX
                 	MOVW R30,R28
                 	SUBI R30,LOW(-@0)
                 	SBCI R31,HIGH(-@0)
                 	ST   Z,R26
                 	.ENDM
                 
                 	.MACRO __PUTW2SX
                 	MOVW R30,R28
                 	SUBI R30,LOW(-@0)
                 	SBCI R31,HIGH(-@0)
                 	ST   Z+,R26
                 	ST   Z,R27
                 	.ENDM
                 
                 	.MACRO __PUTD2SX
                 	MOVW R30,R28
                 	SUBI R30,LOW(-@0)
                 	SBCI R31,HIGH(-@0)
                 	ST   Z+,R26
                 	ST   Z+,R27
                 	ST   Z+,R24
                 	ST   Z,R25
                 	.ENDM
                 
                 	.MACRO __PUTBSRX
                 	MOVW R30,R28
                 	SUBI R30,LOW(-@1)
                 	SBCI R31,HIGH(-@1)
                 	ST   Z,R@0
                 	.ENDM
                 
                 	.MACRO __PUTWSRX
                 	MOVW R30,R28
                 	SUBI R30,LOW(-@2)
                 	SBCI R31,HIGH(-@2)
                 	ST   Z+,R@0
                 	ST   Z,R@1
                 	.ENDM
                 
                 	.MACRO __PUTB1SNX
                 	MOVW R26,R28
                 	SUBI R26,LOW(-@0)
                 	SBCI R27,HIGH(-@0)
                 	LD   R0,X+
                 	LD   R27,X
                 	MOV  R26,R0
                 	SUBI R26,LOW(-@1)
                 	SBCI R27,HIGH(-@1)
                 	ST   X,R30
                 	.ENDM
                 
                 	.MACRO __PUTW1SNX
                 	MOVW R26,R28
                 	SUBI R26,LOW(-@0)
                 	SBCI R27,HIGH(-@0)
                 	LD   R0,X+
                 	LD   R27,X
                 	MOV  R26,R0
                 	SUBI R26,LOW(-@1)
                 	SBCI R27,HIGH(-@1)
                 	ST   X+,R30
                 	ST   X,R31
                 	.ENDM
                 
                 	.MACRO __PUTD1SNX
                 	MOVW R26,R28
                 	SUBI R26,LOW(-@0)
                 	SBCI R27,HIGH(-@0)
                 	LD   R0,X+
                 	LD   R27,X
                 	MOV  R26,R0
                 	SUBI R26,LOW(-@1)
                 	SBCI R27,HIGH(-@1)
                 	ST   X+,R30
                 	ST   X+,R31
                 	ST   X+,R22
                 	ST   X,R23
                 	.ENDM
                 
                 	.MACRO __MULBRR
                 	MULS R@0,R@1
                 	MOVW R30,R0
                 	.ENDM
                 
                 	.MACRO __MULBRRU
                 	MUL  R@0,R@1
                 	MOVW R30,R0
                 	.ENDM
                 
                 	.MACRO __MULBRR0
                 	MULS R@0,R@1
                 	.ENDM
                 
                 	.MACRO __MULBRRU0
                 	MUL  R@0,R@1
                 	.ENDM
                 
                 	.MACRO __MULBNWRU
                 	LDI  R26,@2
                 	MUL  R26,R@0
                 	MOVW R30,R0
                 	MUL  R26,R@1
                 	ADD  R31,R0
                 	.ENDM
                 
                 ;NAME DEFINITIONS FOR GLOBAL VARIABLES ALLOCATED TO REGISTERS
                 	.DEF _i=R4
                 	.DEF _i_msb=R5
                 	.DEF _j=R6
                 	.DEF _j_msb=R7
                 	.DEF _k=R8
                 	.DEF _k_msb=R9
                 	.DEF _d=R10
                 	.DEF _d_msb=R11
                 	.DEF __lcd_x=R13
                 	.DEF __lcd_y=R12
                 
                 	.CSEG
                 	.ORG 0x00
                 
                 ;START OF CODE MARKER
                 __START_OF_CODE:
                 
                 ;INTERRUPT VECTORS
000000 940c 004f 	JMP  __RESET
000002 940c 0000 	JMP  0x00
000004 940c 0000 	JMP  0x00
000006 940c 0000 	JMP  0x00
000008 940c 0000 	JMP  0x00
00000a 940c 0000 	JMP  0x00
00000c 940c 0000 	JMP  0x00
00000e 940c 0000 	JMP  0x00
000010 940c 0000 	JMP  0x00
000012 940c 0000 	JMP  0x00
000014 940c 0000 	JMP  0x00
000016 940c 0000 	JMP  0x00
000018 940c 0000 	JMP  0x00
00001a 940c 0000 	JMP  0x00
00001c 940c 0000 	JMP  0x00
00001e 940c 0000 	JMP  0x00
000020 940c 0000 	JMP  0x00
000022 940c 0000 	JMP  0x00
000024 940c 0000 	JMP  0x00
000026 940c 0000 	JMP  0x00
000028 940c 0000 	JMP  0x00
                 
                 _char0:
00002a 0000
00002b 0000
00002c 0000
00002d 0000      	.DB  0x0,0x0,0x0,0x0,0x0,0x0,0x0,0x0
                 _char1:
00002e 001f
00002f 0000
000030 0000
000031 0000      	.DB  0x1F,0x0,0x0,0x0,0x0,0x0,0x0,0x0
                 _char2:
000032 1f1f
000033 0000
000034 0000
000035 0000      	.DB  0x1F,0x1F,0x0,0x0,0x0,0x0,0x0,0x0
                 _char3:
000036 1f1f
000037 001f
000038 0000
000039 0000      	.DB  0x1F,0x1F,0x1F,0x0,0x0,0x0,0x0,0x0
                 _char4:
00003a 1f1f
00003b 1f1f
00003c 0000
00003d 0000      	.DB  0x1F,0x1F,0x1F,0x1F,0x0,0x0,0x0,0x0
                 _char5:
00003e 1f1f
00003f 1f1f
000040 001f
000041 0000      	.DB  0x1F,0x1F,0x1F,0x1F,0x1F,0x0,0x0,0x0
                 _char6:
000042 1f1f
000043 1f1f
000044 1f1f
000045 0000      	.DB  0x1F,0x1F,0x1F,0x1F,0x1F,0x1F,0x0,0x0
                 _char7:
000046 1f1f
000047 1f1f
000048 1f1f
000049 1f1f      	.DB  0x1F,0x1F,0x1F,0x1F,0x1F,0x1F,0x1F,0x1F
                 
                 _0x2000003:
00004a c080      	.DB  0x80,0xC0
                 
                 __GLOBAL_INI_TBL:
00004b 0002      	.DW  0x02
00004c 0160      	.DW  __base_y_G100
00004d 0094      	.DW  _0x2000003*2
                 
                 _0xFFFFFFFF:
00004e 0000      	.DW  0
                 
                 #define __GLOBAL_INI_TBL_PRESENT 1
                 
                 __RESET:
00004f 94f8      	CLI
000050 27ee      	CLR  R30
000051 bbec      	OUT  EECR,R30
                 
                 ;INTERRUPT VECTORS ARE PLACED
                 ;AT THE START OF FLASH
000052 e0f1      	LDI  R31,1
000053 bffb      	OUT  GICR,R31
000054 bfeb      	OUT  GICR,R30
000055 bfe5      	OUT  MCUCR,R30
                 
                 ;CLEAR R2-R14
000056 e08d      	LDI  R24,(14-2)+1
000057 e0a2      	LDI  R26,2
000058 27bb      	CLR  R27
                 __CLEAR_REG:
000059 93ed      	ST   X+,R30
00005a 958a      	DEC  R24
00005b f7e9      	BRNE __CLEAR_REG
                 
                 ;CLEAR SRAM
00005c e080      	LDI  R24,LOW(__CLEAR_SRAM_SIZE)
00005d e094      	LDI  R25,HIGH(__CLEAR_SRAM_SIZE)
00005e e6a0      	LDI  R26,__SRAM_START
                 __CLEAR_SRAM:
00005f 93ed      	ST   X+,R30
000060 9701      	SBIW R24,1
000061 f7e9      	BRNE __CLEAR_SRAM
                 
                 ;GLOBAL VARIABLES INITIALIZATION
000062 e9e6      	LDI  R30,LOW(__GLOBAL_INI_TBL*2)
000063 e0f0      	LDI  R31,HIGH(__GLOBAL_INI_TBL*2)
                 __GLOBAL_INI_NEXT:
000064 9185      	LPM  R24,Z+
000065 9195      	LPM  R25,Z+
000066 9700      	SBIW R24,0
000067 f061      	BREQ __GLOBAL_INI_END
000068 91a5      	LPM  R26,Z+
000069 91b5      	LPM  R27,Z+
00006a 9005      	LPM  R0,Z+
00006b 9015      	LPM  R1,Z+
00006c 01bf      	MOVW R22,R30
00006d 01f0      	MOVW R30,R0
                 __GLOBAL_INI_LOOP:
00006e 9005      	LPM  R0,Z+
00006f 920d      	ST   X+,R0
000070 9701      	SBIW R24,1
000071 f7e1      	BRNE __GLOBAL_INI_LOOP
000072 01fb      	MOVW R30,R22
000073 cff0      	RJMP __GLOBAL_INI_NEXT
                 __GLOBAL_INI_END:
                 
                 ;HARDWARE STACK POINTER INITIALIZATION
000074 e5ef      	LDI  R30,LOW(__SRAM_END-__HEAP_SIZE)
000075 bfed      	OUT  SPL,R30
000076 e0e4      	LDI  R30,HIGH(__SRAM_END-__HEAP_SIZE)
000077 bfee      	OUT  SPH,R30
                 
                 ;DATA STACK POINTER INITIALIZATION
000078 e6c0      	LDI  R28,LOW(__SRAM_START+__DSTACK_SIZE)
000079 e0d1      	LDI  R29,HIGH(__SRAM_START+__DSTACK_SIZE)
                 
00007a 940c 0098 	JMP  _main
                 
                 	.ESEG
                 	.ORG 0
                 
                 	.DSEG
                 	.ORG 0x160
                 
                 	.CSEG
                 ;/*******************************************************
                 ;This program was created by the
                 ;CodeWizardAVR V3.12 Advanced
                 ;Automatic Program Generator
                 ;© Copyright 1998-2014 Pavel Haiduc, HP InfoTech s.r.l.
                 ;http://www.hpinfotech.com
                 ;
                 ;Project :
                 ;Version :
                 ;Date    : 5/2/2021
                 ;Author  :
                 ;Company :
                 ;Comments:
                 ;
                 ;
                 ;Chip type               : ATmega16
                 ;Program type            : Application
                 ;AVR Core Clock frequency: 8.000000 MHz
                 ;Memory model            : Small
                 ;External RAM size       : 0
                 ;Data Stack size         : 256
                 ;*******************************************************/
                 ;
                 ;#include <mega16.h>
                 	#ifndef __SLEEP_DEFINED__
                 	#define __SLEEP_DEFINED__
                 	.EQU __se_bit=0x40
                 	.EQU __sm_mask=0xB0
                 	.EQU __sm_powerdown=0x20
                 	.EQU __sm_powersave=0x30
                 	.EQU __sm_standby=0xA0
                 	.EQU __sm_ext_standby=0xB0
                 	.EQU __sm_adc_noise_red=0x10
                 	.SET power_ctrl_reg=mcucr
                 	#endif
                 ;#include <delay.h>
                 ;// Alphanumeric LCD functions
                 ;#include <alcd.h>
                 ;int i,j,k,d;
                 ;// Declare your global variables here
                 ;typedef unsigned char byte;
                 ;flash byte char0[8]={
                 ;0b00000000,
                 ;0b00000000,
                 ;0b00000000,
                 ;0b00000000,
                 ;0b00000000,
                 ;0b00000000,
                 ;0b00000000,
                 ;0b00000000,
                 ;};
                 ;flash byte char1[8]={
                 ;0b00011111,
                 ;0b00000000,
                 ;0b00000000,
                 ;0b00000000,
                 ;0b00000000,
                 ;0b00000000,
                 ;0b00000000,
                 ;0b00000000,
                 ;};
                 ;flash byte char2[8]={
                 ;0b00011111,
                 ;0b00011111,
                 ;0b00000000,
                 ;0b00000000,
                 ;0b00000000,
                 ;0b00000000,
                 ;0b00000000,
                 ;0b00000000,
                 ;};
                 ;flash byte char3[8]={
                 ;0b00011111,
                 ;0b00011111,
                 ;0b00011111,
                 ;0b00000000,
                 ;0b00000000,
                 ;0b00000000,
                 ;0b00000000,
                 ;0b00000000,
                 ;};
                 ;flash byte char4[8]={
                 ;0b00011111,
                 ;0b00011111,
                 ;0b00011111,
                 ;0b00011111,
                 ;0b00000000,
                 ;0b00000000,
                 ;0b00000000,
                 ;0b00000000,
                 ;};
                 ;flash byte char5[8]={
                 ;0b00011111,
                 ;0b00011111,
                 ;0b00011111,
                 ;0b00011111,
                 ;0b00011111,
                 ;0b00000000,
                 ;0b00000000,
                 ;0b00000000,
                 ;};
                 ;flash byte char6[8]={
                 ;0b00011111,
                 ;0b00011111,
                 ;0b00011111,
                 ;0b00011111,
                 ;0b00011111,
                 ;0b00011111,
                 ;0b00000000,
                 ;0b00000000,
                 ;};
                 ;flash byte char7[8]={
                 ;0b00011111,
                 ;0b00011111,
                 ;0b00011111,
                 ;0b00011111,
                 ;0b00011111,
                 ;0b00011111,
                 ;0b00011111,
                 ;0b00011111,
                 ;};
                 ;
                 ;void define_char(byte flash *pc,byte char_code)
                 ; 0000 0071 {
                 
                 	.CSEG
                 _define_char:
                 ; .FSTART _define_char
                 ; 0000 0072 byte i,a;
                 ; 0000 0073 a=(char_code<<3)|0x40;
00007c 93aa      	ST   -Y,R26
00007d 931a      	ST   -Y,R17
00007e 930a      	ST   -Y,R16
                 ;	*pc -> Y+3
                 ;	char_code -> Y+2
                 ;	i -> R17
                 ;	a -> R16
00007f 81ea      	LDD  R30,Y+2
000080 0fee      	LSL  R30
000081 0fee      	LSL  R30
000082 0fee      	LSL  R30
000083 64e0      	ORI  R30,0x40
000084 2f0e      	MOV  R16,R30
                 ; 0000 0074 for(i=0; i<8; i++)lcd_write_byte(a++,*pc++);
000085 e010      	LDI  R17,LOW(0)
                 _0x4:
000086 3018      	CPI  R17,8
000087 f460      	BRSH _0x5
000088 930a      	ST   -Y,R16
000089 9503      	INC  R16
00008a 81ec      	LDD  R30,Y+4
00008b 81fd      	LDD  R31,Y+4+1
00008c 9631      	ADIW R30,1
00008d 83ec      	STD  Y+4,R30
00008e 83fd      	STD  Y+4+1,R31
00008f 9731      	SBIW R30,1
000090 91a4      	LPM  R26,Z
000091 d0d4      	RCALL _lcd_write_byte
000092 5f1f      	SUBI R17,-1
000093 cff2      	RJMP _0x4
                 _0x5:
                 ; 0000 0075 }
000094 8119      	LDD  R17,Y+1
000095 8108      	LDD  R16,Y+0
000096 9625      	ADIW R28,5
000097 9508      	RET
                 ; .FEND
                 ;void main(void)
                 ; 0000 0077 {
                 _main:
                 ; .FSTART _main
                 ; 0000 0078 // Declare your local variables here
                 ; 0000 0079 
                 ; 0000 007A // Input/Output Ports initialization
                 ; 0000 007B // Port A initialization
                 ; 0000 007C // Function: Bit7=In Bit6=In Bit5=In Bit4=In Bit3=Out Bit2=Out Bit1=Out Bit0=Out
                 ; 0000 007D DDRA=(0<<DDA7) | (0<<DDA6) | (0<<DDA5) | (0<<DDA4) | (1<<DDA3) | (1<<DDA2) | (1<<DDA1) | (1<<DDA0);
000098 e0ef      	LDI  R30,LOW(15)
000099 bbea      	OUT  0x1A,R30
                 ; 0000 007E // State: Bit7=T Bit6=P Bit5=P Bit4=P Bit3=0 Bit2=0 Bit1=0 Bit0=0
                 ; 0000 007F PORTA=(0<<PORTA7) | (1<<PORTA6) | (1<<PORTA5) | (1<<PORTA4) | (0<<PORTA3) | (0<<PORTA2) | (0<<PORTA1) | (0<<PORTA0);
00009a e7e0      	LDI  R30,LOW(112)
00009b bbeb      	OUT  0x1B,R30
                 ; 0000 0080 
                 ; 0000 0081 // Port B initialization
                 ; 0000 0082 // Function: Bit7=In Bit6=In Bit5=In Bit4=In Bit3=In Bit2=In Bit1=In Bit0=In
                 ; 0000 0083 DDRB=(0<<DDB7) | (0<<DDB6) | (0<<DDB5) | (0<<DDB4) | (0<<DDB3) | (0<<DDB2) | (0<<DDB1) | (0<<DDB0);
00009c e0e0      	LDI  R30,LOW(0)
00009d bbe7      	OUT  0x17,R30
                 ; 0000 0084 // State: Bit7=T Bit6=T Bit5=T Bit4=T Bit3=T Bit2=T Bit1=T Bit0=T
                 ; 0000 0085 PORTB=(0<<PORTB7) | (0<<PORTB6) | (0<<PORTB5) | (0<<PORTB4) | (0<<PORTB3) | (0<<PORTB2) | (0<<PORTB1) | (0<<PORTB0);
00009e bbe8      	OUT  0x18,R30
                 ; 0000 0086 
                 ; 0000 0087 // Port C initialization
                 ; 0000 0088 // Function: Bit7=In Bit6=In Bit5=In Bit4=In Bit3=In Bit2=In Bit1=In Bit0=In
                 ; 0000 0089 DDRC=(0<<DDC7) | (0<<DDC6) | (0<<DDC5) | (0<<DDC4) | (0<<DDC3) | (0<<DDC2) | (0<<DDC1) | (0<<DDC0);
00009f bbe4      	OUT  0x14,R30
                 ; 0000 008A // State: Bit7=T Bit6=T Bit5=T Bit4=T Bit3=T Bit2=T Bit1=T Bit0=T
                 ; 0000 008B PORTC=(0<<PORTC7) | (0<<PORTC6) | (0<<PORTC5) | (0<<PORTC4) | (0<<PORTC3) | (0<<PORTC2) | (0<<PORTC1) | (0<<PORTC0);
0000a0 bbe5      	OUT  0x15,R30
                 ; 0000 008C 
                 ; 0000 008D // Port D initialization
                 ; 0000 008E // Function: Bit7=In Bit6=In Bit5=In Bit4=In Bit3=In Bit2=In Bit1=In Bit0=In
                 ; 0000 008F DDRD=(0<<DDD7) | (0<<DDD6) | (0<<DDD5) | (0<<DDD4) | (0<<DDD3) | (0<<DDD2) | (0<<DDD1) | (0<<DDD0);
0000a1 bbe1      	OUT  0x11,R30
                 ; 0000 0090 // State: Bit7=T Bit6=T Bit5=T Bit4=T Bit3=T Bit2=T Bit1=T Bit0=T
                 ; 0000 0091 PORTD=(0<<PORTD7) | (0<<PORTD6) | (0<<PORTD5) | (0<<PORTD4) | (0<<PORTD3) | (0<<PORTD2) | (0<<PORTD1) | (0<<PORTD0);
0000a2 bbe2      	OUT  0x12,R30
                 ; 0000 0092 
                 ; 0000 0093 // Timer/Counter 0 initialization
                 ; 0000 0094 // Clock source: System Clock
                 ; 0000 0095 // Clock value: Timer 0 Stopped
                 ; 0000 0096 // Mode: Normal top=0xFF
                 ; 0000 0097 // OC0 output: Disconnected
                 ; 0000 0098 TCCR0=(0<<WGM00) | (0<<COM01) | (0<<COM00) | (0<<WGM01) | (0<<CS02) | (0<<CS01) | (0<<CS00);
0000a3 bfe3      	OUT  0x33,R30
                 ; 0000 0099 TCNT0=0x00;
0000a4 bfe2      	OUT  0x32,R30
                 ; 0000 009A OCR0=0x00;
0000a5 bfec      	OUT  0x3C,R30
                 ; 0000 009B 
                 ; 0000 009C // Timer/Counter 1 initialization
                 ; 0000 009D // Clock source: System Clock
                 ; 0000 009E // Clock value: Timer1 Stopped
                 ; 0000 009F // Mode: Normal top=0xFFFF
                 ; 0000 00A0 // OC1A output: Disconnected
                 ; 0000 00A1 // OC1B output: Disconnected
                 ; 0000 00A2 // Noise Canceler: Off
                 ; 0000 00A3 // Input Capture on Falling Edge
                 ; 0000 00A4 // Timer1 Overflow Interrupt: Off
                 ; 0000 00A5 // Input Capture Interrupt: Off
                 ; 0000 00A6 // Compare A Match Interrupt: Off
                 ; 0000 00A7 // Compare B Match Interrupt: Off
                 ; 0000 00A8 TCCR1A=(0<<COM1A1) | (0<<COM1A0) | (0<<COM1B1) | (0<<COM1B0) | (0<<WGM11) | (0<<WGM10);
0000a6 bdef      	OUT  0x2F,R30
                 ; 0000 00A9 TCCR1B=(0<<ICNC1) | (0<<ICES1) | (0<<WGM13) | (0<<WGM12) | (0<<CS12) | (0<<CS11) | (0<<CS10);
0000a7 bdee      	OUT  0x2E,R30
                 ; 0000 00AA TCNT1H=0x00;
0000a8 bded      	OUT  0x2D,R30
                 ; 0000 00AB TCNT1L=0x00;
0000a9 bdec      	OUT  0x2C,R30
                 ; 0000 00AC ICR1H=0x00;
0000aa bde7      	OUT  0x27,R30
                 ; 0000 00AD ICR1L=0x00;
0000ab bde6      	OUT  0x26,R30
                 ; 0000 00AE OCR1AH=0x00;
0000ac bdeb      	OUT  0x2B,R30
                 ; 0000 00AF OCR1AL=0x00;
0000ad bdea      	OUT  0x2A,R30
                 ; 0000 00B0 OCR1BH=0x00;
0000ae bde9      	OUT  0x29,R30
                 ; 0000 00B1 OCR1BL=0x00;
0000af bde8      	OUT  0x28,R30
                 ; 0000 00B2 
                 ; 0000 00B3 // Timer/Counter 2 initialization
                 ; 0000 00B4 // Clock source: System Clock
                 ; 0000 00B5 // Clock value: Timer2 Stopped
                 ; 0000 00B6 // Mode: Normal top=0xFF
                 ; 0000 00B7 // OC2 output: Disconnected
                 ; 0000 00B8 ASSR=0<<AS2;
0000b0 bde2      	OUT  0x22,R30
                 ; 0000 00B9 TCCR2=(0<<PWM2) | (0<<COM21) | (0<<COM20) | (0<<CTC2) | (0<<CS22) | (0<<CS21) | (0<<CS20);
0000b1 bde5      	OUT  0x25,R30
                 ; 0000 00BA TCNT2=0x00;
0000b2 bde4      	OUT  0x24,R30
                 ; 0000 00BB OCR2=0x00;
0000b3 bde3      	OUT  0x23,R30
                 ; 0000 00BC 
                 ; 0000 00BD // Timer(s)/Counter(s) Interrupt(s) initialization
                 ; 0000 00BE TIMSK=(0<<OCIE2) | (0<<TOIE2) | (0<<TICIE1) | (0<<OCIE1A) | (0<<OCIE1B) | (0<<TOIE1) | (0<<OCIE0) | (0<<TOIE0);
0000b4 bfe9      	OUT  0x39,R30
                 ; 0000 00BF 
                 ; 0000 00C0 // External Interrupt(s) initialization
                 ; 0000 00C1 // INT0: Off
                 ; 0000 00C2 // INT1: Off
                 ; 0000 00C3 // INT2: Off
                 ; 0000 00C4 MCUCR=(0<<ISC11) | (0<<ISC10) | (0<<ISC01) | (0<<ISC00);
0000b5 bfe5      	OUT  0x35,R30
                 ; 0000 00C5 MCUCSR=(0<<ISC2);
0000b6 bfe4      	OUT  0x34,R30
                 ; 0000 00C6 
                 ; 0000 00C7 // USART initialization
                 ; 0000 00C8 // USART disabled
                 ; 0000 00C9 UCSRB=(0<<RXCIE) | (0<<TXCIE) | (0<<UDRIE) | (0<<RXEN) | (0<<TXEN) | (0<<UCSZ2) | (0<<RXB8) | (0<<TXB8);
0000b7 b9ea      	OUT  0xA,R30
                 ; 0000 00CA 
                 ; 0000 00CB // Analog Comparator initialization
                 ; 0000 00CC // Analog Comparator: Off
                 ; 0000 00CD // The Analog Comparator's positive input is
                 ; 0000 00CE // connected to the AIN0 pin
                 ; 0000 00CF // The Analog Comparator's negative input is
                 ; 0000 00D0 // connected to the AIN1 pin
                 ; 0000 00D1 ACSR=(1<<ACD) | (0<<ACBG) | (0<<ACO) | (0<<ACI) | (0<<ACIE) | (0<<ACIC) | (0<<ACIS1) | (0<<ACIS0);
0000b8 e8e0      	LDI  R30,LOW(128)
0000b9 b9e8      	OUT  0x8,R30
                 ; 0000 00D2 SFIOR=(0<<ACME);
0000ba e0e0      	LDI  R30,LOW(0)
0000bb bfe0      	OUT  0x30,R30
                 ; 0000 00D3 
                 ; 0000 00D4 // ADC initialization
                 ; 0000 00D5 // ADC disabled
                 ; 0000 00D6 ADCSRA=(0<<ADEN) | (0<<ADSC) | (0<<ADATE) | (0<<ADIF) | (0<<ADIE) | (0<<ADPS2) | (0<<ADPS1) | (0<<ADPS0);
0000bc b9e6      	OUT  0x6,R30
                 ; 0000 00D7 
                 ; 0000 00D8 // SPI initialization
                 ; 0000 00D9 // SPI disabled
                 ; 0000 00DA SPCR=(0<<SPIE) | (0<<SPE) | (0<<DORD) | (0<<MSTR) | (0<<CPOL) | (0<<CPHA) | (0<<SPR1) | (0<<SPR0);
0000bd b9ed      	OUT  0xD,R30
                 ; 0000 00DB 
                 ; 0000 00DC // TWI initialization
                 ; 0000 00DD // TWI disabled
                 ; 0000 00DE TWCR=(0<<TWEA) | (0<<TWSTA) | (0<<TWSTO) | (0<<TWEN) | (0<<TWIE);
0000be bfe6      	OUT  0x36,R30
                 ; 0000 00DF 
                 ; 0000 00E0 // Alphanumeric LCD initialization
                 ; 0000 00E1 // Connections are specified in the
                 ; 0000 00E2 // Project|Configure|C Compiler|Libraries|Alphanumeric LCD menu:
                 ; 0000 00E3 // RS - PORTA Bit 0
                 ; 0000 00E4 // RD - PORTA Bit 1
                 ; 0000 00E5 // EN - PORTA Bit 2
                 ; 0000 00E6 // D4 - PORTA Bit 4
                 ; 0000 00E7 // D5 - PORTA Bit 5
                 ; 0000 00E8 // D6 - PORTA Bit 6
                 ; 0000 00E9 // D7 - PORTA Bit 7
                 ; 0000 00EA // Characters/line: 20
                 ; 0000 00EB lcd_init(20);
0000bf e1a4      	LDI  R26,LOW(20)
0000c0 d0da      	RCALL _lcd_init
                 ; 0000 00EC define_char(char0,0);
0000c1 e5e4      	LDI  R30,LOW(_char0*2)
0000c2 e0f0      	LDI  R31,HIGH(_char0*2)
0000c3 93fa      	ST   -Y,R31
0000c4 93ea      	ST   -Y,R30
0000c5 e0a0      	LDI  R26,LOW(0)
0000c6 dfb5      	RCALL _define_char
                 ; 0000 00ED define_char(char1,1);
0000c7 e5ec      	LDI  R30,LOW(_char1*2)
0000c8 e0f0      	LDI  R31,HIGH(_char1*2)
0000c9 93fa      	ST   -Y,R31
0000ca 93ea      	ST   -Y,R30
0000cb e0a1      	LDI  R26,LOW(1)
0000cc dfaf      	RCALL _define_char
                 ; 0000 00EE define_char(char2,2);
0000cd e6e4      	LDI  R30,LOW(_char2*2)
0000ce e0f0      	LDI  R31,HIGH(_char2*2)
0000cf 93fa      	ST   -Y,R31
0000d0 93ea      	ST   -Y,R30
0000d1 e0a2      	LDI  R26,LOW(2)
0000d2 dfa9      	RCALL _define_char
                 ; 0000 00EF define_char(char3,3);
0000d3 e6ec      	LDI  R30,LOW(_char3*2)
0000d4 e0f0      	LDI  R31,HIGH(_char3*2)
0000d5 93fa      	ST   -Y,R31
0000d6 93ea      	ST   -Y,R30
0000d7 e0a3      	LDI  R26,LOW(3)
0000d8 dfa3      	RCALL _define_char
                 ; 0000 00F0 define_char(char4,4);
0000d9 e7e4      	LDI  R30,LOW(_char4*2)
0000da e0f0      	LDI  R31,HIGH(_char4*2)
0000db 93fa      	ST   -Y,R31
0000dc 93ea      	ST   -Y,R30
0000dd e0a4      	LDI  R26,LOW(4)
0000de df9d      	RCALL _define_char
                 ; 0000 00F1 define_char(char5,5);
0000df e7ec      	LDI  R30,LOW(_char5*2)
0000e0 e0f0      	LDI  R31,HIGH(_char5*2)
0000e1 93fa      	ST   -Y,R31
0000e2 93ea      	ST   -Y,R30
0000e3 e0a5      	LDI  R26,LOW(5)
0000e4 df97      	RCALL _define_char
                 ; 0000 00F2 define_char(char6,6);
0000e5 e8e4      	LDI  R30,LOW(_char6*2)
0000e6 e0f0      	LDI  R31,HIGH(_char6*2)
0000e7 93fa      	ST   -Y,R31
0000e8 93ea      	ST   -Y,R30
0000e9 e0a6      	LDI  R26,LOW(6)
0000ea df91      	RCALL _define_char
                 ; 0000 00F3 define_char(char7,7);
0000eb e8ec      	LDI  R30,LOW(_char7*2)
0000ec e0f0      	LDI  R31,HIGH(_char7*2)
0000ed 93fa      	ST   -Y,R31
0000ee 93ea      	ST   -Y,R30
0000ef e0a7      	LDI  R26,LOW(7)
0000f0 df8b      	RCALL _define_char
                 ; 0000 00F4 while (1)
                 _0x6:
                 ; 0000 00F5       {
                 ; 0000 00F6       // Place your code here
                 ; 0000 00F7       if(PINB.1==0)
0000f1 99b1      	SBIC 0x16,1
0000f2 c003      	RJMP _0x9
                 ; 0000 00F8       {
                 ; 0000 00F9        d=50;
0000f3 e3e2      	LDI  R30,LOW(50)
0000f4 e0f0      	LDI  R31,HIGH(50)
0000f5 015f      	MOVW R10,R30
                 ; 0000 00FA       }
                 ; 0000 00FB       if(PINB.1==1)
                 _0x9:
0000f6 9bb1      	SBIS 0x16,1
0000f7 c003      	RJMP _0xA
                 ; 0000 00FC       {
                 ; 0000 00FD        d=25;
0000f8 e1e9      	LDI  R30,LOW(25)
0000f9 e0f0      	LDI  R31,HIGH(25)
0000fa 015f      	MOVW R10,R30
                 ; 0000 00FE       }
                 ; 0000 00FF       if(PINB.0==1)
                 _0xA:
0000fb 9bb0      	SBIS 0x16,0
0000fc c022      	RJMP _0xB
                 ; 0000 0100       {
                 ; 0000 0101       for(i=0; i<20; i++)
0000fd 2444      	CLR  R4
0000fe 2455      	CLR  R5
                 _0xD:
0000ff e1e4      	LDI  R30,LOW(20)
000100 e0f0      	LDI  R31,HIGH(20)
000101 164e      	CP   R4,R30
000102 065f      	CPC  R5,R31
000103 f4dc      	BRGE _0xE
                 ; 0000 0102       {
                 ; 0000 0103        for(j=0; j<2; j++)
000104 2466      	CLR  R6
000105 2477      	CLR  R7
                 _0x10:
000106 e0e2      	LDI  R30,LOW(2)
000107 e0f0      	LDI  R31,HIGH(2)
000108 166e      	CP   R6,R30
000109 067f      	CPC  R7,R31
00010a f484      	BRGE _0x11
                 ; 0000 0104        {
                 ; 0000 0105         for(k=0 ; k<8; k++)
00010b 2488      	CLR  R8
00010c 2499      	CLR  R9
                 _0x13:
00010d e0e8      	LDI  R30,LOW(8)
00010e e0f0      	LDI  R31,HIGH(8)
00010f 168e      	CP   R8,R30
000110 069f      	CPC  R9,R31
000111 f42c      	BRGE _0x14
                 ; 0000 0106         {
                 ; 0000 0107           lcd_gotoxy(i,j);
000112 d0b4      	RCALL SUBOPT_0x0
                 ; 0000 0108           lcd_putchar(k);
                 ; 0000 0109           delay_ms(d);
                 ; 0000 010A         }
000113 01f4      	MOVW R30,R8
000114 9631      	ADIW R30,1
000115 014f      	MOVW R8,R30
000116 cff6      	RJMP _0x13
                 _0x14:
                 ; 0000 010B         }
000117 01f3      	MOVW R30,R6
000118 9631      	ADIW R30,1
000119 013f      	MOVW R6,R30
00011a cfeb      	RJMP _0x10
                 _0x11:
                 ; 0000 010C       }
00011b 01f2      	MOVW R30,R4
00011c 9631      	ADIW R30,1
00011d 012f      	MOVW R4,R30
00011e cfe0      	RJMP _0xD
                 _0xE:
                 ; 0000 010D       }
                 ; 0000 010E       if(PINB.0==0)
                 _0xB:
00011f 99b0      	SBIC 0x16,0
000120 c023      	RJMP _0x15
                 ; 0000 010F       {
                 ; 0000 0110       for(i=19; i>-1; i--)
000121 e1e3      	LDI  R30,LOW(19)
000122 e0f0      	LDI  R31,HIGH(19)
000123 012f      	MOVW R4,R30
                 _0x17:
000124 efef      	LDI  R30,LOW(65535)
000125 efff      	LDI  R31,HIGH(65535)
000126 15e4      	CP   R30,R4
000127 05f5      	CPC  R31,R5
000128 f4dc      	BRGE _0x18
                 ; 0000 0111       {
                 ; 0000 0112        for(j=0; j<2; j++)
000129 2466      	CLR  R6
00012a 2477      	CLR  R7
                 _0x1A:
00012b e0e2      	LDI  R30,LOW(2)
00012c e0f0      	LDI  R31,HIGH(2)
00012d 166e      	CP   R6,R30
00012e 067f      	CPC  R7,R31
00012f f484      	BRGE _0x1B
                 ; 0000 0113        {
                 ; 0000 0114         for(k=0 ; k<8; k++)
000130 2488      	CLR  R8
000131 2499      	CLR  R9
                 _0x1D:
000132 e0e8      	LDI  R30,LOW(8)
000133 e0f0      	LDI  R31,HIGH(8)
000134 168e      	CP   R8,R30
000135 069f      	CPC  R9,R31
000136 f42c      	BRGE _0x1E
                 ; 0000 0115         {
                 ; 0000 0116           lcd_gotoxy(i,j);
000137 d08f      	RCALL SUBOPT_0x0
                 ; 0000 0117           lcd_putchar(k);
                 ; 0000 0118           delay_ms(d);
                 ; 0000 0119         }
000138 01f4      	MOVW R30,R8
000139 9631      	ADIW R30,1
00013a 014f      	MOVW R8,R30
00013b cff6      	RJMP _0x1D
                 _0x1E:
                 ; 0000 011A         }
00013c 01f3      	MOVW R30,R6
00013d 9631      	ADIW R30,1
00013e 013f      	MOVW R6,R30
00013f cfeb      	RJMP _0x1A
                 _0x1B:
                 ; 0000 011B       }
000140 01f2      	MOVW R30,R4
000141 9731      	SBIW R30,1
000142 012f      	MOVW R4,R30
000143 cfe0      	RJMP _0x17
                 _0x18:
                 ; 0000 011C       }
                 ; 0000 011D       }
                 _0x15:
000144 cfac      	RJMP _0x6
                 ; 0000 011E }
                 _0x1F:
000145 cfff      	RJMP _0x1F
                 ; .FEND
                 	#ifndef __SLEEP_DEFINED__
                 	#endif
                 
                 	.DSEG
                 
                 	.CSEG
                 __lcd_write_nibble_G100:
                 ; .FSTART __lcd_write_nibble_G100
000146 93aa      	ST   -Y,R26
000147 b3eb      	IN   R30,0x1B
000148 70ef      	ANDI R30,LOW(0xF)
000149 2fae      	MOV  R26,R30
00014a 81e8      	LD   R30,Y
00014b 7fe0      	ANDI R30,LOW(0xF0)
00014c 2bea      	OR   R30,R26
00014d bbeb      	OUT  0x1B,R30
                +
00014e e08d     +LDI R24 , LOW ( 13 )
                +__DELAY_USB_LOOP :
00014f 958a     +DEC R24
000150 f7f1     +BRNE __DELAY_USB_LOOP
                 	__DELAY_USB 13
000151 9ada      	SBI  0x1B,2
                +
000152 e08d     +LDI R24 , LOW ( 13 )
                +__DELAY_USB_LOOP :
000153 958a     +DEC R24
000154 f7f1     +BRNE __DELAY_USB_LOOP
                 	__DELAY_USB 13
000155 98da      	CBI  0x1B,2
                +
000156 e08d     +LDI R24 , LOW ( 13 )
                +__DELAY_USB_LOOP :
000157 958a     +DEC R24
000158 f7f1     +BRNE __DELAY_USB_LOOP
                 	__DELAY_USB 13
000159 c06b      	RJMP _0x2020001
                 ; .FEND
                 __lcd_write_data:
                 ; .FSTART __lcd_write_data
00015a 93aa      	ST   -Y,R26
00015b 81a8      	LD   R26,Y
00015c dfe9      	RCALL __lcd_write_nibble_G100
00015d 81e8          ld    r30,y
00015e 95e2          swap  r30
00015f 83e8          st    y,r30
000160 81a8      	LD   R26,Y
000161 dfe4      	RCALL __lcd_write_nibble_G100
                +
000162 e885     +LDI R24 , LOW ( 133 )
                +__DELAY_USB_LOOP :
000163 958a     +DEC R24
000164 f7f1     +BRNE __DELAY_USB_LOOP
                 	__DELAY_USB 133
000165 c05f      	RJMP _0x2020001
                 ; .FEND
                 _lcd_write_byte:
                 ; .FSTART _lcd_write_byte
000166 93aa      	ST   -Y,R26
000167 81a9      	LDD  R26,Y+1
000168 dff1      	RCALL __lcd_write_data
000169 9ad8      	SBI  0x1B,0
00016a 81a8      	LD   R26,Y
00016b dfee      	RCALL __lcd_write_data
00016c 98d8      	CBI  0x1B,0
00016d c00b      	RJMP _0x2020002
                 ; .FEND
                 _lcd_gotoxy:
                 ; .FSTART _lcd_gotoxy
00016e 93aa      	ST   -Y,R26
00016f 81e8      	LD   R30,Y
000170 e0f0      	LDI  R31,0
000171 5ae0      	SUBI R30,LOW(-__base_y_G100)
000172 4ffe      	SBCI R31,HIGH(-__base_y_G100)
000173 81e0      	LD   R30,Z
000174 81a9      	LDD  R26,Y+1
000175 0fae      	ADD  R26,R30
000176 dfe3      	RCALL __lcd_write_data
000177 80d9      	LDD  R13,Y+1
000178 80c8      	LDD  R12,Y+0
                 _0x2020002:
000179 9622      	ADIW R28,2
00017a 9508      	RET
                 ; .FEND
                 _lcd_clear:
                 ; .FSTART _lcd_clear
00017b e0a2      	LDI  R26,LOW(2)
00017c d052      	RCALL SUBOPT_0x1
00017d e0ac      	LDI  R26,LOW(12)
00017e dfdb      	RCALL __lcd_write_data
00017f e0a1      	LDI  R26,LOW(1)
000180 d04e      	RCALL SUBOPT_0x1
000181 e0e0      	LDI  R30,LOW(0)
000182 2ece      	MOV  R12,R30
000183 2ede      	MOV  R13,R30
000184 9508      	RET
                 ; .FEND
                 _lcd_putchar:
                 ; .FSTART _lcd_putchar
000185 93aa      	ST   -Y,R26
000186 81a8      	LD   R26,Y
000187 30aa      	CPI  R26,LOW(0xA)
000188 f021      	BREQ _0x2000005
000189 91e0 0164 	LDS  R30,__lcd_maxx
00018b 16de      	CP   R13,R30
00018c f040      	BRLO _0x2000004
                 _0x2000005:
00018d e0e0      	LDI  R30,LOW(0)
00018e 93ea      	ST   -Y,R30
00018f 94c3      	INC  R12
000190 2dac      	MOV  R26,R12
000191 dfdc      	RCALL _lcd_gotoxy
000192 81a8      	LD   R26,Y
000193 30aa      	CPI  R26,LOW(0xA)
000194 f181      	BREQ _0x2020001
                 _0x2000004:
000195 94d3      	INC  R13
000196 9ad8      	SBI  0x1B,0
000197 81a8      	LD   R26,Y
000198 dfc1      	RCALL __lcd_write_data
000199 98d8      	CBI  0x1B,0
00019a c02a      	RJMP _0x2020001
                 ; .FEND
                 _lcd_init:
                 ; .FSTART _lcd_init
00019b 93aa      	ST   -Y,R26
00019c b3ea      	IN   R30,0x1A
00019d 6fe0      	ORI  R30,LOW(0xF0)
00019e bbea      	OUT  0x1A,R30
00019f 9ad2      	SBI  0x1A,2
0001a0 9ad0      	SBI  0x1A,0
0001a1 9ad1      	SBI  0x1A,1
0001a2 98da      	CBI  0x1B,2
0001a3 98d8      	CBI  0x1B,0
0001a4 98d9      	CBI  0x1B,1
0001a5 81e8      	LD   R30,Y
0001a6 93e0 0164 	STS  __lcd_maxx,R30
0001a8 58e0      	SUBI R30,-LOW(128)
                +
0001a9 93e0 0162+STS __base_y_G100 + ( 2 ) , R30
                 	__PUTB1MN __base_y_G100,2
0001ab 81e8      	LD   R30,Y
0001ac 54e0      	SUBI R30,-LOW(192)
                +
0001ad 93e0 0163+STS __base_y_G100 + ( 3 ) , R30
                 	__PUTB1MN __base_y_G100,3
0001af e1a4      	LDI  R26,LOW(20)
0001b0 e0b0      	LDI  R27,0
0001b1 940e 01db 	CALL _delay_ms
0001b3 d020      	RCALL SUBOPT_0x2
0001b4 d01f      	RCALL SUBOPT_0x2
0001b5 d01e      	RCALL SUBOPT_0x2
0001b6 e2a0      	LDI  R26,LOW(32)
0001b7 df8e      	RCALL __lcd_write_nibble_G100
                +
0001b8 ec88     +LDI R24 , LOW ( 200 )
0001b9 e090     +LDI R25 , HIGH ( 200 )
                +__DELAY_USW_LOOP :
0001ba 9701     +SBIW R24 , 1
0001bb f7f1     +BRNE __DELAY_USW_LOOP
                 	__DELAY_USW 200
0001bc e2a8      	LDI  R26,LOW(40)
0001bd df9c      	RCALL __lcd_write_data
0001be e0a4      	LDI  R26,LOW(4)
0001bf df9a      	RCALL __lcd_write_data
0001c0 e8a5      	LDI  R26,LOW(133)
0001c1 df98      	RCALL __lcd_write_data
0001c2 e0a6      	LDI  R26,LOW(6)
0001c3 df96      	RCALL __lcd_write_data
0001c4 dfb6      	RCALL _lcd_clear
                 _0x2020001:
0001c5 9621      	ADIW R28,1
0001c6 9508      	RET
                 ; .FEND
                 
                 	.DSEG
                 __base_y_G100:
000160           	.BYTE 0x4
                 __lcd_maxx:
000164           	.BYTE 0x1
                 
                 	.CSEG
                 ;OPTIMIZER ADDED SUBROUTINE, CALLED 2 TIMES, CODE SIZE REDUCTION:5 WORDS
                 SUBOPT_0x0:
0001c7 924a      	ST   -Y,R4
0001c8 2da6      	MOV  R26,R6
0001c9 dfa4      	RCALL _lcd_gotoxy
0001ca 2da8      	MOV  R26,R8
0001cb dfb9      	RCALL _lcd_putchar
0001cc 01d5      	MOVW R26,R10
0001cd 940c 01db 	JMP  _delay_ms
                 
                 ;OPTIMIZER ADDED SUBROUTINE, CALLED 2 TIMES, CODE SIZE REDUCTION:1 WORDS
                 SUBOPT_0x1:
0001cf df8a      	RCALL __lcd_write_data
0001d0 e0a3      	LDI  R26,LOW(3)
0001d1 e0b0      	LDI  R27,0
0001d2 940c 01db 	JMP  _delay_ms
                 
                 ;OPTIMIZER ADDED SUBROUTINE, CALLED 3 TIMES, CODE SIZE REDUCTION:7 WORDS
                 SUBOPT_0x2:
0001d4 e3a0      	LDI  R26,LOW(48)
0001d5 df70      	RCALL __lcd_write_nibble_G100
                +
0001d6 ec88     +LDI R24 , LOW ( 200 )
0001d7 e090     +LDI R25 , HIGH ( 200 )
                +__DELAY_USW_LOOP :
0001d8 9701     +SBIW R24 , 1
0001d9 f7f1     +BRNE __DELAY_USW_LOOP
                 	__DELAY_USW 200
0001da 9508      	RET
                 
                 
                 	.CSEG
                 _delay_ms:
0001db 9610      	adiw r26,0
0001dc f039      	breq __delay_ms1
                 __delay_ms0:
                +
0001dd ed80     +LDI R24 , LOW ( 0x7D0 )
0001de e097     +LDI R25 , HIGH ( 0x7D0 )
                +__DELAY_USW_LOOP :
0001df 9701     +SBIW R24 , 1
0001e0 f7f1     +BRNE __DELAY_USW_LOOP
                 	__DELAY_USW 0x7D0
0001e1 95a8      	wdr
0001e2 9711      	sbiw r26,1
0001e3 f7c9      	brne __delay_ms0
                 __delay_ms1:
0001e4 9508      	ret
                 
                 ;END OF CODE MARKER
                 __END_OF_CODE:


RESOURCE USE INFORMATION
------------------------

Notice:
The register and instruction counts are symbol table hit counts,
and hence implicitly used resources are not counted, eg, the
'lpm' instruction without operands implicitly uses r0 and z,
none of which are counted.

x,y,z are separate entities in the symbol table and are
counted separately from r26..r31 here.

.dseg memory usage only counts static data declared with .byte

ATmega16 register use summary:
r0 :   4 r1 :   1 r2 :   0 r3 :   0 r4 :   9 r5 :   3 r6 :   9 r7 :   4 
r8 :   9 r9 :   4 r10:   3 r11:   0 r12:   4 r13:   4 r14:   0 r15:   0 
r16:   5 r17:   5 r18:   0 r19:   0 r20:   0 r21:   0 r22:   2 r23:   0 
r24:  21 r25:   5 r26:  50 r27:   4 r28:   4 r29:   1 r30: 146 r31:  38 
x  :   3 y  :  51 z  :   9 
Registers used: 25 out of 35 (71.4%)

ATmega16 instruction use summary:
.lds  :   0 .lds.l:   0 .sts  :   0 .sts.l:   0 adc   :   0 add   :   1 
adiw  :  10 and   :   0 andi  :   2 asr   :   0 bclr  :   0 bld   :   0 
brbc  :   0 brbs  :   0 brcc  :   0 brcs  :   0 break :   0 breq  :   4 
brge  :   6 brhc  :   0 brhs  :   0 brid  :   0 brie  :   0 brlo  :   1 
brlt  :   0 brmi  :   0 brne  :  11 brpl  :   0 brsh  :   1 brtc  :   0 
brts  :   0 brvc  :   0 brvs  :   0 bset  :   0 bst   :   0 call  :   1 
cbi   :   6 cbr   :   0 clc   :   0 clh   :   0 cli   :   1 cln   :   0 
clr   :  12 cls   :   0 clt   :   0 clv   :   0 clz   :   0 com   :   0 
cp    :   7 cpc   :   6 cpi   :   3 cpse  :   0 dec   :   5 des   :   0 
eor   :   0 fmul  :   0 fmuls :   0 fmulsu:   0 icall :   0 ijmp  :   0 
in    :   2 inc   :   3 jmp   :  24 ld    :  12 ldd   :   9 ldi   :  87 
lds   :   1 lpm   :   9 lsl   :   3 lsr   :   0 mov   :   7 movw  :  19 
mul   :   0 muls  :   0 mulsu :   0 neg   :   0 nop   :   0 or    :   1 
ori   :   2 out   :  42 pop   :   0 push  :   0 rcall :  35 ret   :   6 
reti  :   0 rjmp  :  18 rol   :   0 ror   :   0 sbc   :   0 sbci  :   1 
sbi   :   6 sbic  :   2 sbis  :   2 sbiw  :   9 sbr   :   0 sbrc  :   0 
sbrs  :   0 sec   :   0 seh   :   0 sei   :   0 sen   :   0 ser   :   0 
ses   :   0 set   :   0 sev   :   0 sez   :   0 sleep :   0 spm   :   0 
st    :  32 std   :   2 sts   :   3 sub   :   0 subi  :   4 swap  :   1 
tst   :   0 wdr   :   1 
Instructions used: 44 out of 116 (37.9%)

ATmega16 memory use summary [bytes]:
Segment   Begin    End      Code   Data   Used    Size   Use%
---------------------------------------------------------------
[.cseg] 0x000000 0x0003ca    896     74    970   16384   5.9%
[.dseg] 0x000060 0x000165      0      5      5    1024   0.5%
[.eseg] 0x000000 0x000000      0      0      0     512   0.0%

Assembly complete, 0 errors, 10 warnings
